ARM GAS  C:\Users\Lamp\AppData\Local\Temp\ccO2W21r.s 			page 1


   1              		.cpu cortex-m4
   2              		.arch armv7e-m
   3              		.fpu fpv4-sp-d16
   4              		.eabi_attribute 27, 1
   5              		.eabi_attribute 28, 1
   6              		.eabi_attribute 20, 1
   7              		.eabi_attribute 21, 1
   8              		.eabi_attribute 23, 3
   9              		.eabi_attribute 24, 1
  10              		.eabi_attribute 25, 1
  11              		.eabi_attribute 26, 1
  12              		.eabi_attribute 30, 1
  13              		.eabi_attribute 34, 1
  14              		.eabi_attribute 18, 4
  15              		.file	"arm_sqrt_q15.c"
  16              		.text
  17              	.Ltext0:
  18              		.cfi_sections	.debug_frame
  19              		.file 1 "Drivers/CMSIS/DSP/Source/FastMathFunctions/arm_sqrt_q15.c"
  20              		.section	.text.arm_sqrt_q15,"ax",%progbits
  21              		.align	1
  22              		.global	arm_sqrt_q15
  23              		.syntax unified
  24              		.thumb
  25              		.thumb_func
  27              	arm_sqrt_q15:
  28              	.LVL0:
  29              	.LFB139:
   1:Drivers/CMSIS/DSP/Source/FastMathFunctions/arm_sqrt_q15.c **** /* ----------------------------------------------------------------------
   2:Drivers/CMSIS/DSP/Source/FastMathFunctions/arm_sqrt_q15.c ****  * Project:      CMSIS DSP Library
   3:Drivers/CMSIS/DSP/Source/FastMathFunctions/arm_sqrt_q15.c ****  * Title:        arm_sqrt_q15.c
   4:Drivers/CMSIS/DSP/Source/FastMathFunctions/arm_sqrt_q15.c ****  * Description:  Q15 square root function
   5:Drivers/CMSIS/DSP/Source/FastMathFunctions/arm_sqrt_q15.c ****  *
   6:Drivers/CMSIS/DSP/Source/FastMathFunctions/arm_sqrt_q15.c ****  * $Date:        27. January 2017
   7:Drivers/CMSIS/DSP/Source/FastMathFunctions/arm_sqrt_q15.c ****  * $Revision:    V.1.5.1
   8:Drivers/CMSIS/DSP/Source/FastMathFunctions/arm_sqrt_q15.c ****  *
   9:Drivers/CMSIS/DSP/Source/FastMathFunctions/arm_sqrt_q15.c ****  * Target Processor: Cortex-M cores
  10:Drivers/CMSIS/DSP/Source/FastMathFunctions/arm_sqrt_q15.c ****  * -------------------------------------------------------------------- */
  11:Drivers/CMSIS/DSP/Source/FastMathFunctions/arm_sqrt_q15.c **** /*
  12:Drivers/CMSIS/DSP/Source/FastMathFunctions/arm_sqrt_q15.c ****  * Copyright (C) 2010-2017 ARM Limited or its affiliates. All rights reserved.
  13:Drivers/CMSIS/DSP/Source/FastMathFunctions/arm_sqrt_q15.c ****  *
  14:Drivers/CMSIS/DSP/Source/FastMathFunctions/arm_sqrt_q15.c ****  * SPDX-License-Identifier: Apache-2.0
  15:Drivers/CMSIS/DSP/Source/FastMathFunctions/arm_sqrt_q15.c ****  *
  16:Drivers/CMSIS/DSP/Source/FastMathFunctions/arm_sqrt_q15.c ****  * Licensed under the Apache License, Version 2.0 (the License); you may
  17:Drivers/CMSIS/DSP/Source/FastMathFunctions/arm_sqrt_q15.c ****  * not use this file except in compliance with the License.
  18:Drivers/CMSIS/DSP/Source/FastMathFunctions/arm_sqrt_q15.c ****  * You may obtain a copy of the License at
  19:Drivers/CMSIS/DSP/Source/FastMathFunctions/arm_sqrt_q15.c ****  *
  20:Drivers/CMSIS/DSP/Source/FastMathFunctions/arm_sqrt_q15.c ****  * www.apache.org/licenses/LICENSE-2.0
  21:Drivers/CMSIS/DSP/Source/FastMathFunctions/arm_sqrt_q15.c ****  *
  22:Drivers/CMSIS/DSP/Source/FastMathFunctions/arm_sqrt_q15.c ****  * Unless required by applicable law or agreed to in writing, software
  23:Drivers/CMSIS/DSP/Source/FastMathFunctions/arm_sqrt_q15.c ****  * distributed under the License is distributed on an AS IS BASIS, WITHOUT
  24:Drivers/CMSIS/DSP/Source/FastMathFunctions/arm_sqrt_q15.c ****  * WARRANTIES OR CONDITIONS OF ANY KIND, either express or implied.
  25:Drivers/CMSIS/DSP/Source/FastMathFunctions/arm_sqrt_q15.c ****  * See the License for the specific language governing permissions and
  26:Drivers/CMSIS/DSP/Source/FastMathFunctions/arm_sqrt_q15.c ****  * limitations under the License.
  27:Drivers/CMSIS/DSP/Source/FastMathFunctions/arm_sqrt_q15.c ****  */
  28:Drivers/CMSIS/DSP/Source/FastMathFunctions/arm_sqrt_q15.c **** 
  29:Drivers/CMSIS/DSP/Source/FastMathFunctions/arm_sqrt_q15.c **** #include "arm_math.h"
ARM GAS  C:\Users\Lamp\AppData\Local\Temp\ccO2W21r.s 			page 2


  30:Drivers/CMSIS/DSP/Source/FastMathFunctions/arm_sqrt_q15.c **** #include "arm_common_tables.h"
  31:Drivers/CMSIS/DSP/Source/FastMathFunctions/arm_sqrt_q15.c **** 
  32:Drivers/CMSIS/DSP/Source/FastMathFunctions/arm_sqrt_q15.c **** 
  33:Drivers/CMSIS/DSP/Source/FastMathFunctions/arm_sqrt_q15.c **** /**
  34:Drivers/CMSIS/DSP/Source/FastMathFunctions/arm_sqrt_q15.c ****  * @ingroup groupFastMath
  35:Drivers/CMSIS/DSP/Source/FastMathFunctions/arm_sqrt_q15.c ****  */
  36:Drivers/CMSIS/DSP/Source/FastMathFunctions/arm_sqrt_q15.c **** 
  37:Drivers/CMSIS/DSP/Source/FastMathFunctions/arm_sqrt_q15.c **** /**
  38:Drivers/CMSIS/DSP/Source/FastMathFunctions/arm_sqrt_q15.c ****  * @addtogroup SQRT
  39:Drivers/CMSIS/DSP/Source/FastMathFunctions/arm_sqrt_q15.c ****  * @{
  40:Drivers/CMSIS/DSP/Source/FastMathFunctions/arm_sqrt_q15.c ****  */
  41:Drivers/CMSIS/DSP/Source/FastMathFunctions/arm_sqrt_q15.c **** 
  42:Drivers/CMSIS/DSP/Source/FastMathFunctions/arm_sqrt_q15.c ****   /**
  43:Drivers/CMSIS/DSP/Source/FastMathFunctions/arm_sqrt_q15.c ****    * @brief  Q15 square root function.
  44:Drivers/CMSIS/DSP/Source/FastMathFunctions/arm_sqrt_q15.c ****    * @param[in]   in     input value.  The range of the input value is [0 +1) or 0x0000 to 0x7FFF.
  45:Drivers/CMSIS/DSP/Source/FastMathFunctions/arm_sqrt_q15.c ****    * @param[out]  *pOut  square root of input value.
  46:Drivers/CMSIS/DSP/Source/FastMathFunctions/arm_sqrt_q15.c ****    * @return The function returns ARM_MATH_SUCCESS if the input value is positive
  47:Drivers/CMSIS/DSP/Source/FastMathFunctions/arm_sqrt_q15.c ****    * and ARM_MATH_ARGUMENT_ERROR if the input is negative.  For
  48:Drivers/CMSIS/DSP/Source/FastMathFunctions/arm_sqrt_q15.c ****    * negative inputs, the function returns *pOut = 0.
  49:Drivers/CMSIS/DSP/Source/FastMathFunctions/arm_sqrt_q15.c ****    */
  50:Drivers/CMSIS/DSP/Source/FastMathFunctions/arm_sqrt_q15.c **** 
  51:Drivers/CMSIS/DSP/Source/FastMathFunctions/arm_sqrt_q15.c **** arm_status arm_sqrt_q15(
  52:Drivers/CMSIS/DSP/Source/FastMathFunctions/arm_sqrt_q15.c ****   q15_t in,
  53:Drivers/CMSIS/DSP/Source/FastMathFunctions/arm_sqrt_q15.c ****   q15_t * pOut)
  54:Drivers/CMSIS/DSP/Source/FastMathFunctions/arm_sqrt_q15.c **** {
  30              		.loc 1 54 1 view -0
  31              		.cfi_startproc
  32              		@ args = 0, pretend = 0, frame = 0
  33              		@ frame_needed = 0, uses_anonymous_args = 0
  55:Drivers/CMSIS/DSP/Source/FastMathFunctions/arm_sqrt_q15.c ****   q15_t number, temp1, var1, signBits1, half;
  34              		.loc 1 55 3 view .LVU1
  56:Drivers/CMSIS/DSP/Source/FastMathFunctions/arm_sqrt_q15.c ****   q31_t bits_val1;
  35              		.loc 1 56 3 view .LVU2
  57:Drivers/CMSIS/DSP/Source/FastMathFunctions/arm_sqrt_q15.c ****   float32_t temp_float1;
  36              		.loc 1 57 3 view .LVU3
  58:Drivers/CMSIS/DSP/Source/FastMathFunctions/arm_sqrt_q15.c ****   union
  37              		.loc 1 58 3 view .LVU4
  59:Drivers/CMSIS/DSP/Source/FastMathFunctions/arm_sqrt_q15.c ****   {
  60:Drivers/CMSIS/DSP/Source/FastMathFunctions/arm_sqrt_q15.c ****     q31_t fracval;
  61:Drivers/CMSIS/DSP/Source/FastMathFunctions/arm_sqrt_q15.c ****     float32_t floatval;
  62:Drivers/CMSIS/DSP/Source/FastMathFunctions/arm_sqrt_q15.c ****   } tempconv;
  63:Drivers/CMSIS/DSP/Source/FastMathFunctions/arm_sqrt_q15.c **** 
  64:Drivers/CMSIS/DSP/Source/FastMathFunctions/arm_sqrt_q15.c ****   number = in;
  38              		.loc 1 64 3 view .LVU5
  65:Drivers/CMSIS/DSP/Source/FastMathFunctions/arm_sqrt_q15.c **** 
  66:Drivers/CMSIS/DSP/Source/FastMathFunctions/arm_sqrt_q15.c ****   /* If the input is a positive number then compute the signBits. */
  67:Drivers/CMSIS/DSP/Source/FastMathFunctions/arm_sqrt_q15.c ****   if (number > 0)
  39              		.loc 1 67 3 view .LVU6
  40              		.loc 1 67 6 is_stmt 0 view .LVU7
  41 0000 0028     		cmp	r0, #0
  42              	.LVL1:
  43              		.loc 1 67 6 view .LVU8
  44 0002 67DD     		ble	.L2
  54:Drivers/CMSIS/DSP/Source/FastMathFunctions/arm_sqrt_q15.c ****   q15_t number, temp1, var1, signBits1, half;
  45              		.loc 1 54 1 view .LVU9
  46 0004 10B5     		push	{r4, lr}
  47              	.LCFI0:
ARM GAS  C:\Users\Lamp\AppData\Local\Temp\ccO2W21r.s 			page 3


  48              		.cfi_def_cfa_offset 8
  49              		.cfi_offset 4, -8
  50              		.cfi_offset 14, -4
  68:Drivers/CMSIS/DSP/Source/FastMathFunctions/arm_sqrt_q15.c ****   {
  69:Drivers/CMSIS/DSP/Source/FastMathFunctions/arm_sqrt_q15.c ****     signBits1 = __CLZ(number) - 17;
  51              		.loc 1 69 5 is_stmt 1 view .LVU10
  52              	.LVL2:
  53              	.LBB4:
  54              	.LBI4:
  55              		.file 2 "Drivers/CMSIS/Include/cmsis_gcc.h"
   1:Drivers/CMSIS/Include/cmsis_gcc.h **** /**************************************************************************//**
   2:Drivers/CMSIS/Include/cmsis_gcc.h ****  * @file     cmsis_gcc.h
   3:Drivers/CMSIS/Include/cmsis_gcc.h ****  * @brief    CMSIS compiler GCC header file
   4:Drivers/CMSIS/Include/cmsis_gcc.h ****  * @version  V5.4.1
   5:Drivers/CMSIS/Include/cmsis_gcc.h ****  * @date     27. May 2021
   6:Drivers/CMSIS/Include/cmsis_gcc.h ****  ******************************************************************************/
   7:Drivers/CMSIS/Include/cmsis_gcc.h **** /*
   8:Drivers/CMSIS/Include/cmsis_gcc.h ****  * Copyright (c) 2009-2021 Arm Limited. All rights reserved.
   9:Drivers/CMSIS/Include/cmsis_gcc.h ****  *
  10:Drivers/CMSIS/Include/cmsis_gcc.h ****  * SPDX-License-Identifier: Apache-2.0
  11:Drivers/CMSIS/Include/cmsis_gcc.h ****  *
  12:Drivers/CMSIS/Include/cmsis_gcc.h ****  * Licensed under the Apache License, Version 2.0 (the License); you may
  13:Drivers/CMSIS/Include/cmsis_gcc.h ****  * not use this file except in compliance with the License.
  14:Drivers/CMSIS/Include/cmsis_gcc.h ****  * You may obtain a copy of the License at
  15:Drivers/CMSIS/Include/cmsis_gcc.h ****  *
  16:Drivers/CMSIS/Include/cmsis_gcc.h ****  * www.apache.org/licenses/LICENSE-2.0
  17:Drivers/CMSIS/Include/cmsis_gcc.h ****  *
  18:Drivers/CMSIS/Include/cmsis_gcc.h ****  * Unless required by applicable law or agreed to in writing, software
  19:Drivers/CMSIS/Include/cmsis_gcc.h ****  * distributed under the License is distributed on an AS IS BASIS, WITHOUT
  20:Drivers/CMSIS/Include/cmsis_gcc.h ****  * WARRANTIES OR CONDITIONS OF ANY KIND, either express or implied.
  21:Drivers/CMSIS/Include/cmsis_gcc.h ****  * See the License for the specific language governing permissions and
  22:Drivers/CMSIS/Include/cmsis_gcc.h ****  * limitations under the License.
  23:Drivers/CMSIS/Include/cmsis_gcc.h ****  */
  24:Drivers/CMSIS/Include/cmsis_gcc.h **** 
  25:Drivers/CMSIS/Include/cmsis_gcc.h **** #ifndef __CMSIS_GCC_H
  26:Drivers/CMSIS/Include/cmsis_gcc.h **** #define __CMSIS_GCC_H
  27:Drivers/CMSIS/Include/cmsis_gcc.h **** 
  28:Drivers/CMSIS/Include/cmsis_gcc.h **** /* ignore some GCC warnings */
  29:Drivers/CMSIS/Include/cmsis_gcc.h **** #pragma GCC diagnostic push
  30:Drivers/CMSIS/Include/cmsis_gcc.h **** #pragma GCC diagnostic ignored "-Wsign-conversion"
  31:Drivers/CMSIS/Include/cmsis_gcc.h **** #pragma GCC diagnostic ignored "-Wconversion"
  32:Drivers/CMSIS/Include/cmsis_gcc.h **** #pragma GCC diagnostic ignored "-Wunused-parameter"
  33:Drivers/CMSIS/Include/cmsis_gcc.h **** 
  34:Drivers/CMSIS/Include/cmsis_gcc.h **** /* Fallback for __has_builtin */
  35:Drivers/CMSIS/Include/cmsis_gcc.h **** #ifndef __has_builtin
  36:Drivers/CMSIS/Include/cmsis_gcc.h ****   #define __has_builtin(x) (0)
  37:Drivers/CMSIS/Include/cmsis_gcc.h **** #endif
  38:Drivers/CMSIS/Include/cmsis_gcc.h **** 
  39:Drivers/CMSIS/Include/cmsis_gcc.h **** /* CMSIS compiler specific defines */
  40:Drivers/CMSIS/Include/cmsis_gcc.h **** #ifndef   __ASM
  41:Drivers/CMSIS/Include/cmsis_gcc.h ****   #define __ASM                                  __asm
  42:Drivers/CMSIS/Include/cmsis_gcc.h **** #endif
  43:Drivers/CMSIS/Include/cmsis_gcc.h **** #ifndef   __INLINE
  44:Drivers/CMSIS/Include/cmsis_gcc.h ****   #define __INLINE                               inline
  45:Drivers/CMSIS/Include/cmsis_gcc.h **** #endif
  46:Drivers/CMSIS/Include/cmsis_gcc.h **** #ifndef   __STATIC_INLINE
  47:Drivers/CMSIS/Include/cmsis_gcc.h ****   #define __STATIC_INLINE                        static inline
ARM GAS  C:\Users\Lamp\AppData\Local\Temp\ccO2W21r.s 			page 4


  48:Drivers/CMSIS/Include/cmsis_gcc.h **** #endif
  49:Drivers/CMSIS/Include/cmsis_gcc.h **** #ifndef   __STATIC_FORCEINLINE
  50:Drivers/CMSIS/Include/cmsis_gcc.h ****   #define __STATIC_FORCEINLINE                   __attribute__((always_inline)) static inline
  51:Drivers/CMSIS/Include/cmsis_gcc.h **** #endif
  52:Drivers/CMSIS/Include/cmsis_gcc.h **** #ifndef   __NO_RETURN
  53:Drivers/CMSIS/Include/cmsis_gcc.h ****   #define __NO_RETURN                            __attribute__((__noreturn__))
  54:Drivers/CMSIS/Include/cmsis_gcc.h **** #endif
  55:Drivers/CMSIS/Include/cmsis_gcc.h **** #ifndef   __USED
  56:Drivers/CMSIS/Include/cmsis_gcc.h ****   #define __USED                                 __attribute__((used))
  57:Drivers/CMSIS/Include/cmsis_gcc.h **** #endif
  58:Drivers/CMSIS/Include/cmsis_gcc.h **** #ifndef   __WEAK
  59:Drivers/CMSIS/Include/cmsis_gcc.h ****   #define __WEAK                                 __attribute__((weak))
  60:Drivers/CMSIS/Include/cmsis_gcc.h **** #endif
  61:Drivers/CMSIS/Include/cmsis_gcc.h **** #ifndef   __PACKED
  62:Drivers/CMSIS/Include/cmsis_gcc.h ****   #define __PACKED                               __attribute__((packed, aligned(1)))
  63:Drivers/CMSIS/Include/cmsis_gcc.h **** #endif
  64:Drivers/CMSIS/Include/cmsis_gcc.h **** #ifndef   __PACKED_STRUCT
  65:Drivers/CMSIS/Include/cmsis_gcc.h ****   #define __PACKED_STRUCT                        struct __attribute__((packed, aligned(1)))
  66:Drivers/CMSIS/Include/cmsis_gcc.h **** #endif
  67:Drivers/CMSIS/Include/cmsis_gcc.h **** #ifndef   __PACKED_UNION
  68:Drivers/CMSIS/Include/cmsis_gcc.h ****   #define __PACKED_UNION                         union __attribute__((packed, aligned(1)))
  69:Drivers/CMSIS/Include/cmsis_gcc.h **** #endif
  70:Drivers/CMSIS/Include/cmsis_gcc.h **** #ifndef   __UNALIGNED_UINT32        /* deprecated */
  71:Drivers/CMSIS/Include/cmsis_gcc.h ****   #pragma GCC diagnostic push
  72:Drivers/CMSIS/Include/cmsis_gcc.h ****   #pragma GCC diagnostic ignored "-Wpacked"
  73:Drivers/CMSIS/Include/cmsis_gcc.h ****   #pragma GCC diagnostic ignored "-Wattributes"
  74:Drivers/CMSIS/Include/cmsis_gcc.h ****   struct __attribute__((packed)) T_UINT32 { uint32_t v; };
  75:Drivers/CMSIS/Include/cmsis_gcc.h ****   #pragma GCC diagnostic pop
  76:Drivers/CMSIS/Include/cmsis_gcc.h ****   #define __UNALIGNED_UINT32(x)                  (((struct T_UINT32 *)(x))->v)
  77:Drivers/CMSIS/Include/cmsis_gcc.h **** #endif
  78:Drivers/CMSIS/Include/cmsis_gcc.h **** #ifndef   __UNALIGNED_UINT16_WRITE
  79:Drivers/CMSIS/Include/cmsis_gcc.h ****   #pragma GCC diagnostic push
  80:Drivers/CMSIS/Include/cmsis_gcc.h ****   #pragma GCC diagnostic ignored "-Wpacked"
  81:Drivers/CMSIS/Include/cmsis_gcc.h ****   #pragma GCC diagnostic ignored "-Wattributes"
  82:Drivers/CMSIS/Include/cmsis_gcc.h ****   __PACKED_STRUCT T_UINT16_WRITE { uint16_t v; };
  83:Drivers/CMSIS/Include/cmsis_gcc.h ****   #pragma GCC diagnostic pop
  84:Drivers/CMSIS/Include/cmsis_gcc.h ****   #define __UNALIGNED_UINT16_WRITE(addr, val)    (void)((((struct T_UINT16_WRITE *)(void *)(addr))-
  85:Drivers/CMSIS/Include/cmsis_gcc.h **** #endif
  86:Drivers/CMSIS/Include/cmsis_gcc.h **** #ifndef   __UNALIGNED_UINT16_READ
  87:Drivers/CMSIS/Include/cmsis_gcc.h ****   #pragma GCC diagnostic push
  88:Drivers/CMSIS/Include/cmsis_gcc.h ****   #pragma GCC diagnostic ignored "-Wpacked"
  89:Drivers/CMSIS/Include/cmsis_gcc.h ****   #pragma GCC diagnostic ignored "-Wattributes"
  90:Drivers/CMSIS/Include/cmsis_gcc.h ****   __PACKED_STRUCT T_UINT16_READ { uint16_t v; };
  91:Drivers/CMSIS/Include/cmsis_gcc.h ****   #pragma GCC diagnostic pop
  92:Drivers/CMSIS/Include/cmsis_gcc.h ****   #define __UNALIGNED_UINT16_READ(addr)          (((const struct T_UINT16_READ *)(const void *)(add
  93:Drivers/CMSIS/Include/cmsis_gcc.h **** #endif
  94:Drivers/CMSIS/Include/cmsis_gcc.h **** #ifndef   __UNALIGNED_UINT32_WRITE
  95:Drivers/CMSIS/Include/cmsis_gcc.h ****   #pragma GCC diagnostic push
  96:Drivers/CMSIS/Include/cmsis_gcc.h ****   #pragma GCC diagnostic ignored "-Wpacked"
  97:Drivers/CMSIS/Include/cmsis_gcc.h ****   #pragma GCC diagnostic ignored "-Wattributes"
  98:Drivers/CMSIS/Include/cmsis_gcc.h ****   __PACKED_STRUCT T_UINT32_WRITE { uint32_t v; };
  99:Drivers/CMSIS/Include/cmsis_gcc.h ****   #pragma GCC diagnostic pop
 100:Drivers/CMSIS/Include/cmsis_gcc.h ****   #define __UNALIGNED_UINT32_WRITE(addr, val)    (void)((((struct T_UINT32_WRITE *)(void *)(addr))-
 101:Drivers/CMSIS/Include/cmsis_gcc.h **** #endif
 102:Drivers/CMSIS/Include/cmsis_gcc.h **** #ifndef   __UNALIGNED_UINT32_READ
 103:Drivers/CMSIS/Include/cmsis_gcc.h ****   #pragma GCC diagnostic push
 104:Drivers/CMSIS/Include/cmsis_gcc.h ****   #pragma GCC diagnostic ignored "-Wpacked"
ARM GAS  C:\Users\Lamp\AppData\Local\Temp\ccO2W21r.s 			page 5


 105:Drivers/CMSIS/Include/cmsis_gcc.h ****   #pragma GCC diagnostic ignored "-Wattributes"
 106:Drivers/CMSIS/Include/cmsis_gcc.h ****   __PACKED_STRUCT T_UINT32_READ { uint32_t v; };
 107:Drivers/CMSIS/Include/cmsis_gcc.h ****   #pragma GCC diagnostic pop
 108:Drivers/CMSIS/Include/cmsis_gcc.h ****   #define __UNALIGNED_UINT32_READ(addr)          (((const struct T_UINT32_READ *)(const void *)(add
 109:Drivers/CMSIS/Include/cmsis_gcc.h **** #endif
 110:Drivers/CMSIS/Include/cmsis_gcc.h **** #ifndef   __ALIGNED
 111:Drivers/CMSIS/Include/cmsis_gcc.h ****   #define __ALIGNED(x)                           __attribute__((aligned(x)))
 112:Drivers/CMSIS/Include/cmsis_gcc.h **** #endif
 113:Drivers/CMSIS/Include/cmsis_gcc.h **** #ifndef   __RESTRICT
 114:Drivers/CMSIS/Include/cmsis_gcc.h ****   #define __RESTRICT                             __restrict
 115:Drivers/CMSIS/Include/cmsis_gcc.h **** #endif
 116:Drivers/CMSIS/Include/cmsis_gcc.h **** #ifndef   __COMPILER_BARRIER
 117:Drivers/CMSIS/Include/cmsis_gcc.h ****   #define __COMPILER_BARRIER()                   __ASM volatile("":::"memory")
 118:Drivers/CMSIS/Include/cmsis_gcc.h **** #endif
 119:Drivers/CMSIS/Include/cmsis_gcc.h **** 
 120:Drivers/CMSIS/Include/cmsis_gcc.h **** /* #########################  Startup and Lowlevel Init  ######################## */
 121:Drivers/CMSIS/Include/cmsis_gcc.h **** 
 122:Drivers/CMSIS/Include/cmsis_gcc.h **** #ifndef __PROGRAM_START
 123:Drivers/CMSIS/Include/cmsis_gcc.h **** 
 124:Drivers/CMSIS/Include/cmsis_gcc.h **** /**
 125:Drivers/CMSIS/Include/cmsis_gcc.h ****   \brief   Initializes data and bss sections
 126:Drivers/CMSIS/Include/cmsis_gcc.h ****   \details This default implementations initialized all data and additional bss
 127:Drivers/CMSIS/Include/cmsis_gcc.h ****            sections relying on .copy.table and .zero.table specified properly
 128:Drivers/CMSIS/Include/cmsis_gcc.h ****            in the used linker script.
 129:Drivers/CMSIS/Include/cmsis_gcc.h **** 
 130:Drivers/CMSIS/Include/cmsis_gcc.h ****  */
 131:Drivers/CMSIS/Include/cmsis_gcc.h **** __STATIC_FORCEINLINE __NO_RETURN void __cmsis_start(void)
 132:Drivers/CMSIS/Include/cmsis_gcc.h **** {
 133:Drivers/CMSIS/Include/cmsis_gcc.h ****   extern void _start(void) __NO_RETURN;
 134:Drivers/CMSIS/Include/cmsis_gcc.h **** 
 135:Drivers/CMSIS/Include/cmsis_gcc.h ****   typedef struct {
 136:Drivers/CMSIS/Include/cmsis_gcc.h ****     uint32_t const* src;
 137:Drivers/CMSIS/Include/cmsis_gcc.h ****     uint32_t* dest;
 138:Drivers/CMSIS/Include/cmsis_gcc.h ****     uint32_t  wlen;
 139:Drivers/CMSIS/Include/cmsis_gcc.h ****   } __copy_table_t;
 140:Drivers/CMSIS/Include/cmsis_gcc.h **** 
 141:Drivers/CMSIS/Include/cmsis_gcc.h ****   typedef struct {
 142:Drivers/CMSIS/Include/cmsis_gcc.h ****     uint32_t* dest;
 143:Drivers/CMSIS/Include/cmsis_gcc.h ****     uint32_t  wlen;
 144:Drivers/CMSIS/Include/cmsis_gcc.h ****   } __zero_table_t;
 145:Drivers/CMSIS/Include/cmsis_gcc.h **** 
 146:Drivers/CMSIS/Include/cmsis_gcc.h ****   extern const __copy_table_t __copy_table_start__;
 147:Drivers/CMSIS/Include/cmsis_gcc.h ****   extern const __copy_table_t __copy_table_end__;
 148:Drivers/CMSIS/Include/cmsis_gcc.h ****   extern const __zero_table_t __zero_table_start__;
 149:Drivers/CMSIS/Include/cmsis_gcc.h ****   extern const __zero_table_t __zero_table_end__;
 150:Drivers/CMSIS/Include/cmsis_gcc.h **** 
 151:Drivers/CMSIS/Include/cmsis_gcc.h ****   for (__copy_table_t const* pTable = &__copy_table_start__; pTable < &__copy_table_end__; ++pTable
 152:Drivers/CMSIS/Include/cmsis_gcc.h ****     for(uint32_t i=0u; i<pTable->wlen; ++i) {
 153:Drivers/CMSIS/Include/cmsis_gcc.h ****       pTable->dest[i] = pTable->src[i];
 154:Drivers/CMSIS/Include/cmsis_gcc.h ****     }
 155:Drivers/CMSIS/Include/cmsis_gcc.h ****   }
 156:Drivers/CMSIS/Include/cmsis_gcc.h **** 
 157:Drivers/CMSIS/Include/cmsis_gcc.h ****   for (__zero_table_t const* pTable = &__zero_table_start__; pTable < &__zero_table_end__; ++pTable
 158:Drivers/CMSIS/Include/cmsis_gcc.h ****     for(uint32_t i=0u; i<pTable->wlen; ++i) {
 159:Drivers/CMSIS/Include/cmsis_gcc.h ****       pTable->dest[i] = 0u;
 160:Drivers/CMSIS/Include/cmsis_gcc.h ****     }
 161:Drivers/CMSIS/Include/cmsis_gcc.h ****   }
ARM GAS  C:\Users\Lamp\AppData\Local\Temp\ccO2W21r.s 			page 6


 162:Drivers/CMSIS/Include/cmsis_gcc.h **** 
 163:Drivers/CMSIS/Include/cmsis_gcc.h ****   _start();
 164:Drivers/CMSIS/Include/cmsis_gcc.h **** }
 165:Drivers/CMSIS/Include/cmsis_gcc.h **** 
 166:Drivers/CMSIS/Include/cmsis_gcc.h **** #define __PROGRAM_START           __cmsis_start
 167:Drivers/CMSIS/Include/cmsis_gcc.h **** #endif
 168:Drivers/CMSIS/Include/cmsis_gcc.h **** 
 169:Drivers/CMSIS/Include/cmsis_gcc.h **** #ifndef __INITIAL_SP
 170:Drivers/CMSIS/Include/cmsis_gcc.h **** #define __INITIAL_SP              __StackTop
 171:Drivers/CMSIS/Include/cmsis_gcc.h **** #endif
 172:Drivers/CMSIS/Include/cmsis_gcc.h **** 
 173:Drivers/CMSIS/Include/cmsis_gcc.h **** #ifndef __STACK_LIMIT
 174:Drivers/CMSIS/Include/cmsis_gcc.h **** #define __STACK_LIMIT             __StackLimit
 175:Drivers/CMSIS/Include/cmsis_gcc.h **** #endif
 176:Drivers/CMSIS/Include/cmsis_gcc.h **** 
 177:Drivers/CMSIS/Include/cmsis_gcc.h **** #ifndef __VECTOR_TABLE
 178:Drivers/CMSIS/Include/cmsis_gcc.h **** #define __VECTOR_TABLE            __Vectors
 179:Drivers/CMSIS/Include/cmsis_gcc.h **** #endif
 180:Drivers/CMSIS/Include/cmsis_gcc.h **** 
 181:Drivers/CMSIS/Include/cmsis_gcc.h **** #ifndef __VECTOR_TABLE_ATTRIBUTE
 182:Drivers/CMSIS/Include/cmsis_gcc.h **** #define __VECTOR_TABLE_ATTRIBUTE  __attribute__((used, section(".vectors")))
 183:Drivers/CMSIS/Include/cmsis_gcc.h **** #endif
 184:Drivers/CMSIS/Include/cmsis_gcc.h **** 
 185:Drivers/CMSIS/Include/cmsis_gcc.h **** #if defined (__ARM_FEATURE_CMSE) && (__ARM_FEATURE_CMSE == 3U)
 186:Drivers/CMSIS/Include/cmsis_gcc.h **** #ifndef __STACK_SEAL
 187:Drivers/CMSIS/Include/cmsis_gcc.h **** #define __STACK_SEAL              __StackSeal
 188:Drivers/CMSIS/Include/cmsis_gcc.h **** #endif
 189:Drivers/CMSIS/Include/cmsis_gcc.h **** 
 190:Drivers/CMSIS/Include/cmsis_gcc.h **** #ifndef __TZ_STACK_SEAL_SIZE
 191:Drivers/CMSIS/Include/cmsis_gcc.h **** #define __TZ_STACK_SEAL_SIZE      8U
 192:Drivers/CMSIS/Include/cmsis_gcc.h **** #endif
 193:Drivers/CMSIS/Include/cmsis_gcc.h **** 
 194:Drivers/CMSIS/Include/cmsis_gcc.h **** #ifndef __TZ_STACK_SEAL_VALUE
 195:Drivers/CMSIS/Include/cmsis_gcc.h **** #define __TZ_STACK_SEAL_VALUE     0xFEF5EDA5FEF5EDA5ULL
 196:Drivers/CMSIS/Include/cmsis_gcc.h **** #endif
 197:Drivers/CMSIS/Include/cmsis_gcc.h **** 
 198:Drivers/CMSIS/Include/cmsis_gcc.h **** 
 199:Drivers/CMSIS/Include/cmsis_gcc.h **** __STATIC_FORCEINLINE void __TZ_set_STACKSEAL_S (uint32_t* stackTop) {
 200:Drivers/CMSIS/Include/cmsis_gcc.h ****   *((uint64_t *)stackTop) = __TZ_STACK_SEAL_VALUE;
 201:Drivers/CMSIS/Include/cmsis_gcc.h **** }
 202:Drivers/CMSIS/Include/cmsis_gcc.h **** #endif
 203:Drivers/CMSIS/Include/cmsis_gcc.h **** 
 204:Drivers/CMSIS/Include/cmsis_gcc.h **** 
 205:Drivers/CMSIS/Include/cmsis_gcc.h **** /* ##########################  Core Instruction Access  ######################### */
 206:Drivers/CMSIS/Include/cmsis_gcc.h **** /** \defgroup CMSIS_Core_InstructionInterface CMSIS Core Instruction Interface
 207:Drivers/CMSIS/Include/cmsis_gcc.h ****   Access to dedicated instructions
 208:Drivers/CMSIS/Include/cmsis_gcc.h ****   @{
 209:Drivers/CMSIS/Include/cmsis_gcc.h **** */
 210:Drivers/CMSIS/Include/cmsis_gcc.h **** 
 211:Drivers/CMSIS/Include/cmsis_gcc.h **** /* Define macros for porting to both thumb1 and thumb2.
 212:Drivers/CMSIS/Include/cmsis_gcc.h ****  * For thumb1, use low register (r0-r7), specified by constraint "l"
 213:Drivers/CMSIS/Include/cmsis_gcc.h ****  * Otherwise, use general registers, specified by constraint "r" */
 214:Drivers/CMSIS/Include/cmsis_gcc.h **** #if defined (__thumb__) && !defined (__thumb2__)
 215:Drivers/CMSIS/Include/cmsis_gcc.h **** #define __CMSIS_GCC_OUT_REG(r) "=l" (r)
 216:Drivers/CMSIS/Include/cmsis_gcc.h **** #define __CMSIS_GCC_RW_REG(r) "+l" (r)
 217:Drivers/CMSIS/Include/cmsis_gcc.h **** #define __CMSIS_GCC_USE_REG(r) "l" (r)
 218:Drivers/CMSIS/Include/cmsis_gcc.h **** #else
ARM GAS  C:\Users\Lamp\AppData\Local\Temp\ccO2W21r.s 			page 7


 219:Drivers/CMSIS/Include/cmsis_gcc.h **** #define __CMSIS_GCC_OUT_REG(r) "=r" (r)
 220:Drivers/CMSIS/Include/cmsis_gcc.h **** #define __CMSIS_GCC_RW_REG(r) "+r" (r)
 221:Drivers/CMSIS/Include/cmsis_gcc.h **** #define __CMSIS_GCC_USE_REG(r) "r" (r)
 222:Drivers/CMSIS/Include/cmsis_gcc.h **** #endif
 223:Drivers/CMSIS/Include/cmsis_gcc.h **** 
 224:Drivers/CMSIS/Include/cmsis_gcc.h **** /**
 225:Drivers/CMSIS/Include/cmsis_gcc.h ****   \brief   No Operation
 226:Drivers/CMSIS/Include/cmsis_gcc.h ****   \details No Operation does nothing. This instruction can be used for code alignment purposes.
 227:Drivers/CMSIS/Include/cmsis_gcc.h ****  */
 228:Drivers/CMSIS/Include/cmsis_gcc.h **** #define __NOP()                             __ASM volatile ("nop")
 229:Drivers/CMSIS/Include/cmsis_gcc.h **** 
 230:Drivers/CMSIS/Include/cmsis_gcc.h **** /**
 231:Drivers/CMSIS/Include/cmsis_gcc.h ****   \brief   Wait For Interrupt
 232:Drivers/CMSIS/Include/cmsis_gcc.h ****   \details Wait For Interrupt is a hint instruction that suspends execution until one of a number o
 233:Drivers/CMSIS/Include/cmsis_gcc.h ****  */
 234:Drivers/CMSIS/Include/cmsis_gcc.h **** #define __WFI()                             __ASM volatile ("wfi":::"memory")
 235:Drivers/CMSIS/Include/cmsis_gcc.h **** 
 236:Drivers/CMSIS/Include/cmsis_gcc.h **** 
 237:Drivers/CMSIS/Include/cmsis_gcc.h **** /**
 238:Drivers/CMSIS/Include/cmsis_gcc.h ****   \brief   Wait For Event
 239:Drivers/CMSIS/Include/cmsis_gcc.h ****   \details Wait For Event is a hint instruction that permits the processor to enter
 240:Drivers/CMSIS/Include/cmsis_gcc.h ****            a low-power state until one of a number of events occurs.
 241:Drivers/CMSIS/Include/cmsis_gcc.h ****  */
 242:Drivers/CMSIS/Include/cmsis_gcc.h **** #define __WFE()                             __ASM volatile ("wfe":::"memory")
 243:Drivers/CMSIS/Include/cmsis_gcc.h **** 
 244:Drivers/CMSIS/Include/cmsis_gcc.h **** 
 245:Drivers/CMSIS/Include/cmsis_gcc.h **** /**
 246:Drivers/CMSIS/Include/cmsis_gcc.h ****   \brief   Send Event
 247:Drivers/CMSIS/Include/cmsis_gcc.h ****   \details Send Event is a hint instruction. It causes an event to be signaled to the CPU.
 248:Drivers/CMSIS/Include/cmsis_gcc.h ****  */
 249:Drivers/CMSIS/Include/cmsis_gcc.h **** #define __SEV()                             __ASM volatile ("sev")
 250:Drivers/CMSIS/Include/cmsis_gcc.h **** 
 251:Drivers/CMSIS/Include/cmsis_gcc.h **** 
 252:Drivers/CMSIS/Include/cmsis_gcc.h **** /**
 253:Drivers/CMSIS/Include/cmsis_gcc.h ****   \brief   Instruction Synchronization Barrier
 254:Drivers/CMSIS/Include/cmsis_gcc.h ****   \details Instruction Synchronization Barrier flushes the pipeline in the processor,
 255:Drivers/CMSIS/Include/cmsis_gcc.h ****            so that all instructions following the ISB are fetched from cache or memory,
 256:Drivers/CMSIS/Include/cmsis_gcc.h ****            after the instruction has been completed.
 257:Drivers/CMSIS/Include/cmsis_gcc.h ****  */
 258:Drivers/CMSIS/Include/cmsis_gcc.h **** __STATIC_FORCEINLINE void __ISB(void)
 259:Drivers/CMSIS/Include/cmsis_gcc.h **** {
 260:Drivers/CMSIS/Include/cmsis_gcc.h ****   __ASM volatile ("isb 0xF":::"memory");
 261:Drivers/CMSIS/Include/cmsis_gcc.h **** }
 262:Drivers/CMSIS/Include/cmsis_gcc.h **** 
 263:Drivers/CMSIS/Include/cmsis_gcc.h **** 
 264:Drivers/CMSIS/Include/cmsis_gcc.h **** /**
 265:Drivers/CMSIS/Include/cmsis_gcc.h ****   \brief   Data Synchronization Barrier
 266:Drivers/CMSIS/Include/cmsis_gcc.h ****   \details Acts as a special kind of Data Memory Barrier.
 267:Drivers/CMSIS/Include/cmsis_gcc.h ****            It completes when all explicit memory accesses before this instruction complete.
 268:Drivers/CMSIS/Include/cmsis_gcc.h ****  */
 269:Drivers/CMSIS/Include/cmsis_gcc.h **** __STATIC_FORCEINLINE void __DSB(void)
 270:Drivers/CMSIS/Include/cmsis_gcc.h **** {
 271:Drivers/CMSIS/Include/cmsis_gcc.h ****   __ASM volatile ("dsb 0xF":::"memory");
 272:Drivers/CMSIS/Include/cmsis_gcc.h **** }
 273:Drivers/CMSIS/Include/cmsis_gcc.h **** 
 274:Drivers/CMSIS/Include/cmsis_gcc.h **** 
 275:Drivers/CMSIS/Include/cmsis_gcc.h **** /**
ARM GAS  C:\Users\Lamp\AppData\Local\Temp\ccO2W21r.s 			page 8


 276:Drivers/CMSIS/Include/cmsis_gcc.h ****   \brief   Data Memory Barrier
 277:Drivers/CMSIS/Include/cmsis_gcc.h ****   \details Ensures the apparent order of the explicit memory operations before
 278:Drivers/CMSIS/Include/cmsis_gcc.h ****            and after the instruction, without ensuring their completion.
 279:Drivers/CMSIS/Include/cmsis_gcc.h ****  */
 280:Drivers/CMSIS/Include/cmsis_gcc.h **** __STATIC_FORCEINLINE void __DMB(void)
 281:Drivers/CMSIS/Include/cmsis_gcc.h **** {
 282:Drivers/CMSIS/Include/cmsis_gcc.h ****   __ASM volatile ("dmb 0xF":::"memory");
 283:Drivers/CMSIS/Include/cmsis_gcc.h **** }
 284:Drivers/CMSIS/Include/cmsis_gcc.h **** 
 285:Drivers/CMSIS/Include/cmsis_gcc.h **** 
 286:Drivers/CMSIS/Include/cmsis_gcc.h **** /**
 287:Drivers/CMSIS/Include/cmsis_gcc.h ****   \brief   Reverse byte order (32 bit)
 288:Drivers/CMSIS/Include/cmsis_gcc.h ****   \details Reverses the byte order in unsigned integer value. For example, 0x12345678 becomes 0x785
 289:Drivers/CMSIS/Include/cmsis_gcc.h ****   \param [in]    value  Value to reverse
 290:Drivers/CMSIS/Include/cmsis_gcc.h ****   \return               Reversed value
 291:Drivers/CMSIS/Include/cmsis_gcc.h ****  */
 292:Drivers/CMSIS/Include/cmsis_gcc.h **** __STATIC_FORCEINLINE uint32_t __REV(uint32_t value)
 293:Drivers/CMSIS/Include/cmsis_gcc.h **** {
 294:Drivers/CMSIS/Include/cmsis_gcc.h **** #if (__GNUC__ > 4) || (__GNUC__ == 4 && __GNUC_MINOR__ >= 5)
 295:Drivers/CMSIS/Include/cmsis_gcc.h ****   return __builtin_bswap32(value);
 296:Drivers/CMSIS/Include/cmsis_gcc.h **** #else
 297:Drivers/CMSIS/Include/cmsis_gcc.h ****   uint32_t result;
 298:Drivers/CMSIS/Include/cmsis_gcc.h **** 
 299:Drivers/CMSIS/Include/cmsis_gcc.h ****   __ASM ("rev %0, %1" : __CMSIS_GCC_OUT_REG (result) : __CMSIS_GCC_USE_REG (value) );
 300:Drivers/CMSIS/Include/cmsis_gcc.h ****   return result;
 301:Drivers/CMSIS/Include/cmsis_gcc.h **** #endif
 302:Drivers/CMSIS/Include/cmsis_gcc.h **** }
 303:Drivers/CMSIS/Include/cmsis_gcc.h **** 
 304:Drivers/CMSIS/Include/cmsis_gcc.h **** 
 305:Drivers/CMSIS/Include/cmsis_gcc.h **** /**
 306:Drivers/CMSIS/Include/cmsis_gcc.h ****   \brief   Reverse byte order (16 bit)
 307:Drivers/CMSIS/Include/cmsis_gcc.h ****   \details Reverses the byte order within each halfword of a word. For example, 0x12345678 becomes 
 308:Drivers/CMSIS/Include/cmsis_gcc.h ****   \param [in]    value  Value to reverse
 309:Drivers/CMSIS/Include/cmsis_gcc.h ****   \return               Reversed value
 310:Drivers/CMSIS/Include/cmsis_gcc.h ****  */
 311:Drivers/CMSIS/Include/cmsis_gcc.h **** __STATIC_FORCEINLINE uint32_t __REV16(uint32_t value)
 312:Drivers/CMSIS/Include/cmsis_gcc.h **** {
 313:Drivers/CMSIS/Include/cmsis_gcc.h ****   uint32_t result;
 314:Drivers/CMSIS/Include/cmsis_gcc.h **** 
 315:Drivers/CMSIS/Include/cmsis_gcc.h ****   __ASM ("rev16 %0, %1" : __CMSIS_GCC_OUT_REG (result) : __CMSIS_GCC_USE_REG (value) );
 316:Drivers/CMSIS/Include/cmsis_gcc.h ****   return result;
 317:Drivers/CMSIS/Include/cmsis_gcc.h **** }
 318:Drivers/CMSIS/Include/cmsis_gcc.h **** 
 319:Drivers/CMSIS/Include/cmsis_gcc.h **** 
 320:Drivers/CMSIS/Include/cmsis_gcc.h **** /**
 321:Drivers/CMSIS/Include/cmsis_gcc.h ****   \brief   Reverse byte order (16 bit)
 322:Drivers/CMSIS/Include/cmsis_gcc.h ****   \details Reverses the byte order in a 16-bit value and returns the signed 16-bit result. For exam
 323:Drivers/CMSIS/Include/cmsis_gcc.h ****   \param [in]    value  Value to reverse
 324:Drivers/CMSIS/Include/cmsis_gcc.h ****   \return               Reversed value
 325:Drivers/CMSIS/Include/cmsis_gcc.h ****  */
 326:Drivers/CMSIS/Include/cmsis_gcc.h **** __STATIC_FORCEINLINE int16_t __REVSH(int16_t value)
 327:Drivers/CMSIS/Include/cmsis_gcc.h **** {
 328:Drivers/CMSIS/Include/cmsis_gcc.h **** #if (__GNUC__ > 4) || (__GNUC__ == 4 && __GNUC_MINOR__ >= 8)
 329:Drivers/CMSIS/Include/cmsis_gcc.h ****   return (int16_t)__builtin_bswap16(value);
 330:Drivers/CMSIS/Include/cmsis_gcc.h **** #else
 331:Drivers/CMSIS/Include/cmsis_gcc.h ****   int16_t result;
 332:Drivers/CMSIS/Include/cmsis_gcc.h **** 
ARM GAS  C:\Users\Lamp\AppData\Local\Temp\ccO2W21r.s 			page 9


 333:Drivers/CMSIS/Include/cmsis_gcc.h ****   __ASM ("revsh %0, %1" : __CMSIS_GCC_OUT_REG (result) : __CMSIS_GCC_USE_REG (value) );
 334:Drivers/CMSIS/Include/cmsis_gcc.h ****   return result;
 335:Drivers/CMSIS/Include/cmsis_gcc.h **** #endif
 336:Drivers/CMSIS/Include/cmsis_gcc.h **** }
 337:Drivers/CMSIS/Include/cmsis_gcc.h **** 
 338:Drivers/CMSIS/Include/cmsis_gcc.h **** 
 339:Drivers/CMSIS/Include/cmsis_gcc.h **** /**
 340:Drivers/CMSIS/Include/cmsis_gcc.h ****   \brief   Rotate Right in unsigned value (32 bit)
 341:Drivers/CMSIS/Include/cmsis_gcc.h ****   \details Rotate Right (immediate) provides the value of the contents of a register rotated by a v
 342:Drivers/CMSIS/Include/cmsis_gcc.h ****   \param [in]    op1  Value to rotate
 343:Drivers/CMSIS/Include/cmsis_gcc.h ****   \param [in]    op2  Number of Bits to rotate
 344:Drivers/CMSIS/Include/cmsis_gcc.h ****   \return               Rotated value
 345:Drivers/CMSIS/Include/cmsis_gcc.h ****  */
 346:Drivers/CMSIS/Include/cmsis_gcc.h **** __STATIC_FORCEINLINE uint32_t __ROR(uint32_t op1, uint32_t op2)
 347:Drivers/CMSIS/Include/cmsis_gcc.h **** {
 348:Drivers/CMSIS/Include/cmsis_gcc.h ****   op2 %= 32U;
 349:Drivers/CMSIS/Include/cmsis_gcc.h ****   if (op2 == 0U)
 350:Drivers/CMSIS/Include/cmsis_gcc.h ****   {
 351:Drivers/CMSIS/Include/cmsis_gcc.h ****     return op1;
 352:Drivers/CMSIS/Include/cmsis_gcc.h ****   }
 353:Drivers/CMSIS/Include/cmsis_gcc.h ****   return (op1 >> op2) | (op1 << (32U - op2));
 354:Drivers/CMSIS/Include/cmsis_gcc.h **** }
 355:Drivers/CMSIS/Include/cmsis_gcc.h **** 
 356:Drivers/CMSIS/Include/cmsis_gcc.h **** 
 357:Drivers/CMSIS/Include/cmsis_gcc.h **** /**
 358:Drivers/CMSIS/Include/cmsis_gcc.h ****   \brief   Breakpoint
 359:Drivers/CMSIS/Include/cmsis_gcc.h ****   \details Causes the processor to enter Debug state.
 360:Drivers/CMSIS/Include/cmsis_gcc.h ****            Debug tools can use this to investigate system state when the instruction at a particula
 361:Drivers/CMSIS/Include/cmsis_gcc.h ****   \param [in]    value  is ignored by the processor.
 362:Drivers/CMSIS/Include/cmsis_gcc.h ****                  If required, a debugger can use it to store additional information about the break
 363:Drivers/CMSIS/Include/cmsis_gcc.h ****  */
 364:Drivers/CMSIS/Include/cmsis_gcc.h **** #define __BKPT(value)                       __ASM volatile ("bkpt "#value)
 365:Drivers/CMSIS/Include/cmsis_gcc.h **** 
 366:Drivers/CMSIS/Include/cmsis_gcc.h **** 
 367:Drivers/CMSIS/Include/cmsis_gcc.h **** /**
 368:Drivers/CMSIS/Include/cmsis_gcc.h ****   \brief   Reverse bit order of value
 369:Drivers/CMSIS/Include/cmsis_gcc.h ****   \details Reverses the bit order of the given value.
 370:Drivers/CMSIS/Include/cmsis_gcc.h ****   \param [in]    value  Value to reverse
 371:Drivers/CMSIS/Include/cmsis_gcc.h ****   \return               Reversed value
 372:Drivers/CMSIS/Include/cmsis_gcc.h ****  */
 373:Drivers/CMSIS/Include/cmsis_gcc.h **** __STATIC_FORCEINLINE uint32_t __RBIT(uint32_t value)
 374:Drivers/CMSIS/Include/cmsis_gcc.h **** {
 375:Drivers/CMSIS/Include/cmsis_gcc.h ****   uint32_t result;
 376:Drivers/CMSIS/Include/cmsis_gcc.h **** 
 377:Drivers/CMSIS/Include/cmsis_gcc.h **** #if ((defined (__ARM_ARCH_7M__      ) && (__ARM_ARCH_7M__      == 1)) || \
 378:Drivers/CMSIS/Include/cmsis_gcc.h ****      (defined (__ARM_ARCH_7EM__     ) && (__ARM_ARCH_7EM__     == 1)) || \
 379:Drivers/CMSIS/Include/cmsis_gcc.h ****      (defined (__ARM_ARCH_8M_MAIN__ ) && (__ARM_ARCH_8M_MAIN__ == 1))    )
 380:Drivers/CMSIS/Include/cmsis_gcc.h ****    __ASM ("rbit %0, %1" : "=r" (result) : "r" (value) );
 381:Drivers/CMSIS/Include/cmsis_gcc.h **** #else
 382:Drivers/CMSIS/Include/cmsis_gcc.h ****   uint32_t s = (4U /*sizeof(v)*/ * 8U) - 1U; /* extra shift needed at end */
 383:Drivers/CMSIS/Include/cmsis_gcc.h **** 
 384:Drivers/CMSIS/Include/cmsis_gcc.h ****   result = value;                      /* r will be reversed bits of v; first get LSB of v */
 385:Drivers/CMSIS/Include/cmsis_gcc.h ****   for (value >>= 1U; value != 0U; value >>= 1U)
 386:Drivers/CMSIS/Include/cmsis_gcc.h ****   {
 387:Drivers/CMSIS/Include/cmsis_gcc.h ****     result <<= 1U;
 388:Drivers/CMSIS/Include/cmsis_gcc.h ****     result |= value & 1U;
 389:Drivers/CMSIS/Include/cmsis_gcc.h ****     s--;
ARM GAS  C:\Users\Lamp\AppData\Local\Temp\ccO2W21r.s 			page 10


 390:Drivers/CMSIS/Include/cmsis_gcc.h ****   }
 391:Drivers/CMSIS/Include/cmsis_gcc.h ****   result <<= s;                        /* shift when v's highest bits are zero */
 392:Drivers/CMSIS/Include/cmsis_gcc.h **** #endif
 393:Drivers/CMSIS/Include/cmsis_gcc.h ****   return result;
 394:Drivers/CMSIS/Include/cmsis_gcc.h **** }
 395:Drivers/CMSIS/Include/cmsis_gcc.h **** 
 396:Drivers/CMSIS/Include/cmsis_gcc.h **** 
 397:Drivers/CMSIS/Include/cmsis_gcc.h **** /**
 398:Drivers/CMSIS/Include/cmsis_gcc.h ****   \brief   Count leading zeros
 399:Drivers/CMSIS/Include/cmsis_gcc.h ****   \details Counts the number of leading zeros of a data value.
 400:Drivers/CMSIS/Include/cmsis_gcc.h ****   \param [in]  value  Value to count the leading zeros
 401:Drivers/CMSIS/Include/cmsis_gcc.h ****   \return             number of leading zeros in value
 402:Drivers/CMSIS/Include/cmsis_gcc.h ****  */
 403:Drivers/CMSIS/Include/cmsis_gcc.h **** __STATIC_FORCEINLINE uint8_t __CLZ(uint32_t value)
  56              		.loc 2 403 30 view .LVU11
  57              	.LBB5:
 404:Drivers/CMSIS/Include/cmsis_gcc.h **** {
 405:Drivers/CMSIS/Include/cmsis_gcc.h ****   /* Even though __builtin_clz produces a CLZ instruction on ARM, formally
 406:Drivers/CMSIS/Include/cmsis_gcc.h ****      __builtin_clz(0) is undefined behaviour, so handle this case specially.
 407:Drivers/CMSIS/Include/cmsis_gcc.h ****      This guarantees ARM-compatible results if happening to compile on a non-ARM
 408:Drivers/CMSIS/Include/cmsis_gcc.h ****      target, and ensures the compiler doesn't decide to activate any
 409:Drivers/CMSIS/Include/cmsis_gcc.h ****      optimisations using the logic "value was passed to __builtin_clz, so it
 410:Drivers/CMSIS/Include/cmsis_gcc.h ****      is non-zero".
 411:Drivers/CMSIS/Include/cmsis_gcc.h ****      ARM GCC 7.3 and possibly earlier will optimise this test away, leaving a
 412:Drivers/CMSIS/Include/cmsis_gcc.h ****      single CLZ instruction.
 413:Drivers/CMSIS/Include/cmsis_gcc.h ****    */
 414:Drivers/CMSIS/Include/cmsis_gcc.h ****   if (value == 0U)
  58              		.loc 2 414 3 view .LVU12
 415:Drivers/CMSIS/Include/cmsis_gcc.h ****   {
 416:Drivers/CMSIS/Include/cmsis_gcc.h ****     return 32U;
 417:Drivers/CMSIS/Include/cmsis_gcc.h ****   }
 418:Drivers/CMSIS/Include/cmsis_gcc.h ****   return __builtin_clz(value);
  59              		.loc 2 418 3 view .LVU13
  60              		.loc 2 418 10 is_stmt 0 view .LVU14
  61 0006 B0FA80F4 		clz	r4, r0
  62              	.LVL3:
  63              		.loc 2 418 10 view .LVU15
  64              	.LBE5:
  65              	.LBE4:
  66              		.loc 1 69 31 view .LVU16
  67 000a 113C     		subs	r4, r4, #17
  68              		.loc 1 69 15 view .LVU17
  69 000c 2246     		mov	r2, r4
  70              	.LVL4:
  70:Drivers/CMSIS/DSP/Source/FastMathFunctions/arm_sqrt_q15.c **** 
  71:Drivers/CMSIS/DSP/Source/FastMathFunctions/arm_sqrt_q15.c ****     /* Shift by the number of signBits1 */
  72:Drivers/CMSIS/DSP/Source/FastMathFunctions/arm_sqrt_q15.c ****     if ((signBits1 % 2) == 0)
  71              		.loc 1 72 5 is_stmt 1 view .LVU18
  72              		.loc 1 72 8 is_stmt 0 view .LVU19
  73 000e 14F00104 		ands	r4, r4, #1
  74              	.LVL5:
  75              		.loc 1 72 8 view .LVU20
  76 0012 55D1     		bne	.L3
  73:Drivers/CMSIS/DSP/Source/FastMathFunctions/arm_sqrt_q15.c ****     {
  74:Drivers/CMSIS/DSP/Source/FastMathFunctions/arm_sqrt_q15.c ****       number = number << signBits1;
  77              		.loc 1 74 7 is_stmt 1 view .LVU21
  78              		.loc 1 74 23 is_stmt 0 view .LVU22
ARM GAS  C:\Users\Lamp\AppData\Local\Temp\ccO2W21r.s 			page 11


  79 0014 9040     		lsls	r0, r0, r2
  80              		.loc 1 74 14 view .LVU23
  81 0016 00B2     		sxth	r0, r0
  82              	.LVL6:
  83              	.L4:
  75:Drivers/CMSIS/DSP/Source/FastMathFunctions/arm_sqrt_q15.c ****     }
  76:Drivers/CMSIS/DSP/Source/FastMathFunctions/arm_sqrt_q15.c ****     else
  77:Drivers/CMSIS/DSP/Source/FastMathFunctions/arm_sqrt_q15.c ****     {
  78:Drivers/CMSIS/DSP/Source/FastMathFunctions/arm_sqrt_q15.c ****       number = number << (signBits1 - 1);
  79:Drivers/CMSIS/DSP/Source/FastMathFunctions/arm_sqrt_q15.c ****     }
  80:Drivers/CMSIS/DSP/Source/FastMathFunctions/arm_sqrt_q15.c **** 
  81:Drivers/CMSIS/DSP/Source/FastMathFunctions/arm_sqrt_q15.c ****     /* Calculate half value of the number */
  82:Drivers/CMSIS/DSP/Source/FastMathFunctions/arm_sqrt_q15.c ****     half = number >> 1;
  84              		.loc 1 82 5 is_stmt 1 view .LVU24
  85              		.loc 1 82 10 is_stmt 0 view .LVU25
  86 0018 4FEA600C 		asr	ip, r0, #1
  87              	.LVL7:
  83:Drivers/CMSIS/DSP/Source/FastMathFunctions/arm_sqrt_q15.c ****     /* Store the number for later use */
  84:Drivers/CMSIS/DSP/Source/FastMathFunctions/arm_sqrt_q15.c ****     temp1 = number;
  88              		.loc 1 84 5 is_stmt 1 view .LVU26
  85:Drivers/CMSIS/DSP/Source/FastMathFunctions/arm_sqrt_q15.c **** 
  86:Drivers/CMSIS/DSP/Source/FastMathFunctions/arm_sqrt_q15.c ****     /* Convert to float */
  87:Drivers/CMSIS/DSP/Source/FastMathFunctions/arm_sqrt_q15.c ****     temp_float1 = number * 3.051757812500000e-005f;
  89              		.loc 1 87 5 view .LVU27
  90              		.loc 1 87 26 is_stmt 0 view .LVU28
  91 001c 07EE900A 		vmov	s15, r0	@ int
  92 0020 F8EEE77A 		vcvt.f32.s32	s15, s15
  93              		.loc 1 87 17 view .LVU29
  94 0024 9FED2E7A 		vldr.32	s14, .L12
  95 0028 67EE877A 		vmul.f32	s15, s15, s14
  96              	.LVL8:
  88:Drivers/CMSIS/DSP/Source/FastMathFunctions/arm_sqrt_q15.c ****     /*Store as integer */
  89:Drivers/CMSIS/DSP/Source/FastMathFunctions/arm_sqrt_q15.c ****     tempconv.floatval = temp_float1;
  97              		.loc 1 89 5 is_stmt 1 view .LVU30
  90:Drivers/CMSIS/DSP/Source/FastMathFunctions/arm_sqrt_q15.c ****     bits_val1 = tempconv.fracval;
  98              		.loc 1 90 5 view .LVU31
  91:Drivers/CMSIS/DSP/Source/FastMathFunctions/arm_sqrt_q15.c ****     /* Subtract the shifted value from the magic number to give intial guess */
  92:Drivers/CMSIS/DSP/Source/FastMathFunctions/arm_sqrt_q15.c ****     bits_val1 = 0x5f3759df - (bits_val1 >> 1);  /* gives initial guess */
  99              		.loc 1 92 5 view .LVU32
 100              		.loc 1 92 15 is_stmt 0 view .LVU33
 101 002c 2D4B     		ldr	r3, .L12+4
 102 002e 17EE90EA 		vmov	lr, s15	@ int
 103 0032 A3EB6E03 		sub	r3, r3, lr, asr #1
 104              	.LVL9:
  93:Drivers/CMSIS/DSP/Source/FastMathFunctions/arm_sqrt_q15.c ****     /* Store as float */
  94:Drivers/CMSIS/DSP/Source/FastMathFunctions/arm_sqrt_q15.c ****     tempconv.fracval = bits_val1;
 105              		.loc 1 94 5 is_stmt 1 view .LVU34
  95:Drivers/CMSIS/DSP/Source/FastMathFunctions/arm_sqrt_q15.c ****     temp_float1 = tempconv.floatval;
 106              		.loc 1 95 5 view .LVU35
  96:Drivers/CMSIS/DSP/Source/FastMathFunctions/arm_sqrt_q15.c ****     /* Convert to integer format */
  97:Drivers/CMSIS/DSP/Source/FastMathFunctions/arm_sqrt_q15.c ****     var1 = (q31_t) (temp_float1 * 16384);
 107              		.loc 1 97 5 view .LVU36
 108              		.loc 1 97 12 is_stmt 0 view .LVU37
 109 0036 07EE903A 		vmov	s15, r3
 110 003a FEEEC97A 		vcvt.s32.f32	s15, s15, #14
 111              		.loc 1 97 10 view .LVU38
 112 003e 17EE903A 		vmov	r3, s15	@ int
ARM GAS  C:\Users\Lamp\AppData\Local\Temp\ccO2W21r.s 			page 12


 113              	.LVL10:
 114              		.loc 1 97 10 view .LVU39
 115 0042 1BB2     		sxth	r3, r3
 116              	.LVL11:
  98:Drivers/CMSIS/DSP/Source/FastMathFunctions/arm_sqrt_q15.c **** 
  99:Drivers/CMSIS/DSP/Source/FastMathFunctions/arm_sqrt_q15.c ****     /* 1st iteration */
 100:Drivers/CMSIS/DSP/Source/FastMathFunctions/arm_sqrt_q15.c ****     var1 = ((q15_t) ((q31_t) var1 * (0x3000 -
 117              		.loc 1 100 5 is_stmt 1 view .LVU40
 101:Drivers/CMSIS/DSP/Source/FastMathFunctions/arm_sqrt_q15.c ****                                      ((q15_t)
 102:Drivers/CMSIS/DSP/Source/FastMathFunctions/arm_sqrt_q15.c ****                                       ((((q15_t)
 103:Drivers/CMSIS/DSP/Source/FastMathFunctions/arm_sqrt_q15.c ****                                          (((q31_t) var1 * var1) >> 15)) *
 118              		.loc 1 103 57 is_stmt 0 view .LVU41
 119 0044 03FB03FE 		mul	lr, r3, r3
 120              	.LVL12:
 102:Drivers/CMSIS/DSP/Source/FastMathFunctions/arm_sqrt_q15.c ****                                          (((q31_t) var1 * var1) >> 15)) *
 121              		.loc 1 102 42 view .LVU42
 122 0048 4EF3CF3E 		sbfx	lr, lr, #15, #16
 123              		.loc 1 103 73 view .LVU43
 124 004c 0CFB0EFE 		mul	lr, ip, lr
 101:Drivers/CMSIS/DSP/Source/FastMathFunctions/arm_sqrt_q15.c ****                                      ((q15_t)
 125              		.loc 1 101 39 view .LVU44
 126 0050 4EF3CF3E 		sbfx	lr, lr, #15, #16
 100:Drivers/CMSIS/DSP/Source/FastMathFunctions/arm_sqrt_q15.c ****                                      ((q15_t)
 127              		.loc 1 100 45 view .LVU45
 128 0054 CEF5405E 		rsb	lr, lr, #12288
 100:Drivers/CMSIS/DSP/Source/FastMathFunctions/arm_sqrt_q15.c ****                                      ((q15_t)
 129              		.loc 1 100 35 view .LVU46
 130 0058 0EFB03F3 		mul	r3, lr, r3
 131              	.LVL13:
 100:Drivers/CMSIS/DSP/Source/FastMathFunctions/arm_sqrt_q15.c ****                                      ((q15_t)
 132              		.loc 1 100 13 view .LVU47
 133 005c 43F3CF33 		sbfx	r3, r3, #15, #16
 104:Drivers/CMSIS/DSP/Source/FastMathFunctions/arm_sqrt_q15.c ****                                         (q31_t) half) >> 15))) >> 15)) << 2;
 134              		.loc 1 104 72 view .LVU48
 135 0060 9B00     		lsls	r3, r3, #2
 100:Drivers/CMSIS/DSP/Source/FastMathFunctions/arm_sqrt_q15.c ****                                      ((q15_t)
 136              		.loc 1 100 10 view .LVU49
 137 0062 1BB2     		sxth	r3, r3
 138              	.LVL14:
 105:Drivers/CMSIS/DSP/Source/FastMathFunctions/arm_sqrt_q15.c ****     /* 2nd iteration */
 106:Drivers/CMSIS/DSP/Source/FastMathFunctions/arm_sqrt_q15.c ****     var1 = ((q15_t) ((q31_t) var1 * (0x3000 -
 139              		.loc 1 106 5 is_stmt 1 view .LVU50
 107:Drivers/CMSIS/DSP/Source/FastMathFunctions/arm_sqrt_q15.c ****                                      ((q15_t)
 108:Drivers/CMSIS/DSP/Source/FastMathFunctions/arm_sqrt_q15.c ****                                       ((((q15_t)
 109:Drivers/CMSIS/DSP/Source/FastMathFunctions/arm_sqrt_q15.c ****                                          (((q31_t) var1 * var1) >> 15)) *
 140              		.loc 1 109 57 is_stmt 0 view .LVU51
 141 0064 03FB03FE 		mul	lr, r3, r3
 108:Drivers/CMSIS/DSP/Source/FastMathFunctions/arm_sqrt_q15.c ****                                          (((q31_t) var1 * var1) >> 15)) *
 142              		.loc 1 108 42 view .LVU52
 143 0068 4EF3CF3E 		sbfx	lr, lr, #15, #16
 144              		.loc 1 109 73 view .LVU53
 145 006c 0EFB0CFE 		mul	lr, lr, ip
 107:Drivers/CMSIS/DSP/Source/FastMathFunctions/arm_sqrt_q15.c ****                                      ((q15_t)
 146              		.loc 1 107 39 view .LVU54
 147 0070 4EF3CF3E 		sbfx	lr, lr, #15, #16
 106:Drivers/CMSIS/DSP/Source/FastMathFunctions/arm_sqrt_q15.c ****                                      ((q15_t)
 148              		.loc 1 106 45 view .LVU55
ARM GAS  C:\Users\Lamp\AppData\Local\Temp\ccO2W21r.s 			page 13


 149 0074 CEF5405E 		rsb	lr, lr, #12288
 106:Drivers/CMSIS/DSP/Source/FastMathFunctions/arm_sqrt_q15.c ****                                      ((q15_t)
 150              		.loc 1 106 35 view .LVU56
 151 0078 0EFB03F3 		mul	r3, lr, r3
 152              	.LVL15:
 106:Drivers/CMSIS/DSP/Source/FastMathFunctions/arm_sqrt_q15.c ****                                      ((q15_t)
 153              		.loc 1 106 13 view .LVU57
 154 007c 43F3CF33 		sbfx	r3, r3, #15, #16
 110:Drivers/CMSIS/DSP/Source/FastMathFunctions/arm_sqrt_q15.c ****                                         (q31_t) half) >> 15))) >> 15)) << 2;
 155              		.loc 1 110 72 view .LVU58
 156 0080 9B00     		lsls	r3, r3, #2
 106:Drivers/CMSIS/DSP/Source/FastMathFunctions/arm_sqrt_q15.c ****                                      ((q15_t)
 157              		.loc 1 106 10 view .LVU59
 158 0082 1BB2     		sxth	r3, r3
 159              	.LVL16:
 111:Drivers/CMSIS/DSP/Source/FastMathFunctions/arm_sqrt_q15.c ****     /* 3rd iteration */
 112:Drivers/CMSIS/DSP/Source/FastMathFunctions/arm_sqrt_q15.c ****     var1 = ((q15_t) ((q31_t) var1 * (0x3000 -
 160              		.loc 1 112 5 is_stmt 1 view .LVU60
 113:Drivers/CMSIS/DSP/Source/FastMathFunctions/arm_sqrt_q15.c ****                                      ((q15_t)
 114:Drivers/CMSIS/DSP/Source/FastMathFunctions/arm_sqrt_q15.c ****                                       ((((q15_t)
 115:Drivers/CMSIS/DSP/Source/FastMathFunctions/arm_sqrt_q15.c ****                                          (((q31_t) var1 * var1) >> 15)) *
 161              		.loc 1 115 57 is_stmt 0 view .LVU61
 162 0084 03FB03FE 		mul	lr, r3, r3
 114:Drivers/CMSIS/DSP/Source/FastMathFunctions/arm_sqrt_q15.c ****                                          (((q31_t) var1 * var1) >> 15)) *
 163              		.loc 1 114 42 view .LVU62
 164 0088 4EF3CF3E 		sbfx	lr, lr, #15, #16
 165              		.loc 1 115 73 view .LVU63
 166 008c 0EFB0CFC 		mul	ip, lr, ip
 167              	.LVL17:
 113:Drivers/CMSIS/DSP/Source/FastMathFunctions/arm_sqrt_q15.c ****                                      ((q15_t)
 168              		.loc 1 113 39 view .LVU64
 169 0090 4CF3CF3C 		sbfx	ip, ip, #15, #16
 112:Drivers/CMSIS/DSP/Source/FastMathFunctions/arm_sqrt_q15.c ****                                      ((q15_t)
 170              		.loc 1 112 45 view .LVU65
 171 0094 CCF5405C 		rsb	ip, ip, #12288
 112:Drivers/CMSIS/DSP/Source/FastMathFunctions/arm_sqrt_q15.c ****                                      ((q15_t)
 172              		.loc 1 112 35 view .LVU66
 173 0098 0CFB03F3 		mul	r3, ip, r3
 174              	.LVL18:
 112:Drivers/CMSIS/DSP/Source/FastMathFunctions/arm_sqrt_q15.c ****                                      ((q15_t)
 175              		.loc 1 112 13 view .LVU67
 176 009c 43F3CF33 		sbfx	r3, r3, #15, #16
 116:Drivers/CMSIS/DSP/Source/FastMathFunctions/arm_sqrt_q15.c ****                                         (q31_t) half) >> 15))) >> 15)) << 2;
 177              		.loc 1 116 72 view .LVU68
 178 00a0 9B00     		lsls	r3, r3, #2
 112:Drivers/CMSIS/DSP/Source/FastMathFunctions/arm_sqrt_q15.c ****                                      ((q15_t)
 179              		.loc 1 112 10 view .LVU69
 180 00a2 1BB2     		sxth	r3, r3
 181              	.LVL19:
 117:Drivers/CMSIS/DSP/Source/FastMathFunctions/arm_sqrt_q15.c **** 
 118:Drivers/CMSIS/DSP/Source/FastMathFunctions/arm_sqrt_q15.c ****     /* Multiply the inverse square root with the original value */
 119:Drivers/CMSIS/DSP/Source/FastMathFunctions/arm_sqrt_q15.c ****     var1 = ((q15_t) (((q31_t) temp1 * var1) >> 15)) << 1;
 182              		.loc 1 119 5 is_stmt 1 view .LVU70
 183              		.loc 1 119 37 is_stmt 0 view .LVU71
 184 00a4 00FB03F3 		mul	r3, r0, r3
 185              	.LVL20:
 186              		.loc 1 119 13 view .LVU72
ARM GAS  C:\Users\Lamp\AppData\Local\Temp\ccO2W21r.s 			page 14


 187 00a8 43F3CF33 		sbfx	r3, r3, #15, #16
 188              		.loc 1 119 53 view .LVU73
 189 00ac 5B00     		lsls	r3, r3, #1
 190              		.loc 1 119 10 view .LVU74
 191 00ae 1BB2     		sxth	r3, r3
 192              	.LVL21:
 120:Drivers/CMSIS/DSP/Source/FastMathFunctions/arm_sqrt_q15.c **** 
 121:Drivers/CMSIS/DSP/Source/FastMathFunctions/arm_sqrt_q15.c ****     /* Shift the output down accordingly */
 122:Drivers/CMSIS/DSP/Source/FastMathFunctions/arm_sqrt_q15.c ****     if ((signBits1 % 2) == 0)
 193              		.loc 1 122 5 is_stmt 1 view .LVU75
 194              		.loc 1 122 8 is_stmt 0 view .LVU76
 195 00b0 54B9     		cbnz	r4, .L5
 123:Drivers/CMSIS/DSP/Source/FastMathFunctions/arm_sqrt_q15.c ****     {
 124:Drivers/CMSIS/DSP/Source/FastMathFunctions/arm_sqrt_q15.c ****       var1 = var1 >> (signBits1 / 2);
 196              		.loc 1 124 7 is_stmt 1 view .LVU77
 197              		.loc 1 124 33 is_stmt 0 view .LVU78
 198 00b2 02EBD272 		add	r2, r2, r2, lsr #31
 199              	.LVL22:
 200              		.loc 1 124 33 view .LVU79
 201 00b6 5210     		asrs	r2, r2, #1
 202              		.loc 1 124 12 view .LVU80
 203 00b8 1341     		asrs	r3, r3, r2
 204              	.LVL23:
 205              	.L6:
 125:Drivers/CMSIS/DSP/Source/FastMathFunctions/arm_sqrt_q15.c ****     }
 126:Drivers/CMSIS/DSP/Source/FastMathFunctions/arm_sqrt_q15.c ****     else
 127:Drivers/CMSIS/DSP/Source/FastMathFunctions/arm_sqrt_q15.c ****     {
 128:Drivers/CMSIS/DSP/Source/FastMathFunctions/arm_sqrt_q15.c ****       var1 = var1 >> ((signBits1 - 1) / 2);
 129:Drivers/CMSIS/DSP/Source/FastMathFunctions/arm_sqrt_q15.c ****     }
 130:Drivers/CMSIS/DSP/Source/FastMathFunctions/arm_sqrt_q15.c ****     *pOut = var1;
 206              		.loc 1 130 5 is_stmt 1 view .LVU81
 207              		.loc 1 130 11 is_stmt 0 view .LVU82
 208 00ba 0B80     		strh	r3, [r1]	@ movhi
 131:Drivers/CMSIS/DSP/Source/FastMathFunctions/arm_sqrt_q15.c **** 
 132:Drivers/CMSIS/DSP/Source/FastMathFunctions/arm_sqrt_q15.c ****     return (ARM_MATH_SUCCESS);
 209              		.loc 1 132 5 is_stmt 1 view .LVU83
 210              		.loc 1 132 12 is_stmt 0 view .LVU84
 211 00bc 0020     		movs	r0, #0
 212              	.LVL24:
 133:Drivers/CMSIS/DSP/Source/FastMathFunctions/arm_sqrt_q15.c ****   }
 134:Drivers/CMSIS/DSP/Source/FastMathFunctions/arm_sqrt_q15.c ****   /* If the number is a negative number then store zero as its square root value */
 135:Drivers/CMSIS/DSP/Source/FastMathFunctions/arm_sqrt_q15.c ****   else
 136:Drivers/CMSIS/DSP/Source/FastMathFunctions/arm_sqrt_q15.c ****   {
 137:Drivers/CMSIS/DSP/Source/FastMathFunctions/arm_sqrt_q15.c ****     *pOut = 0;
 138:Drivers/CMSIS/DSP/Source/FastMathFunctions/arm_sqrt_q15.c ****     return (ARM_MATH_ARGUMENT_ERROR);
 139:Drivers/CMSIS/DSP/Source/FastMathFunctions/arm_sqrt_q15.c ****   }
 140:Drivers/CMSIS/DSP/Source/FastMathFunctions/arm_sqrt_q15.c **** }
 213              		.loc 1 140 1 view .LVU85
 214 00be 10BD     		pop	{r4, pc}
 215              	.LVL25:
 216              	.L3:
  78:Drivers/CMSIS/DSP/Source/FastMathFunctions/arm_sqrt_q15.c ****     }
 217              		.loc 1 78 7 is_stmt 1 view .LVU86
  78:Drivers/CMSIS/DSP/Source/FastMathFunctions/arm_sqrt_q15.c ****     }
 218              		.loc 1 78 37 is_stmt 0 view .LVU87
 219 00c0 531E     		subs	r3, r2, #1
  78:Drivers/CMSIS/DSP/Source/FastMathFunctions/arm_sqrt_q15.c ****     }
ARM GAS  C:\Users\Lamp\AppData\Local\Temp\ccO2W21r.s 			page 15


 220              		.loc 1 78 23 view .LVU88
 221 00c2 9840     		lsls	r0, r0, r3
  78:Drivers/CMSIS/DSP/Source/FastMathFunctions/arm_sqrt_q15.c ****     }
 222              		.loc 1 78 14 view .LVU89
 223 00c4 00B2     		sxth	r0, r0
 224              	.LVL26:
  78:Drivers/CMSIS/DSP/Source/FastMathFunctions/arm_sqrt_q15.c ****     }
 225              		.loc 1 78 14 view .LVU90
 226 00c6 A7E7     		b	.L4
 227              	.LVL27:
 228              	.L5:
 128:Drivers/CMSIS/DSP/Source/FastMathFunctions/arm_sqrt_q15.c ****     }
 229              		.loc 1 128 7 is_stmt 1 view .LVU91
 128:Drivers/CMSIS/DSP/Source/FastMathFunctions/arm_sqrt_q15.c ****     }
 230              		.loc 1 128 34 is_stmt 0 view .LVU92
 231 00c8 013A     		subs	r2, r2, #1
 232              	.LVL28:
 128:Drivers/CMSIS/DSP/Source/FastMathFunctions/arm_sqrt_q15.c ****     }
 233              		.loc 1 128 39 view .LVU93
 234 00ca 02EBD272 		add	r2, r2, r2, lsr #31
 235              	.LVL29:
 128:Drivers/CMSIS/DSP/Source/FastMathFunctions/arm_sqrt_q15.c ****     }
 236              		.loc 1 128 39 view .LVU94
 237 00ce 5210     		asrs	r2, r2, #1
 128:Drivers/CMSIS/DSP/Source/FastMathFunctions/arm_sqrt_q15.c ****     }
 238              		.loc 1 128 12 view .LVU95
 239 00d0 1341     		asrs	r3, r3, r2
 240              	.LVL30:
 128:Drivers/CMSIS/DSP/Source/FastMathFunctions/arm_sqrt_q15.c ****     }
 241              		.loc 1 128 12 view .LVU96
 242 00d2 F2E7     		b	.L6
 243              	.LVL31:
 244              	.L2:
 245              	.LCFI1:
 246              		.cfi_def_cfa_offset 0
 247              		.cfi_restore 4
 248              		.cfi_restore 14
 137:Drivers/CMSIS/DSP/Source/FastMathFunctions/arm_sqrt_q15.c ****     return (ARM_MATH_ARGUMENT_ERROR);
 249              		.loc 1 137 5 is_stmt 1 view .LVU97
 137:Drivers/CMSIS/DSP/Source/FastMathFunctions/arm_sqrt_q15.c ****     return (ARM_MATH_ARGUMENT_ERROR);
 250              		.loc 1 137 11 is_stmt 0 view .LVU98
 251 00d4 0023     		movs	r3, #0
 252 00d6 0B80     		strh	r3, [r1]	@ movhi
 138:Drivers/CMSIS/DSP/Source/FastMathFunctions/arm_sqrt_q15.c ****   }
 253              		.loc 1 138 5 is_stmt 1 view .LVU99
 138:Drivers/CMSIS/DSP/Source/FastMathFunctions/arm_sqrt_q15.c ****   }
 254              		.loc 1 138 12 is_stmt 0 view .LVU100
 255 00d8 4FF0FF30 		mov	r0, #-1
 256              		.loc 1 140 1 view .LVU101
 257 00dc 7047     		bx	lr
 258              	.L13:
 259 00de 00BF     		.align	2
 260              	.L12:
 261 00e0 00000038 		.word	939524096
 262 00e4 DF59375F 		.word	1597463007
 263              		.cfi_endproc
 264              	.LFE139:
ARM GAS  C:\Users\Lamp\AppData\Local\Temp\ccO2W21r.s 			page 16


 266              		.text
 267              	.Letext0:
 268              		.file 3 "C:\\ST\\STM32CubeCLT_1.16.0\\GNU-tools-for-STM32\\bin\\../lib/gcc/arm-none-eabi/12.3.1/..
 269              		.file 4 "C:\\ST\\STM32CubeCLT_1.16.0\\GNU-tools-for-STM32\\bin\\../lib/gcc/arm-none-eabi/12.3.1/..
 270              		.file 5 "Drivers/CMSIS/DSP/Include/arm_math.h"
ARM GAS  C:\Users\Lamp\AppData\Local\Temp\ccO2W21r.s 			page 17


DEFINED SYMBOLS
                            *ABS*:00000000 arm_sqrt_q15.c
C:\Users\Lamp\AppData\Local\Temp\ccO2W21r.s:21     .text.arm_sqrt_q15:00000000 $t
C:\Users\Lamp\AppData\Local\Temp\ccO2W21r.s:27     .text.arm_sqrt_q15:00000000 arm_sqrt_q15
C:\Users\Lamp\AppData\Local\Temp\ccO2W21r.s:261    .text.arm_sqrt_q15:000000e0 $d

NO UNDEFINED SYMBOLS
