ARM GAS  C:\Users\Lamp\AppData\Local\Temp\ccJ1sCVH.s 			page 1


   1              		.cpu cortex-m4
   2              		.arch armv7e-m
   3              		.fpu fpv4-sp-d16
   4              		.eabi_attribute 27, 1
   5              		.eabi_attribute 28, 1
   6              		.eabi_attribute 20, 1
   7              		.eabi_attribute 21, 1
   8              		.eabi_attribute 23, 3
   9              		.eabi_attribute 24, 1
  10              		.eabi_attribute 25, 1
  11              		.eabi_attribute 26, 1
  12              		.eabi_attribute 30, 1
  13              		.eabi_attribute 34, 1
  14              		.eabi_attribute 18, 4
  15              		.file	"Butter_Worth_Filtor.c"
  16              		.text
  17              	.Ltext0:
  18              		.cfi_sections	.debug_frame
  19              		.file 1 "Core/Src/Middleware/Butter_Worth_Filtor.c"
  20              		.global	PendulumCoefficients
  21              		.section	.data.PendulumCoefficients,"aw"
  22              		.align	2
  25              	PendulumCoefficients:
  26 0000 54157D39 		.word	964498772
  27 0004 5415FD39 		.word	972887380
  28 0008 54157D39 		.word	964498772
  29 000c 6350FA3F 		.word	1073369187
  30 0010 0CE074BF 		.word	-1082859508
  31              		.global	MotorCoefficients
  32              		.section	.data.MotorCoefficients,"aw"
  33              		.align	2
  36              	MotorCoefficients:
  37 0000 54157D39 		.word	964498772
  38 0004 5415FD39 		.word	972887380
  39 0008 54157D39 		.word	964498772
  40 000c 6350FA3F 		.word	1073369187
  41 0010 0CE074BF 		.word	-1082859508
  42              		.text
  43              	.Letext0:
  44              		.file 2 "Drivers/CMSIS/DSP/Include/arm_math.h"
ARM GAS  C:\Users\Lamp\AppData\Local\Temp\ccJ1sCVH.s 			page 2


DEFINED SYMBOLS
                            *ABS*:00000000 Butter_Worth_Filtor.c
C:\Users\Lamp\AppData\Local\Temp\ccJ1sCVH.s:25     .data.PendulumCoefficients:00000000 PendulumCoefficients
C:\Users\Lamp\AppData\Local\Temp\ccJ1sCVH.s:22     .data.PendulumCoefficients:00000000 $d
C:\Users\Lamp\AppData\Local\Temp\ccJ1sCVH.s:36     .data.MotorCoefficients:00000000 MotorCoefficients
C:\Users\Lamp\AppData\Local\Temp\ccJ1sCVH.s:33     .data.MotorCoefficients:00000000 $d

NO UNDEFINED SYMBOLS
