ARM GAS  C:\Users\Lamp\AppData\Local\Temp\ccZdyfMB.s 			page 1


   1              		.cpu cortex-m4
   2              		.arch armv7e-m
   3              		.fpu fpv4-sp-d16
   4              		.eabi_attribute 27, 1
   5              		.eabi_attribute 28, 1
   6              		.eabi_attribute 20, 1
   7              		.eabi_attribute 21, 1
   8              		.eabi_attribute 23, 3
   9              		.eabi_attribute 24, 1
  10              		.eabi_attribute 25, 1
  11              		.eabi_attribute 26, 1
  12              		.eabi_attribute 30, 1
  13              		.eabi_attribute 34, 1
  14              		.eabi_attribute 18, 4
  15              		.file	"Computer.c"
  16              		.text
  17              	.Ltext0:
  18              		.cfi_sections	.debug_frame
  19              		.file 1 "Core/Src/Application/Src/Computer.c"
  20              		.global	rx_byte_data
  21              		.section	.bss.rx_byte_data,"aw",%nobits
  24              	rx_byte_data:
  25 0000 00       		.space	1
  26              		.text
  27              	.Letext0:
  28              		.file 2 "C:\\ST\\STM32CubeCLT_1.16.0\\GNU-tools-for-STM32\\bin\\../lib/gcc/arm-none-eabi/12.3.1/..
  29              		.file 3 "C:\\ST\\STM32CubeCLT_1.16.0\\GNU-tools-for-STM32\\bin\\../lib/gcc/arm-none-eabi/12.3.1/..
ARM GAS  C:\Users\Lamp\AppData\Local\Temp\ccZdyfMB.s 			page 2


DEFINED SYMBOLS
                            *ABS*:00000000 Computer.c
C:\Users\Lamp\AppData\Local\Temp\ccZdyfMB.s:24     .bss.rx_byte_data:00000000 rx_byte_data
C:\Users\Lamp\AppData\Local\Temp\ccZdyfMB.s:25     .bss.rx_byte_data:00000000 $d

NO UNDEFINED SYMBOLS
