ARM GAS  C:\Users\Lamp\AppData\Local\Temp\cczGlxAo.s 			page 1


   1              		.cpu cortex-m4
   2              		.arch armv7e-m
   3              		.fpu fpv4-sp-d16
   4              		.eabi_attribute 27, 1
   5              		.eabi_attribute 28, 1
   6              		.eabi_attribute 20, 1
   7              		.eabi_attribute 21, 1
   8              		.eabi_attribute 23, 3
   9              		.eabi_attribute 24, 1
  10              		.eabi_attribute 25, 1
  11              		.eabi_attribute 26, 1
  12              		.eabi_attribute 30, 1
  13              		.eabi_attribute 34, 1
  14              		.eabi_attribute 18, 4
  15              		.file	"encoder.c"
  16              		.text
  17              	.Ltext0:
  18              		.cfi_sections	.debug_frame
  19              		.file 1 "Core/Src/Drivers/Src/encoder.c"
  20              		.section	.text.MX_TIM2_Init,"ax",%progbits
  21              		.align	1
  22              		.syntax unified
  23              		.thumb
  24              		.thumb_func
  26              	MX_TIM2_Init:
  27              	.LFB176:
   1:Core/Src/Drivers/Src/encoder.c **** #include "encoder.h"
   2:Core/Src/Drivers/Src/encoder.c **** 
   3:Core/Src/Drivers/Src/encoder.c **** TIM_HandleTypeDef htim2;
   4:Core/Src/Drivers/Src/encoder.c **** TIM_HandleTypeDef htim3;
   5:Core/Src/Drivers/Src/encoder.c **** 
   6:Core/Src/Drivers/Src/encoder.c **** static void MX_TIM2_Init(void);
   7:Core/Src/Drivers/Src/encoder.c **** static void MX_TIM3_Init(void);
   8:Core/Src/Drivers/Src/encoder.c **** 
   9:Core/Src/Drivers/Src/encoder.c **** Encoder encoder_topic;
  10:Core/Src/Drivers/Src/encoder.c **** 
  11:Core/Src/Drivers/Src/encoder.c **** /**
  12:Core/Src/Drivers/Src/encoder.c ****   * @brief  Input Capture callback in non-blocking mode
  13:Core/Src/Drivers/Src/encoder.c ****   * @param  htim TIM IC handle
  14:Core/Src/Drivers/Src/encoder.c ****   * @retval None
  15:Core/Src/Drivers/Src/encoder.c ****   */
  16:Core/Src/Drivers/Src/encoder.c **** void HAL_TIM_IC_CaptureCallback (TIM_HandleTypeDef *htim) { 
  17:Core/Src/Drivers/Src/encoder.c ****   if (htim->Instance == TIM2) {
  18:Core/Src/Drivers/Src/encoder.c ****     /* Read motor encoder counter value */
  19:Core/Src/Drivers/Src/encoder.c ****     encoder_topic.MotorCnt = (int32_t)((uint32_t)__HAL_TIM_GET_COUNTER(htim));
  20:Core/Src/Drivers/Src/encoder.c **** 
  21:Core/Src/Drivers/Src/encoder.c ****   }
  22:Core/Src/Drivers/Src/encoder.c ****   else if (htim->Instance == TIM3) {
  23:Core/Src/Drivers/Src/encoder.c ****     /* Read pendullum encoder counter value */
  24:Core/Src/Drivers/Src/encoder.c ****     encoder_topic.PendulumCnt = (int16_t)((uint32_t) __HAL_TIM_GET_COUNTER(htim));
  25:Core/Src/Drivers/Src/encoder.c ****     if (encoder_topic.PendulumCnt >= 4000 || encoder_topic.PendulumCnt <= -4000 ) {
  26:Core/Src/Drivers/Src/encoder.c ****       __HAL_TIM_SET_COUNTER(&htim3, 0);
  27:Core/Src/Drivers/Src/encoder.c ****     }
  28:Core/Src/Drivers/Src/encoder.c ****   }
  29:Core/Src/Drivers/Src/encoder.c **** }
  30:Core/Src/Drivers/Src/encoder.c **** 
  31:Core/Src/Drivers/Src/encoder.c **** void HAL_GPIO_EXTI_Callback(uint16_t GPIO_Pin) {
ARM GAS  C:\Users\Lamp\AppData\Local\Temp\cczGlxAo.s 			page 2


  32:Core/Src/Drivers/Src/encoder.c ****   if (GPIO_Pin == GPIO_PIN_1) {
  33:Core/Src/Drivers/Src/encoder.c ****     if (encoder_topic.PendulumCnt > 0 && encoder_topic.PendulumCnt < 1000) __HAL_TIM_SET_COUNTER(&h
  34:Core/Src/Drivers/Src/encoder.c ****     else if (encoder_topic.PendulumCnt < -3000) __HAL_TIM_SET_COUNTER(&htim3, -3672);
  35:Core/Src/Drivers/Src/encoder.c **** 
  36:Core/Src/Drivers/Src/encoder.c ****     HAL_GPIO_TogglePin(GPIOD, GPIO_PIN_12);
  37:Core/Src/Drivers/Src/encoder.c ****   }
  38:Core/Src/Drivers/Src/encoder.c **** }
  39:Core/Src/Drivers/Src/encoder.c **** 
  40:Core/Src/Drivers/Src/encoder.c **** void EXTI1_IRQHandler(void) {
  41:Core/Src/Drivers/Src/encoder.c ****   HAL_GPIO_EXTI_IRQHandler(GPIO_PIN_1); // Xử lý ngắt
  42:Core/Src/Drivers/Src/encoder.c **** }
  43:Core/Src/Drivers/Src/encoder.c **** 
  44:Core/Src/Drivers/Src/encoder.c **** /**
  45:Core/Src/Drivers/Src/encoder.c ****   * @brief This function initialize USART1.
  46:Core/Src/Drivers/Src/encoder.c ****   */
  47:Core/Src/Drivers/Src/encoder.c **** void Driver_Encoder_Init()
  48:Core/Src/Drivers/Src/encoder.c **** {
  49:Core/Src/Drivers/Src/encoder.c ****   MX_TIM2_Init(); // Motor encoder
  50:Core/Src/Drivers/Src/encoder.c ****   MX_TIM3_Init(); // Pendullum encoder
  51:Core/Src/Drivers/Src/encoder.c ****   
  52:Core/Src/Drivers/Src/encoder.c **** 
  53:Core/Src/Drivers/Src/encoder.c ****   encoder_topic = (Encoder) {.MotorCnt = 0, .PendulumCnt = 0};
  54:Core/Src/Drivers/Src/encoder.c ****   HAL_TIM_Encoder_Start_IT(&htim2, TIM_CHANNEL_ALL);
  55:Core/Src/Drivers/Src/encoder.c ****   HAL_TIM_Encoder_Start_IT(&htim3, TIM_CHANNEL_ALL);
  56:Core/Src/Drivers/Src/encoder.c **** }
  57:Core/Src/Drivers/Src/encoder.c **** 
  58:Core/Src/Drivers/Src/encoder.c **** /**
  59:Core/Src/Drivers/Src/encoder.c ****   * @brief TIM2 Initialization Function
  60:Core/Src/Drivers/Src/encoder.c ****   * @param None
  61:Core/Src/Drivers/Src/encoder.c ****   * @retval None
  62:Core/Src/Drivers/Src/encoder.c ****   */
  63:Core/Src/Drivers/Src/encoder.c **** static void MX_TIM2_Init(void)
  64:Core/Src/Drivers/Src/encoder.c **** {
  28              		.loc 1 64 1 view -0
  29              		.cfi_startproc
  30              		@ args = 0, pretend = 0, frame = 48
  31              		@ frame_needed = 0, uses_anonymous_args = 0
  32 0000 30B5     		push	{r4, r5, lr}
  33              	.LCFI0:
  34              		.cfi_def_cfa_offset 12
  35              		.cfi_offset 4, -12
  36              		.cfi_offset 5, -8
  37              		.cfi_offset 14, -4
  38 0002 8DB0     		sub	sp, sp, #52
  39              	.LCFI1:
  40              		.cfi_def_cfa_offset 64
  65:Core/Src/Drivers/Src/encoder.c ****   TIM_Encoder_InitTypeDef sConfig = {0};
  41              		.loc 1 65 3 view .LVU1
  42              		.loc 1 65 27 is_stmt 0 view .LVU2
  43 0004 2422     		movs	r2, #36
  44 0006 0021     		movs	r1, #0
  45 0008 03A8     		add	r0, sp, #12
  46 000a FFF7FEFF 		bl	memset
  47              	.LVL0:
  66:Core/Src/Drivers/Src/encoder.c ****   TIM_MasterConfigTypeDef sMasterConfig = {0};
  48              		.loc 1 66 3 is_stmt 1 view .LVU3
  49              		.loc 1 66 27 is_stmt 0 view .LVU4
ARM GAS  C:\Users\Lamp\AppData\Local\Temp\cczGlxAo.s 			page 3


  50 000e 0025     		movs	r5, #0
  51 0010 0195     		str	r5, [sp, #4]
  52 0012 0295     		str	r5, [sp, #8]
  67:Core/Src/Drivers/Src/encoder.c **** 
  68:Core/Src/Drivers/Src/encoder.c ****   /* USER CODE BEGIN TIM2_Init 1 */
  69:Core/Src/Drivers/Src/encoder.c **** 
  70:Core/Src/Drivers/Src/encoder.c ****   /* USER CODE END TIM2_Init 1 */
  71:Core/Src/Drivers/Src/encoder.c ****   htim2.Instance = TIM2;
  53              		.loc 1 71 3 is_stmt 1 view .LVU5
  54              		.loc 1 71 18 is_stmt 0 view .LVU6
  55 0014 0E4C     		ldr	r4, .L3
  56 0016 4FF08043 		mov	r3, #1073741824
  57 001a 2360     		str	r3, [r4]
  72:Core/Src/Drivers/Src/encoder.c ****   htim2.Init.Prescaler = 0;
  58              		.loc 1 72 3 is_stmt 1 view .LVU7
  59              		.loc 1 72 24 is_stmt 0 view .LVU8
  60 001c 6560     		str	r5, [r4, #4]
  73:Core/Src/Drivers/Src/encoder.c ****   htim2.Init.CounterMode = TIM_COUNTERMODE_UP;
  61              		.loc 1 73 3 is_stmt 1 view .LVU9
  62              		.loc 1 73 26 is_stmt 0 view .LVU10
  63 001e A560     		str	r5, [r4, #8]
  74:Core/Src/Drivers/Src/encoder.c ****   htim2.Init.Period = 4294967295; /* 0 -> (2^32) - 1*/
  64              		.loc 1 74 3 is_stmt 1 view .LVU11
  65              		.loc 1 74 21 is_stmt 0 view .LVU12
  66 0020 4FF0FF33 		mov	r3, #-1
  67 0024 E360     		str	r3, [r4, #12]
  75:Core/Src/Drivers/Src/encoder.c ****   htim2.Init.ClockDivision = TIM_CLOCKDIVISION_DIV1;
  68              		.loc 1 75 3 is_stmt 1 view .LVU13
  69              		.loc 1 75 28 is_stmt 0 view .LVU14
  70 0026 2561     		str	r5, [r4, #16]
  76:Core/Src/Drivers/Src/encoder.c ****   htim2.Init.AutoReloadPreload = TIM_AUTORELOAD_PRELOAD_ENABLE;
  71              		.loc 1 76 3 is_stmt 1 view .LVU15
  72              		.loc 1 76 32 is_stmt 0 view .LVU16
  73 0028 8023     		movs	r3, #128
  74 002a A361     		str	r3, [r4, #24]
  77:Core/Src/Drivers/Src/encoder.c ****   sConfig.EncoderMode = TIM_ENCODERMODE_TI12;
  75              		.loc 1 77 3 is_stmt 1 view .LVU17
  76              		.loc 1 77 23 is_stmt 0 view .LVU18
  77 002c 0323     		movs	r3, #3
  78 002e 0393     		str	r3, [sp, #12]
  78:Core/Src/Drivers/Src/encoder.c ****   sConfig.IC1Polarity = TIM_ICPOLARITY_RISING;
  79              		.loc 1 78 3 is_stmt 1 view .LVU19
  79:Core/Src/Drivers/Src/encoder.c ****   sConfig.IC1Selection = TIM_ICSELECTION_DIRECTTI;
  80              		.loc 1 79 3 view .LVU20
  81              		.loc 1 79 24 is_stmt 0 view .LVU21
  82 0030 0123     		movs	r3, #1
  83 0032 0593     		str	r3, [sp, #20]
  80:Core/Src/Drivers/Src/encoder.c ****   sConfig.IC1Prescaler = TIM_ICPSC_DIV1;
  84              		.loc 1 80 3 is_stmt 1 view .LVU22
  81:Core/Src/Drivers/Src/encoder.c ****   sConfig.IC1Filter = 0;
  85              		.loc 1 81 3 view .LVU23
  82:Core/Src/Drivers/Src/encoder.c ****   sConfig.IC2Polarity = TIM_ICPOLARITY_RISING;
  86              		.loc 1 82 3 view .LVU24
  83:Core/Src/Drivers/Src/encoder.c ****   sConfig.IC2Selection = TIM_ICSELECTION_DIRECTTI;
  87              		.loc 1 83 3 view .LVU25
  88              		.loc 1 83 24 is_stmt 0 view .LVU26
  89 0034 0993     		str	r3, [sp, #36]
ARM GAS  C:\Users\Lamp\AppData\Local\Temp\cczGlxAo.s 			page 4


  84:Core/Src/Drivers/Src/encoder.c ****   sConfig.IC2Prescaler = TIM_ICPSC_DIV1;
  90              		.loc 1 84 3 is_stmt 1 view .LVU27
  85:Core/Src/Drivers/Src/encoder.c ****   sConfig.IC2Filter = 0;
  91              		.loc 1 85 3 view .LVU28
  86:Core/Src/Drivers/Src/encoder.c ****   HAL_TIM_Encoder_Init(&htim2, &sConfig);
  92              		.loc 1 86 3 view .LVU29
  93 0036 03A9     		add	r1, sp, #12
  94 0038 2046     		mov	r0, r4
  95 003a FFF7FEFF 		bl	HAL_TIM_Encoder_Init
  96              	.LVL1:
  87:Core/Src/Drivers/Src/encoder.c ****   sMasterConfig.MasterOutputTrigger = TIM_TRGO_RESET;
  97              		.loc 1 87 3 view .LVU30
  98              		.loc 1 87 37 is_stmt 0 view .LVU31
  99 003e 0195     		str	r5, [sp, #4]
  88:Core/Src/Drivers/Src/encoder.c ****   sMasterConfig.MasterSlaveMode = TIM_MASTERSLAVEMODE_DISABLE;
 100              		.loc 1 88 3 is_stmt 1 view .LVU32
 101              		.loc 1 88 33 is_stmt 0 view .LVU33
 102 0040 0295     		str	r5, [sp, #8]
  89:Core/Src/Drivers/Src/encoder.c ****   HAL_TIMEx_MasterConfigSynchronization(&htim2, &sMasterConfig);
 103              		.loc 1 89 3 is_stmt 1 view .LVU34
 104 0042 01A9     		add	r1, sp, #4
 105 0044 2046     		mov	r0, r4
 106 0046 FFF7FEFF 		bl	HAL_TIMEx_MasterConfigSynchronization
 107              	.LVL2:
  90:Core/Src/Drivers/Src/encoder.c **** }
 108              		.loc 1 90 1 is_stmt 0 view .LVU35
 109 004a 0DB0     		add	sp, sp, #52
 110              	.LCFI2:
 111              		.cfi_def_cfa_offset 12
 112              		@ sp needed
 113 004c 30BD     		pop	{r4, r5, pc}
 114              	.L4:
 115 004e 00BF     		.align	2
 116              	.L3:
 117 0050 00000000 		.word	htim2
 118              		.cfi_endproc
 119              	.LFE176:
 121              		.section	.text.MX_TIM3_Init,"ax",%progbits
 122              		.align	1
 123              		.syntax unified
 124              		.thumb
 125              		.thumb_func
 127              	MX_TIM3_Init:
 128              	.LFB177:
  91:Core/Src/Drivers/Src/encoder.c **** 
  92:Core/Src/Drivers/Src/encoder.c **** /**
  93:Core/Src/Drivers/Src/encoder.c ****   * @brief TIM3 Initialization Function
  94:Core/Src/Drivers/Src/encoder.c ****   * @param None
  95:Core/Src/Drivers/Src/encoder.c ****   * @retval None
  96:Core/Src/Drivers/Src/encoder.c ****   */
  97:Core/Src/Drivers/Src/encoder.c **** static void MX_TIM3_Init(void) {
 129              		.loc 1 97 32 is_stmt 1 view -0
 130              		.cfi_startproc
 131              		@ args = 0, pretend = 0, frame = 48
 132              		@ frame_needed = 0, uses_anonymous_args = 0
 133 0000 30B5     		push	{r4, r5, lr}
 134              	.LCFI3:
ARM GAS  C:\Users\Lamp\AppData\Local\Temp\cczGlxAo.s 			page 5


 135              		.cfi_def_cfa_offset 12
 136              		.cfi_offset 4, -12
 137              		.cfi_offset 5, -8
 138              		.cfi_offset 14, -4
 139 0002 8DB0     		sub	sp, sp, #52
 140              	.LCFI4:
 141              		.cfi_def_cfa_offset 64
  98:Core/Src/Drivers/Src/encoder.c ****   TIM_Encoder_InitTypeDef sConfig = {0};
 142              		.loc 1 98 3 view .LVU37
 143              		.loc 1 98 27 is_stmt 0 view .LVU38
 144 0004 2422     		movs	r2, #36
 145 0006 0021     		movs	r1, #0
 146 0008 03A8     		add	r0, sp, #12
 147 000a FFF7FEFF 		bl	memset
 148              	.LVL3:
  99:Core/Src/Drivers/Src/encoder.c ****   TIM_MasterConfigTypeDef sMasterConfig = {0};
 149              		.loc 1 99 3 is_stmt 1 view .LVU39
 150              		.loc 1 99 27 is_stmt 0 view .LVU40
 151 000e 0025     		movs	r5, #0
 152 0010 0195     		str	r5, [sp, #4]
 153 0012 0295     		str	r5, [sp, #8]
 100:Core/Src/Drivers/Src/encoder.c **** 
 101:Core/Src/Drivers/Src/encoder.c ****   /* USER CODE BEGIN TIM3_Init 1 */
 102:Core/Src/Drivers/Src/encoder.c **** 
 103:Core/Src/Drivers/Src/encoder.c ****   /* USER CODE END TIM3_Init 1 */
 104:Core/Src/Drivers/Src/encoder.c ****   htim3.Instance = TIM3;
 154              		.loc 1 104 3 is_stmt 1 view .LVU41
 155              		.loc 1 104 18 is_stmt 0 view .LVU42
 156 0014 0D4C     		ldr	r4, .L7
 157 0016 0E4B     		ldr	r3, .L7+4
 158 0018 2360     		str	r3, [r4]
 105:Core/Src/Drivers/Src/encoder.c ****   htim3.Init.Prescaler = 0;
 159              		.loc 1 105 3 is_stmt 1 view .LVU43
 160              		.loc 1 105 24 is_stmt 0 view .LVU44
 161 001a 6560     		str	r5, [r4, #4]
 106:Core/Src/Drivers/Src/encoder.c ****   htim3.Init.CounterMode = TIM_COUNTERMODE_UP;
 162              		.loc 1 106 3 is_stmt 1 view .LVU45
 163              		.loc 1 106 26 is_stmt 0 view .LVU46
 164 001c A560     		str	r5, [r4, #8]
 107:Core/Src/Drivers/Src/encoder.c ****   htim3.Init.Period = 65535; /* 0 -> (2^16) - 1*/
 165              		.loc 1 107 3 is_stmt 1 view .LVU47
 166              		.loc 1 107 21 is_stmt 0 view .LVU48
 167 001e 4FF6FF73 		movw	r3, #65535
 168 0022 E360     		str	r3, [r4, #12]
 108:Core/Src/Drivers/Src/encoder.c ****   htim3.Init.ClockDivision = TIM_CLOCKDIVISION_DIV1;
 169              		.loc 1 108 3 is_stmt 1 view .LVU49
 170              		.loc 1 108 28 is_stmt 0 view .LVU50
 171 0024 2561     		str	r5, [r4, #16]
 109:Core/Src/Drivers/Src/encoder.c ****   htim3.Init.AutoReloadPreload = TIM_AUTORELOAD_PRELOAD_ENABLE;
 172              		.loc 1 109 3 is_stmt 1 view .LVU51
 173              		.loc 1 109 32 is_stmt 0 view .LVU52
 174 0026 8023     		movs	r3, #128
 175 0028 A361     		str	r3, [r4, #24]
 110:Core/Src/Drivers/Src/encoder.c ****   sConfig.EncoderMode = TIM_ENCODERMODE_TI12;
 176              		.loc 1 110 3 is_stmt 1 view .LVU53
 177              		.loc 1 110 23 is_stmt 0 view .LVU54
 178 002a 0323     		movs	r3, #3
ARM GAS  C:\Users\Lamp\AppData\Local\Temp\cczGlxAo.s 			page 6


 179 002c 0393     		str	r3, [sp, #12]
 111:Core/Src/Drivers/Src/encoder.c ****   sConfig.IC1Polarity = TIM_ICPOLARITY_RISING;
 180              		.loc 1 111 3 is_stmt 1 view .LVU55
 112:Core/Src/Drivers/Src/encoder.c ****   sConfig.IC1Selection = TIM_ICSELECTION_DIRECTTI;
 181              		.loc 1 112 3 view .LVU56
 182              		.loc 1 112 24 is_stmt 0 view .LVU57
 183 002e 0123     		movs	r3, #1
 184 0030 0593     		str	r3, [sp, #20]
 113:Core/Src/Drivers/Src/encoder.c ****   sConfig.IC1Prescaler = TIM_ICPSC_DIV1;
 185              		.loc 1 113 3 is_stmt 1 view .LVU58
 114:Core/Src/Drivers/Src/encoder.c ****   sConfig.IC1Filter = 0;
 186              		.loc 1 114 3 view .LVU59
 115:Core/Src/Drivers/Src/encoder.c ****   sConfig.IC2Polarity = TIM_ICPOLARITY_RISING;
 187              		.loc 1 115 3 view .LVU60
 116:Core/Src/Drivers/Src/encoder.c ****   sConfig.IC2Selection = TIM_ICSELECTION_DIRECTTI;
 188              		.loc 1 116 3 view .LVU61
 189              		.loc 1 116 24 is_stmt 0 view .LVU62
 190 0032 0993     		str	r3, [sp, #36]
 117:Core/Src/Drivers/Src/encoder.c ****   sConfig.IC2Prescaler = TIM_ICPSC_DIV1;
 191              		.loc 1 117 3 is_stmt 1 view .LVU63
 118:Core/Src/Drivers/Src/encoder.c ****   sConfig.IC2Filter = 0;
 192              		.loc 1 118 3 view .LVU64
 119:Core/Src/Drivers/Src/encoder.c ****   HAL_TIM_Encoder_Init(&htim3, &sConfig);
 193              		.loc 1 119 3 view .LVU65
 194 0034 03A9     		add	r1, sp, #12
 195 0036 2046     		mov	r0, r4
 196 0038 FFF7FEFF 		bl	HAL_TIM_Encoder_Init
 197              	.LVL4:
 120:Core/Src/Drivers/Src/encoder.c ****   sMasterConfig.MasterOutputTrigger = TIM_TRGO_RESET;
 198              		.loc 1 120 3 view .LVU66
 199              		.loc 1 120 37 is_stmt 0 view .LVU67
 200 003c 0195     		str	r5, [sp, #4]
 121:Core/Src/Drivers/Src/encoder.c ****   sMasterConfig.MasterSlaveMode = TIM_MASTERSLAVEMODE_DISABLE;
 201              		.loc 1 121 3 is_stmt 1 view .LVU68
 202              		.loc 1 121 33 is_stmt 0 view .LVU69
 203 003e 0295     		str	r5, [sp, #8]
 122:Core/Src/Drivers/Src/encoder.c ****   HAL_TIMEx_MasterConfigSynchronization(&htim3, &sMasterConfig);
 204              		.loc 1 122 3 is_stmt 1 view .LVU70
 205 0040 01A9     		add	r1, sp, #4
 206 0042 2046     		mov	r0, r4
 207 0044 FFF7FEFF 		bl	HAL_TIMEx_MasterConfigSynchronization
 208              	.LVL5:
 123:Core/Src/Drivers/Src/encoder.c **** }
 209              		.loc 1 123 1 is_stmt 0 view .LVU71
 210 0048 0DB0     		add	sp, sp, #52
 211              	.LCFI5:
 212              		.cfi_def_cfa_offset 12
 213              		@ sp needed
 214 004a 30BD     		pop	{r4, r5, pc}
 215              	.L8:
 216              		.align	2
 217              	.L7:
 218 004c 00000000 		.word	htim3
 219 0050 00040040 		.word	1073742848
 220              		.cfi_endproc
 221              	.LFE177:
 223              		.section	.text.HAL_TIM_IC_CaptureCallback,"ax",%progbits
ARM GAS  C:\Users\Lamp\AppData\Local\Temp\cczGlxAo.s 			page 7


 224              		.align	1
 225              		.global	HAL_TIM_IC_CaptureCallback
 226              		.syntax unified
 227              		.thumb
 228              		.thumb_func
 230              	HAL_TIM_IC_CaptureCallback:
 231              	.LVL6:
 232              	.LFB172:
  16:Core/Src/Drivers/Src/encoder.c ****   if (htim->Instance == TIM2) {
 233              		.loc 1 16 59 is_stmt 1 view -0
 234              		.cfi_startproc
 235              		@ args = 0, pretend = 0, frame = 0
 236              		@ frame_needed = 0, uses_anonymous_args = 0
 237              		@ link register save eliminated.
  17:Core/Src/Drivers/Src/encoder.c ****     /* Read motor encoder counter value */
 238              		.loc 1 17 3 view .LVU73
  17:Core/Src/Drivers/Src/encoder.c ****     /* Read motor encoder counter value */
 239              		.loc 1 17 11 is_stmt 0 view .LVU74
 240 0000 0368     		ldr	r3, [r0]
  17:Core/Src/Drivers/Src/encoder.c ****     /* Read motor encoder counter value */
 241              		.loc 1 17 6 view .LVU75
 242 0002 B3F1804F 		cmp	r3, #1073741824
 243 0006 03D0     		beq	.L12
  22:Core/Src/Drivers/Src/encoder.c ****     /* Read pendullum encoder counter value */
 244              		.loc 1 22 8 is_stmt 1 view .LVU76
  22:Core/Src/Drivers/Src/encoder.c ****     /* Read pendullum encoder counter value */
 245              		.loc 1 22 11 is_stmt 0 view .LVU77
 246 0008 0B4A     		ldr	r2, .L14
 247 000a 9342     		cmp	r3, r2
 248 000c 04D0     		beq	.L13
 249              	.L9:
  29:Core/Src/Drivers/Src/encoder.c **** 
 250              		.loc 1 29 1 view .LVU78
 251 000e 7047     		bx	lr
 252              	.L12:
  19:Core/Src/Drivers/Src/encoder.c **** 
 253              		.loc 1 19 5 is_stmt 1 view .LVU79
  19:Core/Src/Drivers/Src/encoder.c **** 
 254              		.loc 1 19 50 is_stmt 0 view .LVU80
 255 0010 5A6A     		ldr	r2, [r3, #36]
  19:Core/Src/Drivers/Src/encoder.c **** 
 256              		.loc 1 19 28 view .LVU81
 257 0012 0A4B     		ldr	r3, .L14+4
 258 0014 5A60     		str	r2, [r3, #4]
 259 0016 7047     		bx	lr
 260              	.L13:
  24:Core/Src/Drivers/Src/encoder.c ****     if (encoder_topic.PendulumCnt >= 4000 || encoder_topic.PendulumCnt <= -4000 ) {
 261              		.loc 1 24 5 is_stmt 1 view .LVU82
  24:Core/Src/Drivers/Src/encoder.c ****     if (encoder_topic.PendulumCnt >= 4000 || encoder_topic.PendulumCnt <= -4000 ) {
 262              		.loc 1 24 54 is_stmt 0 view .LVU83
 263 0018 5B6A     		ldr	r3, [r3, #36]
  24:Core/Src/Drivers/Src/encoder.c ****     if (encoder_topic.PendulumCnt >= 4000 || encoder_topic.PendulumCnt <= -4000 ) {
 264              		.loc 1 24 31 view .LVU84
 265 001a 084A     		ldr	r2, .L14+4
 266 001c 1380     		strh	r3, [r2]	@ movhi
  25:Core/Src/Drivers/Src/encoder.c ****       __HAL_TIM_SET_COUNTER(&htim3, 0);
 267              		.loc 1 25 5 is_stmt 1 view .LVU85
ARM GAS  C:\Users\Lamp\AppData\Local\Temp\cczGlxAo.s 			page 8


  25:Core/Src/Drivers/Src/encoder.c ****       __HAL_TIM_SET_COUNTER(&htim3, 0);
 268              		.loc 1 25 43 is_stmt 0 view .LVU86
 269 001e 03F69F73 		addw	r3, r3, #3999
 270 0022 9BB2     		uxth	r3, r3
  25:Core/Src/Drivers/Src/encoder.c ****       __HAL_TIM_SET_COUNTER(&htim3, 0);
 271              		.loc 1 25 8 view .LVU87
 272 0024 41F63E72 		movw	r2, #7998
 273 0028 9342     		cmp	r3, r2
 274 002a F0D9     		bls	.L9
  26:Core/Src/Drivers/Src/encoder.c ****     }
 275              		.loc 1 26 7 is_stmt 1 view .LVU88
 276 002c 044B     		ldr	r3, .L14+8
 277 002e 1B68     		ldr	r3, [r3]
 278 0030 0022     		movs	r2, #0
 279 0032 5A62     		str	r2, [r3, #36]
  29:Core/Src/Drivers/Src/encoder.c **** 
 280              		.loc 1 29 1 is_stmt 0 view .LVU89
 281 0034 EBE7     		b	.L9
 282              	.L15:
 283 0036 00BF     		.align	2
 284              	.L14:
 285 0038 00040040 		.word	1073742848
 286 003c 00000000 		.word	encoder_topic
 287 0040 00000000 		.word	htim3
 288              		.cfi_endproc
 289              	.LFE172:
 291              		.section	.text.HAL_GPIO_EXTI_Callback,"ax",%progbits
 292              		.align	1
 293              		.global	HAL_GPIO_EXTI_Callback
 294              		.syntax unified
 295              		.thumb
 296              		.thumb_func
 298              	HAL_GPIO_EXTI_Callback:
 299              	.LVL7:
 300              	.LFB173:
  31:Core/Src/Drivers/Src/encoder.c ****   if (GPIO_Pin == GPIO_PIN_1) {
 301              		.loc 1 31 48 is_stmt 1 view -0
 302              		.cfi_startproc
 303              		@ args = 0, pretend = 0, frame = 0
 304              		@ frame_needed = 0, uses_anonymous_args = 0
  32:Core/Src/Drivers/Src/encoder.c ****     if (encoder_topic.PendulumCnt > 0 && encoder_topic.PendulumCnt < 1000) __HAL_TIM_SET_COUNTER(&h
 305              		.loc 1 32 3 view .LVU91
  32:Core/Src/Drivers/Src/encoder.c ****     if (encoder_topic.PendulumCnt > 0 && encoder_topic.PendulumCnt < 1000) __HAL_TIM_SET_COUNTER(&h
 306              		.loc 1 32 6 is_stmt 0 view .LVU92
 307 0000 0228     		cmp	r0, #2
 308 0002 00D0     		beq	.L24
 309 0004 7047     		bx	lr
 310              	.L24:
  31:Core/Src/Drivers/Src/encoder.c ****   if (GPIO_Pin == GPIO_PIN_1) {
 311              		.loc 1 31 48 view .LVU93
 312 0006 08B5     		push	{r3, lr}
 313              	.LCFI6:
 314              		.cfi_def_cfa_offset 8
 315              		.cfi_offset 3, -8
 316              		.cfi_offset 14, -4
  33:Core/Src/Drivers/Src/encoder.c ****     else if (encoder_topic.PendulumCnt < -3000) __HAL_TIM_SET_COUNTER(&htim3, -3672);
 317              		.loc 1 33 5 is_stmt 1 view .LVU94
ARM GAS  C:\Users\Lamp\AppData\Local\Temp\cczGlxAo.s 			page 9


  33:Core/Src/Drivers/Src/encoder.c ****     else if (encoder_topic.PendulumCnt < -3000) __HAL_TIM_SET_COUNTER(&htim3, -3672);
 318              		.loc 1 33 22 is_stmt 0 view .LVU95
 319 0008 0D4B     		ldr	r3, .L25
 320 000a B3F90020 		ldrsh	r2, [r3]
  33:Core/Src/Drivers/Src/encoder.c ****     else if (encoder_topic.PendulumCnt < -3000) __HAL_TIM_SET_COUNTER(&htim3, -3672);
 321              		.loc 1 33 39 view .LVU96
 322 000e 531E     		subs	r3, r2, #1
 323 0010 9BB2     		uxth	r3, r3
  33:Core/Src/Drivers/Src/encoder.c ****     else if (encoder_topic.PendulumCnt < -3000) __HAL_TIM_SET_COUNTER(&htim3, -3672);
 324              		.loc 1 33 8 view .LVU97
 325 0012 40F2E631 		movw	r1, #998
 326 0016 8B42     		cmp	r3, r1
 327 0018 0AD8     		bhi	.L18
  33:Core/Src/Drivers/Src/encoder.c ****     else if (encoder_topic.PendulumCnt < -3000) __HAL_TIM_SET_COUNTER(&htim3, -3672);
 328              		.loc 1 33 76 is_stmt 1 discriminator 1 view .LVU98
 329 001a 0A4B     		ldr	r3, .L25+4
 330 001c 1B68     		ldr	r3, [r3]
 331 001e 4FF4A472 		mov	r2, #328
 332 0022 5A62     		str	r2, [r3, #36]
 333              	.L19:
  36:Core/Src/Drivers/Src/encoder.c ****   }
 334              		.loc 1 36 5 view .LVU99
 335 0024 4FF48051 		mov	r1, #4096
 336 0028 0748     		ldr	r0, .L25+8
 337              	.LVL8:
  36:Core/Src/Drivers/Src/encoder.c ****   }
 338              		.loc 1 36 5 is_stmt 0 view .LVU100
 339 002a FFF7FEFF 		bl	HAL_GPIO_TogglePin
 340              	.LVL9:
  38:Core/Src/Drivers/Src/encoder.c **** 
 341              		.loc 1 38 1 view .LVU101
 342 002e 08BD     		pop	{r3, pc}
 343              	.LVL10:
 344              	.L18:
  34:Core/Src/Drivers/Src/encoder.c **** 
 345              		.loc 1 34 10 is_stmt 1 view .LVU102
  34:Core/Src/Drivers/Src/encoder.c **** 
 346              		.loc 1 34 13 is_stmt 0 view .LVU103
 347 0030 064B     		ldr	r3, .L25+12
 348 0032 9A42     		cmp	r2, r3
 349 0034 F6DA     		bge	.L19
  34:Core/Src/Drivers/Src/encoder.c **** 
 350              		.loc 1 34 49 is_stmt 1 discriminator 1 view .LVU104
 351 0036 034B     		ldr	r3, .L25+4
 352 0038 1B68     		ldr	r3, [r3]
 353 003a 054A     		ldr	r2, .L25+16
 354 003c 5A62     		str	r2, [r3, #36]
 355 003e F1E7     		b	.L19
 356              	.L26:
 357              		.align	2
 358              	.L25:
 359 0040 00000000 		.word	encoder_topic
 360 0044 00000000 		.word	htim3
 361 0048 000C0240 		.word	1073875968
 362 004c 48F4FFFF 		.word	-3000
 363 0050 A8F1FFFF 		.word	-3672
 364              		.cfi_endproc
ARM GAS  C:\Users\Lamp\AppData\Local\Temp\cczGlxAo.s 			page 10


 365              	.LFE173:
 367              		.section	.text.EXTI1_IRQHandler,"ax",%progbits
 368              		.align	1
 369              		.global	EXTI1_IRQHandler
 370              		.syntax unified
 371              		.thumb
 372              		.thumb_func
 374              	EXTI1_IRQHandler:
 375              	.LFB174:
  40:Core/Src/Drivers/Src/encoder.c ****   HAL_GPIO_EXTI_IRQHandler(GPIO_PIN_1); // Xử lý ngắt
 376              		.loc 1 40 29 view -0
 377              		.cfi_startproc
 378              		@ args = 0, pretend = 0, frame = 0
 379              		@ frame_needed = 0, uses_anonymous_args = 0
 380 0000 08B5     		push	{r3, lr}
 381              	.LCFI7:
 382              		.cfi_def_cfa_offset 8
 383              		.cfi_offset 3, -8
 384              		.cfi_offset 14, -4
  41:Core/Src/Drivers/Src/encoder.c **** }
 385              		.loc 1 41 3 view .LVU106
 386 0002 0220     		movs	r0, #2
 387 0004 FFF7FEFF 		bl	HAL_GPIO_EXTI_IRQHandler
 388              	.LVL11:
  42:Core/Src/Drivers/Src/encoder.c **** 
 389              		.loc 1 42 1 is_stmt 0 view .LVU107
 390 0008 08BD     		pop	{r3, pc}
 391              		.cfi_endproc
 392              	.LFE174:
 394              		.section	.text.Driver_Encoder_Init,"ax",%progbits
 395              		.align	1
 396              		.global	Driver_Encoder_Init
 397              		.syntax unified
 398              		.thumb
 399              		.thumb_func
 401              	Driver_Encoder_Init:
 402              	.LFB175:
  48:Core/Src/Drivers/Src/encoder.c ****   MX_TIM2_Init(); // Motor encoder
 403              		.loc 1 48 1 is_stmt 1 view -0
 404              		.cfi_startproc
 405              		@ args = 0, pretend = 0, frame = 0
 406              		@ frame_needed = 0, uses_anonymous_args = 0
 407 0000 08B5     		push	{r3, lr}
 408              	.LCFI8:
 409              		.cfi_def_cfa_offset 8
 410              		.cfi_offset 3, -8
 411              		.cfi_offset 14, -4
  49:Core/Src/Drivers/Src/encoder.c ****   MX_TIM3_Init(); // Pendullum encoder
 412              		.loc 1 49 3 view .LVU109
 413 0002 FFF7FEFF 		bl	MX_TIM2_Init
 414              	.LVL12:
  50:Core/Src/Drivers/Src/encoder.c ****   
 415              		.loc 1 50 3 view .LVU110
 416 0006 FFF7FEFF 		bl	MX_TIM3_Init
 417              	.LVL13:
  53:Core/Src/Drivers/Src/encoder.c ****   HAL_TIM_Encoder_Start_IT(&htim2, TIM_CHANNEL_ALL);
 418              		.loc 1 53 3 view .LVU111
ARM GAS  C:\Users\Lamp\AppData\Local\Temp\cczGlxAo.s 			page 11


  53:Core/Src/Drivers/Src/encoder.c ****   HAL_TIM_Encoder_Start_IT(&htim2, TIM_CHANNEL_ALL);
 419              		.loc 1 53 17 is_stmt 0 view .LVU112
 420 000a 064B     		ldr	r3, .L31
 421 000c 0022     		movs	r2, #0
 422 000e 1A80     		strh	r2, [r3]	@ movhi
 423 0010 5A60     		str	r2, [r3, #4]
  54:Core/Src/Drivers/Src/encoder.c ****   HAL_TIM_Encoder_Start_IT(&htim3, TIM_CHANNEL_ALL);
 424              		.loc 1 54 3 is_stmt 1 view .LVU113
 425 0012 3C21     		movs	r1, #60
 426 0014 0448     		ldr	r0, .L31+4
 427 0016 FFF7FEFF 		bl	HAL_TIM_Encoder_Start_IT
 428              	.LVL14:
  55:Core/Src/Drivers/Src/encoder.c **** }
 429              		.loc 1 55 3 view .LVU114
 430 001a 3C21     		movs	r1, #60
 431 001c 0348     		ldr	r0, .L31+8
 432 001e FFF7FEFF 		bl	HAL_TIM_Encoder_Start_IT
 433              	.LVL15:
  56:Core/Src/Drivers/Src/encoder.c **** 
 434              		.loc 1 56 1 is_stmt 0 view .LVU115
 435 0022 08BD     		pop	{r3, pc}
 436              	.L32:
 437              		.align	2
 438              	.L31:
 439 0024 00000000 		.word	encoder_topic
 440 0028 00000000 		.word	htim2
 441 002c 00000000 		.word	htim3
 442              		.cfi_endproc
 443              	.LFE175:
 445              		.section	.text.HAL_TIM_Encoder_MspInit,"ax",%progbits
 446              		.align	1
 447              		.global	HAL_TIM_Encoder_MspInit
 448              		.syntax unified
 449              		.thumb
 450              		.thumb_func
 452              	HAL_TIM_Encoder_MspInit:
 453              	.LVL16:
 454              	.LFB178:
 124:Core/Src/Drivers/Src/encoder.c **** 
 125:Core/Src/Drivers/Src/encoder.c **** /**
 126:Core/Src/Drivers/Src/encoder.c **** * @brief TIM_Encoder MSP Initialization
 127:Core/Src/Drivers/Src/encoder.c **** * This function configures the hardware resources used in this example
 128:Core/Src/Drivers/Src/encoder.c **** * @param htim_encoder: TIM_Encoder handle pointer
 129:Core/Src/Drivers/Src/encoder.c **** * @retval None
 130:Core/Src/Drivers/Src/encoder.c **** */
 131:Core/Src/Drivers/Src/encoder.c **** void HAL_TIM_Encoder_MspInit(TIM_HandleTypeDef* htim_encoder) {
 455              		.loc 1 131 63 is_stmt 1 view -0
 456              		.cfi_startproc
 457              		@ args = 0, pretend = 0, frame = 40
 458              		@ frame_needed = 0, uses_anonymous_args = 0
 459              		.loc 1 131 63 is_stmt 0 view .LVU117
 460 0000 10B5     		push	{r4, lr}
 461              	.LCFI9:
 462              		.cfi_def_cfa_offset 8
 463              		.cfi_offset 4, -8
 464              		.cfi_offset 14, -4
 465 0002 8AB0     		sub	sp, sp, #40
ARM GAS  C:\Users\Lamp\AppData\Local\Temp\cczGlxAo.s 			page 12


 466              	.LCFI10:
 467              		.cfi_def_cfa_offset 48
 132:Core/Src/Drivers/Src/encoder.c ****   GPIO_InitTypeDef GPIO_InitStruct = {0};
 468              		.loc 1 132 3 is_stmt 1 view .LVU118
 469              		.loc 1 132 20 is_stmt 0 view .LVU119
 470 0004 0023     		movs	r3, #0
 471 0006 0593     		str	r3, [sp, #20]
 472 0008 0693     		str	r3, [sp, #24]
 473 000a 0793     		str	r3, [sp, #28]
 474 000c 0893     		str	r3, [sp, #32]
 475 000e 0993     		str	r3, [sp, #36]
 133:Core/Src/Drivers/Src/encoder.c **** 
 134:Core/Src/Drivers/Src/encoder.c ****   if (htim_encoder->Instance == TIM2) {
 476              		.loc 1 134 3 is_stmt 1 view .LVU120
 477              		.loc 1 134 19 is_stmt 0 view .LVU121
 478 0010 0368     		ldr	r3, [r0]
 479              		.loc 1 134 6 view .LVU122
 480 0012 B3F1804F 		cmp	r3, #1073741824
 481 0016 04D0     		beq	.L37
 135:Core/Src/Drivers/Src/encoder.c ****     __HAL_RCC_TIM2_CLK_ENABLE();
 136:Core/Src/Drivers/Src/encoder.c **** 
 137:Core/Src/Drivers/Src/encoder.c ****     __HAL_RCC_GPIOA_CLK_ENABLE();
 138:Core/Src/Drivers/Src/encoder.c ****     /**TIM2 GPIO Configuration
 139:Core/Src/Drivers/Src/encoder.c ****     PA0-WKUP     ------> TIM2_CH1
 140:Core/Src/Drivers/Src/encoder.c ****     PA1     ------> TIM2_CH2
 141:Core/Src/Drivers/Src/encoder.c ****     */
 142:Core/Src/Drivers/Src/encoder.c ****     GPIO_InitStruct.Pin = GPIO_PIN_0|GPIO_PIN_1;
 143:Core/Src/Drivers/Src/encoder.c ****     GPIO_InitStruct.Mode = GPIO_MODE_AF_PP;
 144:Core/Src/Drivers/Src/encoder.c ****     GPIO_InitStruct.Pull = GPIO_NOPULL;
 145:Core/Src/Drivers/Src/encoder.c ****     GPIO_InitStruct.Speed = GPIO_SPEED_FREQ_LOW;
 146:Core/Src/Drivers/Src/encoder.c ****     GPIO_InitStruct.Alternate = GPIO_AF1_TIM2;
 147:Core/Src/Drivers/Src/encoder.c ****     HAL_GPIO_Init(GPIOA, &GPIO_InitStruct);
 148:Core/Src/Drivers/Src/encoder.c **** 
 149:Core/Src/Drivers/Src/encoder.c ****     /* TIM2 interrupt Init */
 150:Core/Src/Drivers/Src/encoder.c ****     HAL_NVIC_SetPriority(TIM2_IRQn, 7, 0);
 151:Core/Src/Drivers/Src/encoder.c ****     HAL_NVIC_EnableIRQ(TIM2_IRQn);
 152:Core/Src/Drivers/Src/encoder.c ****   }
 153:Core/Src/Drivers/Src/encoder.c **** 
 154:Core/Src/Drivers/Src/encoder.c ****   else if (htim_encoder->Instance == TIM3) {
 482              		.loc 1 154 8 is_stmt 1 view .LVU123
 483              		.loc 1 154 11 is_stmt 0 view .LVU124
 484 0018 2C4A     		ldr	r2, .L39
 485 001a 9342     		cmp	r3, r2
 486 001c 2BD0     		beq	.L38
 487              	.LVL17:
 488              	.L33:
 155:Core/Src/Drivers/Src/encoder.c ****     /* Peripheral clock enable */
 156:Core/Src/Drivers/Src/encoder.c ****     __HAL_RCC_TIM3_CLK_ENABLE();
 157:Core/Src/Drivers/Src/encoder.c ****     __HAL_RCC_GPIOA_CLK_ENABLE();
 158:Core/Src/Drivers/Src/encoder.c **** 
 159:Core/Src/Drivers/Src/encoder.c ****     /**TIM3 GPIO Configuration
 160:Core/Src/Drivers/Src/encoder.c ****      * PA6     ------> TIM3_CH1
 161:Core/Src/Drivers/Src/encoder.c ****      * PA7     ------> TIM3_CH2
 162:Core/Src/Drivers/Src/encoder.c ****      */
 163:Core/Src/Drivers/Src/encoder.c ****     GPIO_InitStruct.Pin = GPIO_PIN_6|GPIO_PIN_7;
 164:Core/Src/Drivers/Src/encoder.c ****     GPIO_InitStruct.Mode = GPIO_MODE_AF_PP;
 165:Core/Src/Drivers/Src/encoder.c ****     GPIO_InitStruct.Pull = GPIO_PULLUP;
ARM GAS  C:\Users\Lamp\AppData\Local\Temp\cczGlxAo.s 			page 13


 166:Core/Src/Drivers/Src/encoder.c ****     GPIO_InitStruct.Speed = GPIO_SPEED_FREQ_LOW;
 167:Core/Src/Drivers/Src/encoder.c ****     GPIO_InitStruct.Alternate = GPIO_AF2_TIM3;
 168:Core/Src/Drivers/Src/encoder.c ****     HAL_GPIO_Init(GPIOA, &GPIO_InitStruct);
 169:Core/Src/Drivers/Src/encoder.c **** 
 170:Core/Src/Drivers/Src/encoder.c ****     /* TIM3 interrupt Init */
 171:Core/Src/Drivers/Src/encoder.c ****     HAL_NVIC_SetPriority(TIM3_IRQn, 7, 0);
 172:Core/Src/Drivers/Src/encoder.c ****     HAL_NVIC_EnableIRQ(TIM3_IRQn);
 173:Core/Src/Drivers/Src/encoder.c ****   }
 174:Core/Src/Drivers/Src/encoder.c **** }
 489              		.loc 1 174 1 view .LVU125
 490 001e 0AB0     		add	sp, sp, #40
 491              	.LCFI11:
 492              		.cfi_remember_state
 493              		.cfi_def_cfa_offset 8
 494              		@ sp needed
 495 0020 10BD     		pop	{r4, pc}
 496              	.LVL18:
 497              	.L37:
 498              	.LCFI12:
 499              		.cfi_restore_state
 135:Core/Src/Drivers/Src/encoder.c ****     __HAL_RCC_TIM2_CLK_ENABLE();
 500              		.loc 1 135 5 is_stmt 1 view .LVU126
 501              	.LBB2:
 135:Core/Src/Drivers/Src/encoder.c ****     __HAL_RCC_TIM2_CLK_ENABLE();
 502              		.loc 1 135 5 view .LVU127
 503 0022 0024     		movs	r4, #0
 504 0024 0194     		str	r4, [sp, #4]
 135:Core/Src/Drivers/Src/encoder.c ****     __HAL_RCC_TIM2_CLK_ENABLE();
 505              		.loc 1 135 5 view .LVU128
 506 0026 03F50E33 		add	r3, r3, #145408
 507 002a 1A6C     		ldr	r2, [r3, #64]
 508 002c 42F00102 		orr	r2, r2, #1
 509 0030 1A64     		str	r2, [r3, #64]
 135:Core/Src/Drivers/Src/encoder.c ****     __HAL_RCC_TIM2_CLK_ENABLE();
 510              		.loc 1 135 5 view .LVU129
 511 0032 1A6C     		ldr	r2, [r3, #64]
 512 0034 02F00102 		and	r2, r2, #1
 513 0038 0192     		str	r2, [sp, #4]
 135:Core/Src/Drivers/Src/encoder.c ****     __HAL_RCC_TIM2_CLK_ENABLE();
 514              		.loc 1 135 5 view .LVU130
 515 003a 019A     		ldr	r2, [sp, #4]
 516              	.LBE2:
 135:Core/Src/Drivers/Src/encoder.c ****     __HAL_RCC_TIM2_CLK_ENABLE();
 517              		.loc 1 135 5 view .LVU131
 137:Core/Src/Drivers/Src/encoder.c ****     /**TIM2 GPIO Configuration
 518              		.loc 1 137 5 view .LVU132
 519              	.LBB3:
 137:Core/Src/Drivers/Src/encoder.c ****     /**TIM2 GPIO Configuration
 520              		.loc 1 137 5 view .LVU133
 521 003c 0294     		str	r4, [sp, #8]
 137:Core/Src/Drivers/Src/encoder.c ****     /**TIM2 GPIO Configuration
 522              		.loc 1 137 5 view .LVU134
 523 003e 1A6B     		ldr	r2, [r3, #48]
 524 0040 42F00102 		orr	r2, r2, #1
 525 0044 1A63     		str	r2, [r3, #48]
 137:Core/Src/Drivers/Src/encoder.c ****     /**TIM2 GPIO Configuration
 526              		.loc 1 137 5 view .LVU135
ARM GAS  C:\Users\Lamp\AppData\Local\Temp\cczGlxAo.s 			page 14


 527 0046 1B6B     		ldr	r3, [r3, #48]
 528 0048 03F00103 		and	r3, r3, #1
 529 004c 0293     		str	r3, [sp, #8]
 137:Core/Src/Drivers/Src/encoder.c ****     /**TIM2 GPIO Configuration
 530              		.loc 1 137 5 view .LVU136
 531 004e 029B     		ldr	r3, [sp, #8]
 532              	.LBE3:
 137:Core/Src/Drivers/Src/encoder.c ****     /**TIM2 GPIO Configuration
 533              		.loc 1 137 5 view .LVU137
 142:Core/Src/Drivers/Src/encoder.c ****     GPIO_InitStruct.Mode = GPIO_MODE_AF_PP;
 534              		.loc 1 142 5 view .LVU138
 142:Core/Src/Drivers/Src/encoder.c ****     GPIO_InitStruct.Mode = GPIO_MODE_AF_PP;
 535              		.loc 1 142 25 is_stmt 0 view .LVU139
 536 0050 0323     		movs	r3, #3
 537 0052 0593     		str	r3, [sp, #20]
 143:Core/Src/Drivers/Src/encoder.c ****     GPIO_InitStruct.Pull = GPIO_NOPULL;
 538              		.loc 1 143 5 is_stmt 1 view .LVU140
 143:Core/Src/Drivers/Src/encoder.c ****     GPIO_InitStruct.Pull = GPIO_NOPULL;
 539              		.loc 1 143 26 is_stmt 0 view .LVU141
 540 0054 0223     		movs	r3, #2
 541 0056 0693     		str	r3, [sp, #24]
 144:Core/Src/Drivers/Src/encoder.c ****     GPIO_InitStruct.Speed = GPIO_SPEED_FREQ_LOW;
 542              		.loc 1 144 5 is_stmt 1 view .LVU142
 145:Core/Src/Drivers/Src/encoder.c ****     GPIO_InitStruct.Alternate = GPIO_AF1_TIM2;
 543              		.loc 1 145 5 view .LVU143
 146:Core/Src/Drivers/Src/encoder.c ****     HAL_GPIO_Init(GPIOA, &GPIO_InitStruct);
 544              		.loc 1 146 5 view .LVU144
 146:Core/Src/Drivers/Src/encoder.c ****     HAL_GPIO_Init(GPIOA, &GPIO_InitStruct);
 545              		.loc 1 146 31 is_stmt 0 view .LVU145
 546 0058 0123     		movs	r3, #1
 547 005a 0993     		str	r3, [sp, #36]
 147:Core/Src/Drivers/Src/encoder.c **** 
 548              		.loc 1 147 5 is_stmt 1 view .LVU146
 549 005c 05A9     		add	r1, sp, #20
 550 005e 1C48     		ldr	r0, .L39+4
 551              	.LVL19:
 147:Core/Src/Drivers/Src/encoder.c **** 
 552              		.loc 1 147 5 is_stmt 0 view .LVU147
 553 0060 FFF7FEFF 		bl	HAL_GPIO_Init
 554              	.LVL20:
 150:Core/Src/Drivers/Src/encoder.c ****     HAL_NVIC_EnableIRQ(TIM2_IRQn);
 555              		.loc 1 150 5 is_stmt 1 view .LVU148
 556 0064 2246     		mov	r2, r4
 557 0066 0721     		movs	r1, #7
 558 0068 1C20     		movs	r0, #28
 559 006a FFF7FEFF 		bl	HAL_NVIC_SetPriority
 560              	.LVL21:
 151:Core/Src/Drivers/Src/encoder.c ****   }
 561              		.loc 1 151 5 view .LVU149
 562 006e 1C20     		movs	r0, #28
 563 0070 FFF7FEFF 		bl	HAL_NVIC_EnableIRQ
 564              	.LVL22:
 565 0074 D3E7     		b	.L33
 566              	.LVL23:
 567              	.L38:
 156:Core/Src/Drivers/Src/encoder.c ****     __HAL_RCC_GPIOA_CLK_ENABLE();
 568              		.loc 1 156 5 view .LVU150
ARM GAS  C:\Users\Lamp\AppData\Local\Temp\cczGlxAo.s 			page 15


 569              	.LBB4:
 156:Core/Src/Drivers/Src/encoder.c ****     __HAL_RCC_GPIOA_CLK_ENABLE();
 570              		.loc 1 156 5 view .LVU151
 571 0076 0024     		movs	r4, #0
 572 0078 0394     		str	r4, [sp, #12]
 156:Core/Src/Drivers/Src/encoder.c ****     __HAL_RCC_GPIOA_CLK_ENABLE();
 573              		.loc 1 156 5 view .LVU152
 574 007a 164B     		ldr	r3, .L39+8
 575 007c 1A6C     		ldr	r2, [r3, #64]
 576 007e 42F00202 		orr	r2, r2, #2
 577 0082 1A64     		str	r2, [r3, #64]
 156:Core/Src/Drivers/Src/encoder.c ****     __HAL_RCC_GPIOA_CLK_ENABLE();
 578              		.loc 1 156 5 view .LVU153
 579 0084 1A6C     		ldr	r2, [r3, #64]
 580 0086 02F00202 		and	r2, r2, #2
 581 008a 0392     		str	r2, [sp, #12]
 156:Core/Src/Drivers/Src/encoder.c ****     __HAL_RCC_GPIOA_CLK_ENABLE();
 582              		.loc 1 156 5 view .LVU154
 583 008c 039A     		ldr	r2, [sp, #12]
 584              	.LBE4:
 156:Core/Src/Drivers/Src/encoder.c ****     __HAL_RCC_GPIOA_CLK_ENABLE();
 585              		.loc 1 156 5 view .LVU155
 157:Core/Src/Drivers/Src/encoder.c **** 
 586              		.loc 1 157 5 view .LVU156
 587              	.LBB5:
 157:Core/Src/Drivers/Src/encoder.c **** 
 588              		.loc 1 157 5 view .LVU157
 589 008e 0494     		str	r4, [sp, #16]
 157:Core/Src/Drivers/Src/encoder.c **** 
 590              		.loc 1 157 5 view .LVU158
 591 0090 1A6B     		ldr	r2, [r3, #48]
 592 0092 42F00102 		orr	r2, r2, #1
 593 0096 1A63     		str	r2, [r3, #48]
 157:Core/Src/Drivers/Src/encoder.c **** 
 594              		.loc 1 157 5 view .LVU159
 595 0098 1B6B     		ldr	r3, [r3, #48]
 596 009a 03F00103 		and	r3, r3, #1
 597 009e 0493     		str	r3, [sp, #16]
 157:Core/Src/Drivers/Src/encoder.c **** 
 598              		.loc 1 157 5 view .LVU160
 599 00a0 049B     		ldr	r3, [sp, #16]
 600              	.LBE5:
 157:Core/Src/Drivers/Src/encoder.c **** 
 601              		.loc 1 157 5 view .LVU161
 163:Core/Src/Drivers/Src/encoder.c ****     GPIO_InitStruct.Mode = GPIO_MODE_AF_PP;
 602              		.loc 1 163 5 view .LVU162
 163:Core/Src/Drivers/Src/encoder.c ****     GPIO_InitStruct.Mode = GPIO_MODE_AF_PP;
 603              		.loc 1 163 25 is_stmt 0 view .LVU163
 604 00a2 C023     		movs	r3, #192
 605 00a4 0593     		str	r3, [sp, #20]
 164:Core/Src/Drivers/Src/encoder.c ****     GPIO_InitStruct.Pull = GPIO_PULLUP;
 606              		.loc 1 164 5 is_stmt 1 view .LVU164
 164:Core/Src/Drivers/Src/encoder.c ****     GPIO_InitStruct.Pull = GPIO_PULLUP;
 607              		.loc 1 164 26 is_stmt 0 view .LVU165
 608 00a6 0223     		movs	r3, #2
 609 00a8 0693     		str	r3, [sp, #24]
 165:Core/Src/Drivers/Src/encoder.c ****     GPIO_InitStruct.Speed = GPIO_SPEED_FREQ_LOW;
ARM GAS  C:\Users\Lamp\AppData\Local\Temp\cczGlxAo.s 			page 16


 610              		.loc 1 165 5 is_stmt 1 view .LVU166
 165:Core/Src/Drivers/Src/encoder.c ****     GPIO_InitStruct.Speed = GPIO_SPEED_FREQ_LOW;
 611              		.loc 1 165 26 is_stmt 0 view .LVU167
 612 00aa 0122     		movs	r2, #1
 613 00ac 0792     		str	r2, [sp, #28]
 166:Core/Src/Drivers/Src/encoder.c ****     GPIO_InitStruct.Alternate = GPIO_AF2_TIM3;
 614              		.loc 1 166 5 is_stmt 1 view .LVU168
 167:Core/Src/Drivers/Src/encoder.c ****     HAL_GPIO_Init(GPIOA, &GPIO_InitStruct);
 615              		.loc 1 167 5 view .LVU169
 167:Core/Src/Drivers/Src/encoder.c ****     HAL_GPIO_Init(GPIOA, &GPIO_InitStruct);
 616              		.loc 1 167 31 is_stmt 0 view .LVU170
 617 00ae 0993     		str	r3, [sp, #36]
 168:Core/Src/Drivers/Src/encoder.c **** 
 618              		.loc 1 168 5 is_stmt 1 view .LVU171
 619 00b0 05A9     		add	r1, sp, #20
 620 00b2 0748     		ldr	r0, .L39+4
 621              	.LVL24:
 168:Core/Src/Drivers/Src/encoder.c **** 
 622              		.loc 1 168 5 is_stmt 0 view .LVU172
 623 00b4 FFF7FEFF 		bl	HAL_GPIO_Init
 624              	.LVL25:
 171:Core/Src/Drivers/Src/encoder.c ****     HAL_NVIC_EnableIRQ(TIM3_IRQn);
 625              		.loc 1 171 5 is_stmt 1 view .LVU173
 626 00b8 2246     		mov	r2, r4
 627 00ba 0721     		movs	r1, #7
 628 00bc 1D20     		movs	r0, #29
 629 00be FFF7FEFF 		bl	HAL_NVIC_SetPriority
 630              	.LVL26:
 172:Core/Src/Drivers/Src/encoder.c ****   }
 631              		.loc 1 172 5 view .LVU174
 632 00c2 1D20     		movs	r0, #29
 633 00c4 FFF7FEFF 		bl	HAL_NVIC_EnableIRQ
 634              	.LVL27:
 635              		.loc 1 174 1 is_stmt 0 view .LVU175
 636 00c8 A9E7     		b	.L33
 637              	.L40:
 638 00ca 00BF     		.align	2
 639              	.L39:
 640 00cc 00040040 		.word	1073742848
 641 00d0 00000240 		.word	1073872896
 642 00d4 00380240 		.word	1073887232
 643              		.cfi_endproc
 644              	.LFE178:
 646              		.section	.text.TIM2_IRQHandler,"ax",%progbits
 647              		.align	1
 648              		.global	TIM2_IRQHandler
 649              		.syntax unified
 650              		.thumb
 651              		.thumb_func
 653              	TIM2_IRQHandler:
 654              	.LFB179:
 175:Core/Src/Drivers/Src/encoder.c **** 
 176:Core/Src/Drivers/Src/encoder.c **** /**
 177:Core/Src/Drivers/Src/encoder.c ****   * @brief This function handles TIM2 global interrupt.
 178:Core/Src/Drivers/Src/encoder.c ****   */
 179:Core/Src/Drivers/Src/encoder.c **** void TIM2_IRQHandler(void)
 180:Core/Src/Drivers/Src/encoder.c **** {
ARM GAS  C:\Users\Lamp\AppData\Local\Temp\cczGlxAo.s 			page 17


 655              		.loc 1 180 1 is_stmt 1 view -0
 656              		.cfi_startproc
 657              		@ args = 0, pretend = 0, frame = 0
 658              		@ frame_needed = 0, uses_anonymous_args = 0
 659 0000 08B5     		push	{r3, lr}
 660              	.LCFI13:
 661              		.cfi_def_cfa_offset 8
 662              		.cfi_offset 3, -8
 663              		.cfi_offset 14, -4
 181:Core/Src/Drivers/Src/encoder.c ****   HAL_TIM_IRQHandler(&htim2);
 664              		.loc 1 181 3 view .LVU177
 665 0002 0248     		ldr	r0, .L43
 666 0004 FFF7FEFF 		bl	HAL_TIM_IRQHandler
 667              	.LVL28:
 182:Core/Src/Drivers/Src/encoder.c **** }
 668              		.loc 1 182 1 is_stmt 0 view .LVU178
 669 0008 08BD     		pop	{r3, pc}
 670              	.L44:
 671 000a 00BF     		.align	2
 672              	.L43:
 673 000c 00000000 		.word	htim2
 674              		.cfi_endproc
 675              	.LFE179:
 677              		.section	.text.TIM3_IRQHandler,"ax",%progbits
 678              		.align	1
 679              		.global	TIM3_IRQHandler
 680              		.syntax unified
 681              		.thumb
 682              		.thumb_func
 684              	TIM3_IRQHandler:
 685              	.LFB180:
 183:Core/Src/Drivers/Src/encoder.c **** 
 184:Core/Src/Drivers/Src/encoder.c **** /**
 185:Core/Src/Drivers/Src/encoder.c ****   * @brief This function handles TIM3 global interrupt.
 186:Core/Src/Drivers/Src/encoder.c ****   */
 187:Core/Src/Drivers/Src/encoder.c **** void TIM3_IRQHandler(void)
 188:Core/Src/Drivers/Src/encoder.c **** {
 686              		.loc 1 188 1 is_stmt 1 view -0
 687              		.cfi_startproc
 688              		@ args = 0, pretend = 0, frame = 0
 689              		@ frame_needed = 0, uses_anonymous_args = 0
 690 0000 08B5     		push	{r3, lr}
 691              	.LCFI14:
 692              		.cfi_def_cfa_offset 8
 693              		.cfi_offset 3, -8
 694              		.cfi_offset 14, -4
 189:Core/Src/Drivers/Src/encoder.c ****   HAL_TIM_IRQHandler(&htim3);
 695              		.loc 1 189 3 view .LVU180
 696 0002 0248     		ldr	r0, .L47
 697 0004 FFF7FEFF 		bl	HAL_TIM_IRQHandler
 698              	.LVL29:
 190:Core/Src/Drivers/Src/encoder.c **** }
 699              		.loc 1 190 1 is_stmt 0 view .LVU181
 700 0008 08BD     		pop	{r3, pc}
 701              	.L48:
 702 000a 00BF     		.align	2
 703              	.L47:
ARM GAS  C:\Users\Lamp\AppData\Local\Temp\cczGlxAo.s 			page 18


 704 000c 00000000 		.word	htim3
 705              		.cfi_endproc
 706              	.LFE180:
 708              		.global	encoder_topic
 709              		.section	.bss.encoder_topic,"aw",%nobits
 710              		.align	2
 713              	encoder_topic:
 714 0000 00000000 		.space	8
 714      00000000 
 715              		.global	htim3
 716              		.section	.bss.htim3,"aw",%nobits
 717              		.align	2
 720              	htim3:
 721 0000 00000000 		.space	72
 721      00000000 
 721      00000000 
 721      00000000 
 721      00000000 
 722              		.global	htim2
 723              		.section	.bss.htim2,"aw",%nobits
 724              		.align	2
 727              	htim2:
 728 0000 00000000 		.space	72
 728      00000000 
 728      00000000 
 728      00000000 
 728      00000000 
 729              		.text
 730              	.Letext0:
 731              		.file 2 "Drivers/CMSIS/Device/ST/STM32F4xx/Include/stm32f407xx.h"
 732              		.file 3 "C:\\ST\\STM32CubeCLT_1.16.0\\GNU-tools-for-STM32\\bin\\../lib/gcc/arm-none-eabi/12.3.1/..
 733              		.file 4 "C:\\ST\\STM32CubeCLT_1.16.0\\GNU-tools-for-STM32\\bin\\../lib/gcc/arm-none-eabi/12.3.1/..
 734              		.file 5 "Drivers/STM32F4xx_HAL_Driver/Inc/stm32f4xx_hal_def.h"
 735              		.file 6 "Drivers/STM32F4xx_HAL_Driver/Inc/stm32f4xx_hal_gpio.h"
 736              		.file 7 "Drivers/STM32F4xx_HAL_Driver/Inc/stm32f4xx_hal_dma.h"
 737              		.file 8 "Drivers/STM32F4xx_HAL_Driver/Inc/stm32f4xx_hal_tim.h"
 738              		.file 9 "Core/Src/Middleware/Topic.h"
 739              		.file 10 "Drivers/STM32F4xx_HAL_Driver/Inc/stm32f4xx_hal_cortex.h"
 740              		.file 11 "Drivers/STM32F4xx_HAL_Driver/Inc/stm32f4xx_hal_tim_ex.h"
 741              		.file 12 "<built-in>"
ARM GAS  C:\Users\Lamp\AppData\Local\Temp\cczGlxAo.s 			page 19


DEFINED SYMBOLS
                            *ABS*:00000000 encoder.c
C:\Users\Lamp\AppData\Local\Temp\cczGlxAo.s:21     .text.MX_TIM2_Init:00000000 $t
C:\Users\Lamp\AppData\Local\Temp\cczGlxAo.s:26     .text.MX_TIM2_Init:00000000 MX_TIM2_Init
C:\Users\Lamp\AppData\Local\Temp\cczGlxAo.s:117    .text.MX_TIM2_Init:00000050 $d
C:\Users\Lamp\AppData\Local\Temp\cczGlxAo.s:727    .bss.htim2:00000000 htim2
C:\Users\Lamp\AppData\Local\Temp\cczGlxAo.s:122    .text.MX_TIM3_Init:00000000 $t
C:\Users\Lamp\AppData\Local\Temp\cczGlxAo.s:127    .text.MX_TIM3_Init:00000000 MX_TIM3_Init
C:\Users\Lamp\AppData\Local\Temp\cczGlxAo.s:218    .text.MX_TIM3_Init:0000004c $d
C:\Users\Lamp\AppData\Local\Temp\cczGlxAo.s:720    .bss.htim3:00000000 htim3
C:\Users\Lamp\AppData\Local\Temp\cczGlxAo.s:224    .text.HAL_TIM_IC_CaptureCallback:00000000 $t
C:\Users\Lamp\AppData\Local\Temp\cczGlxAo.s:230    .text.HAL_TIM_IC_CaptureCallback:00000000 HAL_TIM_IC_CaptureCallback
C:\Users\Lamp\AppData\Local\Temp\cczGlxAo.s:285    .text.HAL_TIM_IC_CaptureCallback:00000038 $d
C:\Users\Lamp\AppData\Local\Temp\cczGlxAo.s:713    .bss.encoder_topic:00000000 encoder_topic
C:\Users\Lamp\AppData\Local\Temp\cczGlxAo.s:292    .text.HAL_GPIO_EXTI_Callback:00000000 $t
C:\Users\Lamp\AppData\Local\Temp\cczGlxAo.s:298    .text.HAL_GPIO_EXTI_Callback:00000000 HAL_GPIO_EXTI_Callback
C:\Users\Lamp\AppData\Local\Temp\cczGlxAo.s:359    .text.HAL_GPIO_EXTI_Callback:00000040 $d
C:\Users\Lamp\AppData\Local\Temp\cczGlxAo.s:368    .text.EXTI1_IRQHandler:00000000 $t
C:\Users\Lamp\AppData\Local\Temp\cczGlxAo.s:374    .text.EXTI1_IRQHandler:00000000 EXTI1_IRQHandler
C:\Users\Lamp\AppData\Local\Temp\cczGlxAo.s:395    .text.Driver_Encoder_Init:00000000 $t
C:\Users\Lamp\AppData\Local\Temp\cczGlxAo.s:401    .text.Driver_Encoder_Init:00000000 Driver_Encoder_Init
C:\Users\Lamp\AppData\Local\Temp\cczGlxAo.s:439    .text.Driver_Encoder_Init:00000024 $d
C:\Users\Lamp\AppData\Local\Temp\cczGlxAo.s:446    .text.HAL_TIM_Encoder_MspInit:00000000 $t
C:\Users\Lamp\AppData\Local\Temp\cczGlxAo.s:452    .text.HAL_TIM_Encoder_MspInit:00000000 HAL_TIM_Encoder_MspInit
C:\Users\Lamp\AppData\Local\Temp\cczGlxAo.s:640    .text.HAL_TIM_Encoder_MspInit:000000cc $d
C:\Users\Lamp\AppData\Local\Temp\cczGlxAo.s:647    .text.TIM2_IRQHandler:00000000 $t
C:\Users\Lamp\AppData\Local\Temp\cczGlxAo.s:653    .text.TIM2_IRQHandler:00000000 TIM2_IRQHandler
C:\Users\Lamp\AppData\Local\Temp\cczGlxAo.s:673    .text.TIM2_IRQHandler:0000000c $d
C:\Users\Lamp\AppData\Local\Temp\cczGlxAo.s:678    .text.TIM3_IRQHandler:00000000 $t
C:\Users\Lamp\AppData\Local\Temp\cczGlxAo.s:684    .text.TIM3_IRQHandler:00000000 TIM3_IRQHandler
C:\Users\Lamp\AppData\Local\Temp\cczGlxAo.s:704    .text.TIM3_IRQHandler:0000000c $d
C:\Users\Lamp\AppData\Local\Temp\cczGlxAo.s:710    .bss.encoder_topic:00000000 $d
C:\Users\Lamp\AppData\Local\Temp\cczGlxAo.s:717    .bss.htim3:00000000 $d
C:\Users\Lamp\AppData\Local\Temp\cczGlxAo.s:724    .bss.htim2:00000000 $d

UNDEFINED SYMBOLS
memset
HAL_TIM_Encoder_Init
HAL_TIMEx_MasterConfigSynchronization
HAL_GPIO_TogglePin
HAL_GPIO_EXTI_IRQHandler
HAL_TIM_Encoder_Start_IT
HAL_GPIO_Init
HAL_NVIC_SetPriority
HAL_NVIC_EnableIRQ
HAL_TIM_IRQHandler
