ARM GAS  C:\Users\Lamp\AppData\Local\Temp\ccfwfrxP.s 			page 1


   1              		.cpu cortex-m4
   2              		.arch armv7e-m
   3              		.fpu fpv4-sp-d16
   4              		.eabi_attribute 27, 1
   5              		.eabi_attribute 28, 1
   6              		.eabi_attribute 20, 1
   7              		.eabi_attribute 21, 1
   8              		.eabi_attribute 23, 3
   9              		.eabi_attribute 24, 1
  10              		.eabi_attribute 25, 1
  11              		.eabi_attribute 26, 1
  12              		.eabi_attribute 30, 1
  13              		.eabi_attribute 34, 1
  14              		.eabi_attribute 18, 4
  15              		.file	"Motor.c"
  16              		.text
  17              	.Ltext0:
  18              		.cfi_sections	.debug_frame
  19              		.file 1 "Core/Src/Application/Src/Motor.c"
  20              		.section	.text.init,"ax",%progbits
  21              		.align	1
  22              		.syntax unified
  23              		.thumb
  24              		.thumb_func
  26              	init:
  27              	.LVL0:
  28              	.LFB175:
   1:Core/Src/Application/Src/Motor.c **** #include "Motor.h"
   2:Core/Src/Application/Src/Motor.c **** 
   3:Core/Src/Application/Src/Motor.c **** extern UART_HandleTypeDef huart2;
   4:Core/Src/Application/Src/Motor.c **** static char tx_data[15];
   5:Core/Src/Application/Src/Motor.c **** 
   6:Core/Src/Application/Src/Motor.c **** struct Active * AO_Motor;
   7:Core/Src/Application/Src/Motor.c **** struct Motor * motor; 
   8:Core/Src/Application/Src/Motor.c **** 
   9:Core/Src/Application/Src/Motor.c **** static Status init (struct Motor * const self, Event const * const event) {
  29              		.loc 1 9 75 view -0
  30              		.cfi_startproc
  31              		@ args = 0, pretend = 0, frame = 0
  32              		@ frame_needed = 0, uses_anonymous_args = 0
  33              		@ link register save eliminated.
  10:Core/Src/Application/Src/Motor.c ****     Status status = TRAN_STATUS;
  34              		.loc 1 10 5 view .LVU1
  11:Core/Src/Application/Src/Motor.c ****     self->super.handler = (StateHandler) self->wait;
  35              		.loc 1 11 5 view .LVU2
  36              		.loc 1 11 46 is_stmt 0 view .LVU3
  37 0000 D0F8D430 		ldr	r3, [r0, #212]
  38              		.loc 1 11 25 view .LVU4
  39 0004 0360     		str	r3, [r0]
  12:Core/Src/Application/Src/Motor.c ****     return status;
  40              		.loc 1 12 5 is_stmt 1 view .LVU5
  13:Core/Src/Application/Src/Motor.c **** }
  41              		.loc 1 13 1 is_stmt 0 view .LVU6
  42 0006 0020     		movs	r0, #0
  43              	.LVL1:
  44              		.loc 1 13 1 view .LVU7
  45 0008 7047     		bx	lr
ARM GAS  C:\Users\Lamp\AppData\Local\Temp\ccfwfrxP.s 			page 2


  46              		.cfi_endproc
  47              	.LFE175:
  49              		.section	.text.sending,"ax",%progbits
  50              		.align	1
  51              		.syntax unified
  52              		.thumb
  53              		.thumb_func
  55              	sending:
  56              	.LVL2:
  57              	.LFB177:
  14:Core/Src/Application/Src/Motor.c **** 
  15:Core/Src/Application/Src/Motor.c **** static Status wait (struct Motor * const self, Event const * const event) {
  16:Core/Src/Application/Src/Motor.c ****     Status status;
  17:Core/Src/Application/Src/Motor.c ****     
  18:Core/Src/Application/Src/Motor.c ****     switch (event->signal) {
  19:Core/Src/Application/Src/Motor.c ****         case ENTRY_SIG:
  20:Core/Src/Application/Src/Motor.c ****             status = HANDLED_STATUS;
  21:Core/Src/Application/Src/Motor.c ****             break;
  22:Core/Src/Application/Src/Motor.c **** 
  23:Core/Src/Application/Src/Motor.c ****         case PWC_TRIGGER_SIG:
  24:Core/Src/Application/Src/Motor.c ****             static PWC pwc_topic = {.d =0};
  25:Core/Src/Application/Src/Motor.c ****             BaseType_t is_success;
  26:Core/Src/Application/Src/Motor.c ****             is_success = xQueuePeek(self->pwc_sub, &pwc_topic, 0);
  27:Core/Src/Application/Src/Motor.c **** 
  28:Core/Src/Application/Src/Motor.c ****             if(is_success) {
  29:Core/Src/Application/Src/Motor.c ****                 sprintf(tx_data, "N1 O d%d\n", pwc_topic.d);
  30:Core/Src/Application/Src/Motor.c ****                 SendBuffer(&huart2, tx_data);
  31:Core/Src/Application/Src/Motor.c **** 
  32:Core/Src/Application/Src/Motor.c ****                 self->super.handler = (StateHandler) self->sending;
  33:Core/Src/Application/Src/Motor.c ****                 status = TRAN_STATUS;
  34:Core/Src/Application/Src/Motor.c ****             }
  35:Core/Src/Application/Src/Motor.c ****             else {
  36:Core/Src/Application/Src/Motor.c ****                 status = HANDLED_STATUS;
  37:Core/Src/Application/Src/Motor.c ****             }
  38:Core/Src/Application/Src/Motor.c ****         
  39:Core/Src/Application/Src/Motor.c ****             break;
  40:Core/Src/Application/Src/Motor.c **** 
  41:Core/Src/Application/Src/Motor.c ****         case EXIT_SIG:
  42:Core/Src/Application/Src/Motor.c ****             status = HANDLED_STATUS;
  43:Core/Src/Application/Src/Motor.c ****             break;
  44:Core/Src/Application/Src/Motor.c **** 
  45:Core/Src/Application/Src/Motor.c ****         default:
  46:Core/Src/Application/Src/Motor.c ****             status = IGNORED_STATUS;
  47:Core/Src/Application/Src/Motor.c ****             break;
  48:Core/Src/Application/Src/Motor.c ****     }
  49:Core/Src/Application/Src/Motor.c **** 
  50:Core/Src/Application/Src/Motor.c ****     return status;
  51:Core/Src/Application/Src/Motor.c **** }
  52:Core/Src/Application/Src/Motor.c **** 
  53:Core/Src/Application/Src/Motor.c **** static Status sending (struct Motor * const self, Event const * const event) {
  58              		.loc 1 53 78 is_stmt 1 view -0
  59              		.cfi_startproc
  60              		@ args = 0, pretend = 0, frame = 0
  61              		@ frame_needed = 0, uses_anonymous_args = 0
  62              		@ link register save eliminated.
  54:Core/Src/Application/Src/Motor.c ****     Status status;
  63              		.loc 1 54 5 view .LVU9
ARM GAS  C:\Users\Lamp\AppData\Local\Temp\ccfwfrxP.s 			page 3


  55:Core/Src/Application/Src/Motor.c ****     
  56:Core/Src/Application/Src/Motor.c ****     switch (event->signal) {
  64              		.loc 1 56 5 view .LVU10
  65              		.loc 1 56 18 is_stmt 0 view .LVU11
  66 0000 0B88     		ldrh	r3, [r1]
  67              		.loc 1 56 5 view .LVU12
  68 0002 022B     		cmp	r3, #2
  69 0004 06D9     		bls	.L7
  70 0006 042B     		cmp	r3, #4
  71 0008 0AD1     		bne	.L6
  57:Core/Src/Application/Src/Motor.c ****         case ENTRY_SIG:
  58:Core/Src/Application/Src/Motor.c ****             status = HANDLED_STATUS;
  59:Core/Src/Application/Src/Motor.c ****             break;
  60:Core/Src/Application/Src/Motor.c **** 
  61:Core/Src/Application/Src/Motor.c ****         case COMMAND_SENDED_SIG:
  62:Core/Src/Application/Src/Motor.c ****             self->super.handler = (StateHandler)self->wait;
  72              		.loc 1 62 13 is_stmt 1 view .LVU13
  73              		.loc 1 62 53 is_stmt 0 view .LVU14
  74 000a D0F8D430 		ldr	r3, [r0, #212]
  75              		.loc 1 62 33 view .LVU15
  76 000e 0360     		str	r3, [r0]
  63:Core/Src/Application/Src/Motor.c ****             status = TRAN_STATUS;
  77              		.loc 1 63 13 is_stmt 1 view .LVU16
  78              	.LVL3:
  64:Core/Src/Application/Src/Motor.c **** 
  65:Core/Src/Application/Src/Motor.c ****             break;
  79              		.loc 1 65 13 view .LVU17
  63:Core/Src/Application/Src/Motor.c ****             status = TRAN_STATUS;
  80              		.loc 1 63 20 is_stmt 0 view .LVU18
  81 0010 0020     		movs	r0, #0
  82              	.LVL4:
  83              		.loc 1 65 13 view .LVU19
  84 0012 7047     		bx	lr
  85              	.LVL5:
  86              	.L7:
  56:Core/Src/Application/Src/Motor.c ****         case ENTRY_SIG:
  87              		.loc 1 56 5 view .LVU20
  88 0014 1BB2     		sxth	r3, r3
  89 0016 0BB1     		cbz	r3, .L5
  90 0018 0120     		movs	r0, #1
  91              	.LVL6:
  56:Core/Src/Application/Src/Motor.c ****         case ENTRY_SIG:
  92              		.loc 1 56 5 view .LVU21
  93 001a 7047     		bx	lr
  94              	.LVL7:
  95              	.L5:
  66:Core/Src/Application/Src/Motor.c **** 
  67:Core/Src/Application/Src/Motor.c ****         case EXIT_SIG:
  68:Core/Src/Application/Src/Motor.c ****             status = HANDLED_STATUS;
  69:Core/Src/Application/Src/Motor.c ****             break;
  70:Core/Src/Application/Src/Motor.c ****         
  71:Core/Src/Application/Src/Motor.c ****         default:
  72:Core/Src/Application/Src/Motor.c ****             status = IGNORED_STATUS;
  96              		.loc 1 72 20 view .LVU22
  97 001c 0220     		movs	r0, #2
  98              	.LVL8:
  99              		.loc 1 72 20 view .LVU23
ARM GAS  C:\Users\Lamp\AppData\Local\Temp\ccfwfrxP.s 			page 4


 100 001e 7047     		bx	lr
 101              	.LVL9:
 102              	.L6:
 103              		.loc 1 72 20 view .LVU24
 104 0020 0220     		movs	r0, #2
 105              	.LVL10:
  73:Core/Src/Application/Src/Motor.c ****             break; 
  74:Core/Src/Application/Src/Motor.c ****     }
  75:Core/Src/Application/Src/Motor.c **** 
  76:Core/Src/Application/Src/Motor.c ****     return status;
 106              		.loc 1 76 5 is_stmt 1 view .LVU25
  77:Core/Src/Application/Src/Motor.c **** }
 107              		.loc 1 77 1 is_stmt 0 view .LVU26
 108 0022 7047     		bx	lr
 109              		.cfi_endproc
 110              	.LFE177:
 112              		.section	.text.new,"ax",%progbits
 113              		.align	1
 114              		.syntax unified
 115              		.thumb
 116              		.thumb_func
 118              	new:
 119              	.LVL11:
 120              	.LFB180:
  78:Core/Src/Application/Src/Motor.c **** 
  79:Core/Src/Application/Src/Motor.c **** static void public (QueueHandle_t xQueue, const void * pvItemToQueue) {
  80:Core/Src/Application/Src/Motor.c ****     xQueueOverwrite(xQueue, pvItemToQueue);
  81:Core/Src/Application/Src/Motor.c **** }
  82:Core/Src/Application/Src/Motor.c **** 
  83:Core/Src/Application/Src/Motor.c **** static void publicFromISR (QueueHandle_t xQueue, const void * pvItemToQueue,
  84:Core/Src/Application/Src/Motor.c ****                            BaseType_t *pxHigherPriorityTaskWoken)
  85:Core/Src/Application/Src/Motor.c **** {
  86:Core/Src/Application/Src/Motor.c ****     xQueueOverwriteFromISR(xQueue, pvItemToQueue, pxHigherPriorityTaskWoken);
  87:Core/Src/Application/Src/Motor.c **** }
  88:Core/Src/Application/Src/Motor.c **** 
  89:Core/Src/Application/Src/Motor.c **** static void new(struct Motor * const self) {
 121              		.loc 1 89 44 is_stmt 1 view -0
 122              		.cfi_startproc
 123              		@ args = 0, pretend = 0, frame = 0
 124              		@ frame_needed = 0, uses_anonymous_args = 0
 125              		.loc 1 89 44 is_stmt 0 view .LVU28
 126 0000 10B5     		push	{r4, lr}
 127              	.LCFI0:
 128              		.cfi_def_cfa_offset 8
 129              		.cfi_offset 4, -8
 130              		.cfi_offset 14, -4
 131 0002 0446     		mov	r4, r0
  90:Core/Src/Application/Src/Motor.c ****     /* Assign Methods */
  91:Core/Src/Application/Src/Motor.c ****     self->init          = &init;
 132              		.loc 1 91 5 is_stmt 1 view .LVU29
 133              		.loc 1 91 25 is_stmt 0 view .LVU30
 134 0004 0E49     		ldr	r1, .L10
 135 0006 C0F8D010 		str	r1, [r0, #208]
  92:Core/Src/Application/Src/Motor.c ****     self->wait          = &wait;
 136              		.loc 1 92 5 is_stmt 1 view .LVU31
 137              		.loc 1 92 25 is_stmt 0 view .LVU32
 138 000a 0E4B     		ldr	r3, .L10+4
ARM GAS  C:\Users\Lamp\AppData\Local\Temp\ccfwfrxP.s 			page 5


 139 000c C0F8D430 		str	r3, [r0, #212]
  93:Core/Src/Application/Src/Motor.c ****     self->sending       = &sending;
 140              		.loc 1 93 5 is_stmt 1 view .LVU33
 141              		.loc 1 93 25 is_stmt 0 view .LVU34
 142 0010 0D4B     		ldr	r3, .L10+8
 143 0012 C0F8D830 		str	r3, [r0, #216]
  94:Core/Src/Application/Src/Motor.c ****     self->public        = &public;
 144              		.loc 1 94 5 is_stmt 1 view .LVU35
 145              		.loc 1 94 25 is_stmt 0 view .LVU36
 146 0016 0D4B     		ldr	r3, .L10+12
 147 0018 C0F8DC30 		str	r3, [r0, #220]
  95:Core/Src/Application/Src/Motor.c ****     self->publicFromISR = &publicFromISR;
 148              		.loc 1 95 5 is_stmt 1 view .LVU37
 149              		.loc 1 95 25 is_stmt 0 view .LVU38
 150 001c 0C4B     		ldr	r3, .L10+16
 151 001e C0F8E030 		str	r3, [r0, #224]
  96:Core/Src/Application/Src/Motor.c **** 
  97:Core/Src/Application/Src/Motor.c ****     /*Initialize members*/
  98:Core/Src/Application/Src/Motor.c ****     Active_new(&self->super, (StateHandler)&init);
 152              		.loc 1 98 5 is_stmt 1 view .LVU39
 153 0022 FFF7FEFF 		bl	Active_new
 154              	.LVL12:
  99:Core/Src/Application/Src/Motor.c **** 
 100:Core/Src/Application/Src/Motor.c ****     /*Cache Ao for using in Encoder driver*/
 101:Core/Src/Application/Src/Motor.c ****     AO_Motor = &self->super;
 155              		.loc 1 101 5 view .LVU40
 156              		.loc 1 101 14 is_stmt 0 view .LVU41
 157 0026 0B4B     		ldr	r3, .L10+20
 158 0028 1C60     		str	r4, [r3]
 102:Core/Src/Application/Src/Motor.c ****     motor = self;
 159              		.loc 1 102 5 is_stmt 1 view .LVU42
 160              		.loc 1 102 11 is_stmt 0 view .LVU43
 161 002a 0B4B     		ldr	r3, .L10+24
 162 002c 1C60     		str	r4, [r3]
 103:Core/Src/Application/Src/Motor.c **** 
 104:Core/Src/Application/Src/Motor.c ****     /*Initialize Queue for Mailbox as subsribers, publishers*/
 105:Core/Src/Application/Src/Motor.c ****     self->pwc_sub = xQueueCreate( 1, sizeof( PWC ) );
 163              		.loc 1 105 5 is_stmt 1 view .LVU44
 164              		.loc 1 105 21 is_stmt 0 view .LVU45
 165 002e 0022     		movs	r2, #0
 166 0030 0221     		movs	r1, #2
 167 0032 0120     		movs	r0, #1
 168 0034 FFF7FEFF 		bl	xQueueGenericCreate
 169              	.LVL13:
 170              		.loc 1 105 19 discriminator 1 view .LVU46
 171 0038 C4F8CC00 		str	r0, [r4, #204]
 106:Core/Src/Application/Src/Motor.c **** }
 172              		.loc 1 106 1 view .LVU47
 173 003c 10BD     		pop	{r4, pc}
 174              	.LVL14:
 175              	.L11:
 176              		.loc 1 106 1 view .LVU48
 177 003e 00BF     		.align	2
 178              	.L10:
 179 0040 00000000 		.word	init
 180 0044 00000000 		.word	wait
 181 0048 00000000 		.word	sending
ARM GAS  C:\Users\Lamp\AppData\Local\Temp\ccfwfrxP.s 			page 6


 182 004c 00000000 		.word	public
 183 0050 00000000 		.word	publicFromISR
 184 0054 00000000 		.word	AO_Motor
 185 0058 00000000 		.word	motor
 186              		.cfi_endproc
 187              	.LFE180:
 189              		.section	.text.publicFromISR,"ax",%progbits
 190              		.align	1
 191              		.syntax unified
 192              		.thumb
 193              		.thumb_func
 195              	publicFromISR:
 196              	.LVL15:
 197              	.LFB179:
  85:Core/Src/Application/Src/Motor.c ****     xQueueOverwriteFromISR(xQueue, pvItemToQueue, pxHigherPriorityTaskWoken);
 198              		.loc 1 85 1 is_stmt 1 view -0
 199              		.cfi_startproc
 200              		@ args = 0, pretend = 0, frame = 0
 201              		@ frame_needed = 0, uses_anonymous_args = 0
  85:Core/Src/Application/Src/Motor.c ****     xQueueOverwriteFromISR(xQueue, pvItemToQueue, pxHigherPriorityTaskWoken);
 202              		.loc 1 85 1 is_stmt 0 view .LVU50
 203 0000 08B5     		push	{r3, lr}
 204              	.LCFI1:
 205              		.cfi_def_cfa_offset 8
 206              		.cfi_offset 3, -8
 207              		.cfi_offset 14, -4
  86:Core/Src/Application/Src/Motor.c **** }
 208              		.loc 1 86 5 is_stmt 1 view .LVU51
 209 0002 0223     		movs	r3, #2
 210 0004 FFF7FEFF 		bl	xQueueGenericSendFromISR
 211              	.LVL16:
  87:Core/Src/Application/Src/Motor.c **** 
 212              		.loc 1 87 1 is_stmt 0 view .LVU52
 213 0008 08BD     		pop	{r3, pc}
 214              		.cfi_endproc
 215              	.LFE179:
 217              		.section	.text.public,"ax",%progbits
 218              		.align	1
 219              		.syntax unified
 220              		.thumb
 221              		.thumb_func
 223              	public:
 224              	.LVL17:
 225              	.LFB178:
  79:Core/Src/Application/Src/Motor.c ****     xQueueOverwrite(xQueue, pvItemToQueue);
 226              		.loc 1 79 71 is_stmt 1 view -0
 227              		.cfi_startproc
 228              		@ args = 0, pretend = 0, frame = 0
 229              		@ frame_needed = 0, uses_anonymous_args = 0
  79:Core/Src/Application/Src/Motor.c ****     xQueueOverwrite(xQueue, pvItemToQueue);
 230              		.loc 1 79 71 is_stmt 0 view .LVU54
 231 0000 08B5     		push	{r3, lr}
 232              	.LCFI2:
 233              		.cfi_def_cfa_offset 8
 234              		.cfi_offset 3, -8
 235              		.cfi_offset 14, -4
  80:Core/Src/Application/Src/Motor.c **** }
ARM GAS  C:\Users\Lamp\AppData\Local\Temp\ccfwfrxP.s 			page 7


 236              		.loc 1 80 5 is_stmt 1 view .LVU55
 237 0002 0223     		movs	r3, #2
 238 0004 0022     		movs	r2, #0
 239 0006 FFF7FEFF 		bl	xQueueGenericSend
 240              	.LVL18:
  81:Core/Src/Application/Src/Motor.c **** 
 241              		.loc 1 81 1 is_stmt 0 view .LVU56
 242 000a 08BD     		pop	{r3, pc}
 243              		.cfi_endproc
 244              	.LFE178:
 246              		.section	.rodata.wait.str1.4,"aMS",%progbits,1
 247              		.align	2
 248              	.LC0:
 249 0000 4E31204F 		.ascii	"N1 O d%d\012\000"
 249      20642564 
 249      0A00
 250              		.section	.text.wait,"ax",%progbits
 251              		.align	1
 252              		.syntax unified
 253              		.thumb
 254              		.thumb_func
 256              	wait:
 257              	.LVL19:
 258              	.LFB176:
  15:Core/Src/Application/Src/Motor.c ****     Status status;
 259              		.loc 1 15 75 is_stmt 1 view -0
 260              		.cfi_startproc
 261              		@ args = 0, pretend = 0, frame = 0
 262              		@ frame_needed = 0, uses_anonymous_args = 0
  15:Core/Src/Application/Src/Motor.c ****     Status status;
 263              		.loc 1 15 75 is_stmt 0 view .LVU58
 264 0000 38B5     		push	{r3, r4, r5, lr}
 265              	.LCFI3:
 266              		.cfi_def_cfa_offset 16
 267              		.cfi_offset 3, -16
 268              		.cfi_offset 4, -12
 269              		.cfi_offset 5, -8
 270              		.cfi_offset 14, -4
  16:Core/Src/Application/Src/Motor.c ****     
 271              		.loc 1 16 5 is_stmt 1 view .LVU59
  18:Core/Src/Application/Src/Motor.c ****         case ENTRY_SIG:
 272              		.loc 1 18 5 view .LVU60
  18:Core/Src/Application/Src/Motor.c ****         case ENTRY_SIG:
 273              		.loc 1 18 18 is_stmt 0 view .LVU61
 274 0002 0B88     		ldrh	r3, [r1]
  18:Core/Src/Application/Src/Motor.c ****         case ENTRY_SIG:
 275              		.loc 1 18 5 view .LVU62
 276 0004 022B     		cmp	r3, #2
 277 0006 0BD9     		bls	.L23
 278 0008 0446     		mov	r4, r0
 279 000a 032B     		cmp	r3, #3
 280 000c 1FD1     		bne	.L20
 281              	.LBB2:
  24:Core/Src/Application/Src/Motor.c ****             BaseType_t is_success;
 282              		.loc 1 24 13 is_stmt 1 view .LVU63
  25:Core/Src/Application/Src/Motor.c ****             is_success = xQueuePeek(self->pwc_sub, &pwc_topic, 0);
 283              		.loc 1 25 13 view .LVU64
ARM GAS  C:\Users\Lamp\AppData\Local\Temp\ccfwfrxP.s 			page 8


  26:Core/Src/Application/Src/Motor.c **** 
 284              		.loc 1 26 13 view .LVU65
  26:Core/Src/Application/Src/Motor.c **** 
 285              		.loc 1 26 26 is_stmt 0 view .LVU66
 286 000e 0022     		movs	r2, #0
 287 0010 1049     		ldr	r1, .L25
 288              	.LVL20:
  26:Core/Src/Application/Src/Motor.c **** 
 289              		.loc 1 26 26 view .LVU67
 290 0012 D0F8CC00 		ldr	r0, [r0, #204]
 291              	.LVL21:
  26:Core/Src/Application/Src/Motor.c **** 
 292              		.loc 1 26 26 view .LVU68
 293 0016 FFF7FEFF 		bl	xQueuePeek
 294              	.LVL22:
  28:Core/Src/Application/Src/Motor.c ****                 sprintf(tx_data, "N1 O d%d\n", pwc_topic.d);
 295              		.loc 1 28 13 is_stmt 1 view .LVU69
  28:Core/Src/Application/Src/Motor.c ****                 sprintf(tx_data, "N1 O d%d\n", pwc_topic.d);
 296              		.loc 1 28 15 is_stmt 0 view .LVU70
 297 001a 28B9     		cbnz	r0, .L24
  36:Core/Src/Application/Src/Motor.c ****             }
 298              		.loc 1 36 24 view .LVU71
 299 001c 0120     		movs	r0, #1
 300              	.LVL23:
  36:Core/Src/Application/Src/Motor.c ****             }
 301              		.loc 1 36 24 view .LVU72
 302 001e 02E0     		b	.L18
 303              	.LVL24:
 304              	.L23:
  36:Core/Src/Application/Src/Motor.c ****             }
 305              		.loc 1 36 24 view .LVU73
 306              	.LBE2:
  18:Core/Src/Application/Src/Motor.c ****         case ENTRY_SIG:
 307              		.loc 1 18 5 view .LVU74
 308 0020 1BB2     		sxth	r3, r3
 309 0022 93B1     		cbz	r3, .L19
 310 0024 0120     		movs	r0, #1
 311              	.LVL25:
 312              	.L18:
  50:Core/Src/Application/Src/Motor.c **** }
 313              		.loc 1 50 5 is_stmt 1 view .LVU75
  51:Core/Src/Application/Src/Motor.c **** 
 314              		.loc 1 51 1 is_stmt 0 view .LVU76
 315 0026 38BD     		pop	{r3, r4, r5, pc}
 316              	.LVL26:
 317              	.L24:
 318              	.LBB3:
  29:Core/Src/Application/Src/Motor.c ****                 SendBuffer(&huart2, tx_data);
 319              		.loc 1 29 17 is_stmt 1 view .LVU77
 320 0028 0B4D     		ldr	r5, .L25+4
 321 002a 0A4B     		ldr	r3, .L25
 322 002c B3F90020 		ldrsh	r2, [r3]
 323 0030 0A49     		ldr	r1, .L25+8
 324 0032 2846     		mov	r0, r5
 325              	.LVL27:
  29:Core/Src/Application/Src/Motor.c ****                 SendBuffer(&huart2, tx_data);
 326              		.loc 1 29 17 is_stmt 0 view .LVU78
ARM GAS  C:\Users\Lamp\AppData\Local\Temp\ccfwfrxP.s 			page 9


 327 0034 FFF7FEFF 		bl	sprintf_
 328              	.LVL28:
  30:Core/Src/Application/Src/Motor.c **** 
 329              		.loc 1 30 17 is_stmt 1 view .LVU79
 330 0038 2946     		mov	r1, r5
 331 003a 0948     		ldr	r0, .L25+12
 332 003c FFF7FEFF 		bl	SendBuffer
 333              	.LVL29:
  32:Core/Src/Application/Src/Motor.c ****                 status = TRAN_STATUS;
 334              		.loc 1 32 17 view .LVU80
  32:Core/Src/Application/Src/Motor.c ****                 status = TRAN_STATUS;
 335              		.loc 1 32 58 is_stmt 0 view .LVU81
 336 0040 D4F8D830 		ldr	r3, [r4, #216]
  32:Core/Src/Application/Src/Motor.c ****                 status = TRAN_STATUS;
 337              		.loc 1 32 37 view .LVU82
 338 0044 2360     		str	r3, [r4]
  33:Core/Src/Application/Src/Motor.c ****             }
 339              		.loc 1 33 17 is_stmt 1 view .LVU83
 340              	.LVL30:
  33:Core/Src/Application/Src/Motor.c ****             }
 341              		.loc 1 33 24 is_stmt 0 view .LVU84
 342 0046 0020     		movs	r0, #0
 343 0048 EDE7     		b	.L18
 344              	.LVL31:
 345              	.L19:
  46:Core/Src/Application/Src/Motor.c ****             break;
 346              		.loc 1 46 20 view .LVU85
 347 004a 0220     		movs	r0, #2
 348              	.LVL32:
  46:Core/Src/Application/Src/Motor.c ****             break;
 349              		.loc 1 46 20 view .LVU86
 350 004c EBE7     		b	.L18
 351              	.LVL33:
 352              	.L20:
  46:Core/Src/Application/Src/Motor.c ****             break;
 353              		.loc 1 46 20 view .LVU87
 354 004e 0220     		movs	r0, #2
 355              	.LVL34:
  46:Core/Src/Application/Src/Motor.c ****             break;
 356              		.loc 1 46 20 view .LVU88
 357 0050 E9E7     		b	.L18
 358              	.L26:
 359 0052 00BF     		.align	2
 360              	.L25:
 361 0054 00000000 		.word	pwc_topic.0
 362 0058 00000000 		.word	tx_data
 363 005c 00000000 		.word	.LC0
 364 0060 00000000 		.word	huart2
 365              	.LBE3:
 366              		.cfi_endproc
 367              	.LFE176:
 369              		.section	.bss.pwc_topic.0,"aw",%nobits
 370              		.align	2
 373              	pwc_topic.0:
 374 0000 0000     		.space	2
 375              		.global	Motor
 376              		.section	.rodata.Motor,"a"
ARM GAS  C:\Users\Lamp\AppData\Local\Temp\ccfwfrxP.s 			page 10


 377              		.align	2
 380              	Motor:
 381 0000 00000000 		.word	new
 382              		.global	motor
 383              		.section	.bss.motor,"aw",%nobits
 384              		.align	2
 387              	motor:
 388 0000 00000000 		.space	4
 389              		.global	AO_Motor
 390              		.section	.bss.AO_Motor,"aw",%nobits
 391              		.align	2
 394              	AO_Motor:
 395 0000 00000000 		.space	4
 396              		.section	.bss.tx_data,"aw",%nobits
 397              		.align	2
 400              	tx_data:
 401 0000 00000000 		.space	15
 401      00000000 
 401      00000000 
 401      000000
 402              		.text
 403              	.Letext0:
 404              		.file 2 "C:/ARM GNU Toolchain/arm-none-eabi/include/machine/_default_types.h"
 405              		.file 3 "C:/ARM GNU Toolchain/arm-none-eabi/include/sys/_stdint.h"
 406              		.file 4 "Drivers/CMSIS/Device/ST/STM32F4xx/Include/stm32f407xx.h"
 407              		.file 5 "Drivers/STM32F4xx_HAL_Driver/Inc/stm32f4xx_hal_def.h"
 408              		.file 6 "Drivers/STM32F4xx_HAL_Driver/Inc/stm32f4xx_hal_dma.h"
 409              		.file 7 "Drivers/STM32F4xx_HAL_Driver/Inc/stm32f4xx_hal_uart.h"
 410              		.file 8 "ThirdParty/FreeRTOS/portable/GCC/ARM_CM4F/portmacro.h"
 411              		.file 9 "ThirdParty/FreeRTOS/include/FreeRTOS.h"
 412              		.file 10 "ThirdParty/FreeRTOS/include/task.h"
 413              		.file 11 "ThirdParty/FreeRTOS/include/queue.h"
 414              		.file 12 "Core/Src/Middleware/Topic.h"
 415              		.file 13 "Core/Src/Middleware/Active_Object.h"
 416              		.file 14 "Core/Src/Application/Inc/Motor.h"
 417              		.file 15 "Core/Inc/printf.h"
 418              		.file 16 "Core/Src/Drivers/Inc/usart.h"
ARM GAS  C:\Users\Lamp\AppData\Local\Temp\ccfwfrxP.s 			page 11


DEFINED SYMBOLS
                            *ABS*:00000000 Motor.c
C:\Users\Lamp\AppData\Local\Temp\ccfwfrxP.s:21     .text.init:00000000 $t
C:\Users\Lamp\AppData\Local\Temp\ccfwfrxP.s:26     .text.init:00000000 init
C:\Users\Lamp\AppData\Local\Temp\ccfwfrxP.s:50     .text.sending:00000000 $t
C:\Users\Lamp\AppData\Local\Temp\ccfwfrxP.s:55     .text.sending:00000000 sending
C:\Users\Lamp\AppData\Local\Temp\ccfwfrxP.s:113    .text.new:00000000 $t
C:\Users\Lamp\AppData\Local\Temp\ccfwfrxP.s:118    .text.new:00000000 new
C:\Users\Lamp\AppData\Local\Temp\ccfwfrxP.s:179    .text.new:00000040 $d
C:\Users\Lamp\AppData\Local\Temp\ccfwfrxP.s:256    .text.wait:00000000 wait
C:\Users\Lamp\AppData\Local\Temp\ccfwfrxP.s:223    .text.public:00000000 public
C:\Users\Lamp\AppData\Local\Temp\ccfwfrxP.s:195    .text.publicFromISR:00000000 publicFromISR
C:\Users\Lamp\AppData\Local\Temp\ccfwfrxP.s:394    .bss.AO_Motor:00000000 AO_Motor
C:\Users\Lamp\AppData\Local\Temp\ccfwfrxP.s:387    .bss.motor:00000000 motor
C:\Users\Lamp\AppData\Local\Temp\ccfwfrxP.s:190    .text.publicFromISR:00000000 $t
C:\Users\Lamp\AppData\Local\Temp\ccfwfrxP.s:218    .text.public:00000000 $t
C:\Users\Lamp\AppData\Local\Temp\ccfwfrxP.s:247    .rodata.wait.str1.4:00000000 $d
C:\Users\Lamp\AppData\Local\Temp\ccfwfrxP.s:251    .text.wait:00000000 $t
C:\Users\Lamp\AppData\Local\Temp\ccfwfrxP.s:361    .text.wait:00000054 $d
C:\Users\Lamp\AppData\Local\Temp\ccfwfrxP.s:373    .bss.pwc_topic.0:00000000 pwc_topic.0
C:\Users\Lamp\AppData\Local\Temp\ccfwfrxP.s:400    .bss.tx_data:00000000 tx_data
C:\Users\Lamp\AppData\Local\Temp\ccfwfrxP.s:370    .bss.pwc_topic.0:00000000 $d
C:\Users\Lamp\AppData\Local\Temp\ccfwfrxP.s:380    .rodata.Motor:00000000 Motor
C:\Users\Lamp\AppData\Local\Temp\ccfwfrxP.s:377    .rodata.Motor:00000000 $d
C:\Users\Lamp\AppData\Local\Temp\ccfwfrxP.s:384    .bss.motor:00000000 $d
C:\Users\Lamp\AppData\Local\Temp\ccfwfrxP.s:391    .bss.AO_Motor:00000000 $d
C:\Users\Lamp\AppData\Local\Temp\ccfwfrxP.s:397    .bss.tx_data:00000000 $d

UNDEFINED SYMBOLS
Active_new
xQueueGenericCreate
xQueueGenericSendFromISR
xQueueGenericSend
xQueuePeek
sprintf_
SendBuffer
huart2
