ARM GAS  C:\Users\Lamp\AppData\Local\Temp\ccdNhMqm.s 			page 1


   1              		.cpu cortex-m4
   2              		.arch armv7e-m
   3              		.fpu fpv4-sp-d16
   4              		.eabi_attribute 27, 1
   5              		.eabi_attribute 28, 1
   6              		.eabi_attribute 20, 1
   7              		.eabi_attribute 21, 1
   8              		.eabi_attribute 23, 3
   9              		.eabi_attribute 24, 1
  10              		.eabi_attribute 25, 1
  11              		.eabi_attribute 26, 1
  12              		.eabi_attribute 30, 1
  13              		.eabi_attribute 34, 1
  14              		.eabi_attribute 18, 4
  15              		.file	"usart.c"
  16              		.text
  17              	.Ltext0:
  18              		.cfi_sections	.debug_frame
  19              		.file 1 "Core/Src/Drivers/Src/usart.c"
  20              		.section	.text.ExtractMessage,"ax",%progbits
  21              		.align	1
  22              		.syntax unified
  23              		.thumb
  24              		.thumb_func
  26              	ExtractMessage:
  27              	.LVL0:
  28              	.LFB175:
   1:Core/Src/Drivers/Src/usart.c **** #include "usart.h"
   2:Core/Src/Drivers/Src/usart.c **** 
   3:Core/Src/Drivers/Src/usart.c **** UART_HandleTypeDef huart2;
   4:Core/Src/Drivers/Src/usart.c **** UART_HandleTypeDef huart3;
   5:Core/Src/Drivers/Src/usart.c **** 
   6:Core/Src/Drivers/Src/usart.c **** extern struct Active * AO_Computer;
   7:Core/Src/Drivers/Src/usart.c **** extern struct Active * AO_Motor;
   8:Core/Src/Drivers/Src/usart.c **** extern struct Computer * computer;
   9:Core/Src/Drivers/Src/usart.c **** extern struct Motor * motor; 
  10:Core/Src/Drivers/Src/usart.c **** 
  11:Core/Src/Drivers/Src/usart.c **** extern uint8_t rx_byte_data;
  12:Core/Src/Drivers/Src/usart.c **** 
  13:Core/Src/Drivers/Src/usart.c **** static const uint32_t TEN_POWER[] = {1, 10, 100, 1000};
  14:Core/Src/Drivers/Src/usart.c **** 
  15:Core/Src/Drivers/Src/usart.c **** static int16_t ExtractMessage(RecivedMessage * received_message) {
  29              		.loc 1 15 66 view -0
  30              		.cfi_startproc
  31              		@ args = 0, pretend = 0, frame = 0
  32              		@ frame_needed = 0, uses_anonymous_args = 0
  33              		.loc 1 15 66 is_stmt 0 view .LVU1
  34 0000 30B5     		push	{r4, r5, lr}
  35              	.LCFI0:
  36              		.cfi_def_cfa_offset 12
  37              		.cfi_offset 4, -12
  38              		.cfi_offset 5, -8
  39              		.cfi_offset 14, -4
  16:Core/Src/Drivers/Src/usart.c ****     int16_t d = 0;
  40              		.loc 1 16 5 is_stmt 1 view .LVU2
  41              	.LVL1:
  17:Core/Src/Drivers/Src/usart.c ****     int16_t sign = 1;
ARM GAS  C:\Users\Lamp\AppData\Local\Temp\ccdNhMqm.s 			page 2


  42              		.loc 1 17 5 view .LVU3
  18:Core/Src/Drivers/Src/usart.c ****     uint8_t n = received_message->length;
  43              		.loc 1 18 5 view .LVU4
  44              		.loc 1 18 13 is_stmt 0 view .LVU5
  45 0002 90F807E0 		ldrb	lr, [r0, #7]	@ zero_extendqisi2
  46              	.LVL2:
  19:Core/Src/Drivers/Src/usart.c ****     uint8_t num;
  47              		.loc 1 19 5 is_stmt 1 view .LVU6
  20:Core/Src/Drivers/Src/usart.c **** 
  21:Core/Src/Drivers/Src/usart.c ****     for(int index = 0; index < n; index++) {
  48              		.loc 1 21 5 view .LVU7
  49              	.LBB2:
  50              		.loc 1 21 9 view .LVU8
  51              		.loc 1 21 13 is_stmt 0 view .LVU9
  52 0006 0022     		movs	r2, #0
  53              	.LBE2:
  17:Core/Src/Drivers/Src/usart.c ****     uint8_t n = received_message->length;
  54              		.loc 1 17 13 view .LVU10
  55 0008 0125     		movs	r5, #1
  16:Core/Src/Drivers/Src/usart.c ****     int16_t sign = 1;
  56              		.loc 1 16 13 view .LVU11
  57 000a 1146     		mov	r1, r2
  58              	.LBB3:
  59              		.loc 1 21 5 view .LVU12
  60 000c 02E0     		b	.L2
  61              	.LVL3:
  62              	.L5:
  22:Core/Src/Drivers/Src/usart.c ****         /* Để phân biệt giá trị âm hay dương của xung pwm */
  23:Core/Src/Drivers/Src/usart.c ****         if(received_message->message[index] == '-') {
  24:Core/Src/Drivers/Src/usart.c ****             sign = -1;
  63              		.loc 1 24 18 view .LVU13
  64 000e 4FF0FF35 		mov	r5, #-1
  65              	.LVL4:
  66              	.L3:
  21:Core/Src/Drivers/Src/usart.c ****         /* Để phân biệt giá trị âm hay dương của xung pwm */
  67              		.loc 1 21 40 is_stmt 1 discriminator 2 view .LVU14
  68 0012 0132     		adds	r2, r2, #1
  69              	.LVL5:
  70              	.L2:
  21:Core/Src/Drivers/Src/usart.c ****         /* Để phân biệt giá trị âm hay dương của xung pwm */
  71              		.loc 1 21 30 discriminator 1 view .LVU15
  72 0014 9645     		cmp	lr, r2
  73 0016 10DD     		ble	.L7
  23:Core/Src/Drivers/Src/usart.c ****             sign = -1;
  74              		.loc 1 23 9 view .LVU16
  23:Core/Src/Drivers/Src/usart.c ****             sign = -1;
  75              		.loc 1 23 37 is_stmt 0 view .LVU17
  76 0018 835C     		ldrb	r3, [r0, r2]	@ zero_extendqisi2
  23:Core/Src/Drivers/Src/usart.c ****             sign = -1;
  77              		.loc 1 23 11 view .LVU18
  78 001a 2D2B     		cmp	r3, #45
  79 001c F7D0     		beq	.L5
  25:Core/Src/Drivers/Src/usart.c ****             continue;
  26:Core/Src/Drivers/Src/usart.c ****         }
  27:Core/Src/Drivers/Src/usart.c **** 
  28:Core/Src/Drivers/Src/usart.c ****         /**
  29:Core/Src/Drivers/Src/usart.c ****          * Đây là phương pháp sử dụng giá trị trong bảng mã ASCII
ARM GAS  C:\Users\Lamp\AppData\Local\Temp\ccdNhMqm.s 			page 3


  30:Core/Src/Drivers/Src/usart.c ****          * để chuyển đổi từ chuỗi sang số nguyên
  31:Core/Src/Drivers/Src/usart.c ****          */
  32:Core/Src/Drivers/Src/usart.c ****         num = received_message->message[index] - '0';
  80              		.loc 1 32 9 is_stmt 1 view .LVU19
  81              		.loc 1 32 13 is_stmt 0 view .LVU20
  82 001e 303B     		subs	r3, r3, #48
  83 0020 DBB2     		uxtb	r3, r3
  84              	.LVL6:
  33:Core/Src/Drivers/Src/usart.c ****         d = d + (int16_t)(num * TEN_POWER[n - 1 - index]);
  85              		.loc 1 33 9 is_stmt 1 view .LVU21
  86              		.loc 1 33 45 is_stmt 0 view .LVU22
  87 0022 0EF1FF3C 		add	ip, lr, #-1
  88              		.loc 1 33 49 view .LVU23
  89 0026 ACEB020C 		sub	ip, ip, r2
  90              		.loc 1 33 42 view .LVU24
  91 002a 064C     		ldr	r4, .L8
  92 002c 54F82C40 		ldr	r4, [r4, ip, lsl #2]
  93              		.loc 1 33 15 view .LVU25
  94 0030 13FB04F3 		smulbb	r3, r3, r4
  95              	.LVL7:
  96              		.loc 1 33 15 view .LVU26
  97 0034 1944     		add	r1, r1, r3
  98              	.LVL8:
  99              		.loc 1 33 11 view .LVU27
 100 0036 09B2     		sxth	r1, r1
 101              	.LVL9:
 102              		.loc 1 33 11 view .LVU28
 103 0038 EBE7     		b	.L3
 104              	.LVL10:
 105              	.L7:
 106              		.loc 1 33 11 view .LVU29
 107              	.LBE3:
  34:Core/Src/Drivers/Src/usart.c ****     }
  35:Core/Src/Drivers/Src/usart.c **** 
  36:Core/Src/Drivers/Src/usart.c ****     return d * sign;
 108              		.loc 1 36 5 is_stmt 1 view .LVU30
 109              		.loc 1 36 14 is_stmt 0 view .LVU31
 110 003a 11FB05F0 		smulbb	r0, r1, r5
 111              	.LVL11:
  37:Core/Src/Drivers/Src/usart.c **** }
 112              		.loc 1 37 1 view .LVU32
 113 003e 00B2     		sxth	r0, r0
 114 0040 30BD     		pop	{r4, r5, pc}
 115              	.LVL12:
 116              	.L9:
 117              		.loc 1 37 1 view .LVU33
 118 0042 00BF     		.align	2
 119              	.L8:
 120 0044 00000000 		.word	TEN_POWER
 121              		.cfi_endproc
 122              	.LFE175:
 124              		.section	.text.UART_Init,"ax",%progbits
 125              		.align	1
 126              		.syntax unified
 127              		.thumb
 128              		.thumb_func
 130              	UART_Init:
ARM GAS  C:\Users\Lamp\AppData\Local\Temp\ccdNhMqm.s 			page 4


 131              	.LVL13:
 132              	.LFB180:
  38:Core/Src/Drivers/Src/usart.c **** 
  39:Core/Src/Drivers/Src/usart.c **** /**
  40:Core/Src/Drivers/Src/usart.c ****   * @brief  Tx Transfer completed callbacks.
  41:Core/Src/Drivers/Src/usart.c ****   * @param  huart  Pointer to a UART_HandleTypeDef structure that contains
  42:Core/Src/Drivers/Src/usart.c ****   *                the configuration information for the specified UART module.
  43:Core/Src/Drivers/Src/usart.c ****   * @retval None
  44:Core/Src/Drivers/Src/usart.c ****   */
  45:Core/Src/Drivers/Src/usart.c **** void HAL_UART_TxCpltCallback(UART_HandleTypeDef *huart)
  46:Core/Src/Drivers/Src/usart.c **** {
  47:Core/Src/Drivers/Src/usart.c ****     BaseType_t xHigherPriorityTaskWoken = pdFALSE;
  48:Core/Src/Drivers/Src/usart.c **** 
  49:Core/Src/Drivers/Src/usart.c ****     if(huart->Instance == USART2) {
  50:Core/Src/Drivers/Src/usart.c ****         static const Event motor_sended_event = { COMMAND_SENDED_SIG };
  51:Core/Src/Drivers/Src/usart.c ****         AO_Motor->postFromISR(AO_Motor, &motor_sended_event, &xHigherPriorityTaskWoken);
  52:Core/Src/Drivers/Src/usart.c ****     }
  53:Core/Src/Drivers/Src/usart.c ****     else if(huart->Instance == USART3) {
  54:Core/Src/Drivers/Src/usart.c ****         static const Event sensor_event = { SENSOR_SENDED_SIG };
  55:Core/Src/Drivers/Src/usart.c ****         AO_Computer->postFromISR(AO_Computer, &sensor_event, &xHigherPriorityTaskWoken);      
  56:Core/Src/Drivers/Src/usart.c ****     }
  57:Core/Src/Drivers/Src/usart.c **** 
  58:Core/Src/Drivers/Src/usart.c ****     portEND_SWITCHING_ISR(xHigherPriorityTaskWoken);
  59:Core/Src/Drivers/Src/usart.c **** }
  60:Core/Src/Drivers/Src/usart.c **** 
  61:Core/Src/Drivers/Src/usart.c **** /**
  62:Core/Src/Drivers/Src/usart.c ****   * @brief This function will be called if number of 
  63:Core/Src/Drivers/Src/usart.c ****   * recived bytes equal data Size declared in HAL_UART_Receive_IT.
  64:Core/Src/Drivers/Src/usart.c ****   */
  65:Core/Src/Drivers/Src/usart.c **** void HAL_UART_RxCpltCallback(UART_HandleTypeDef *huart)
  66:Core/Src/Drivers/Src/usart.c **** {
  67:Core/Src/Drivers/Src/usart.c ****     BaseType_t xHigherPriorityTaskWoken = pdFALSE;
  68:Core/Src/Drivers/Src/usart.c **** 
  69:Core/Src/Drivers/Src/usart.c ****     if(huart->Instance == USART3) {
  70:Core/Src/Drivers/Src/usart.c ****         static RecivedMessage recived_message = { .length = 0 }; 
  71:Core/Src/Drivers/Src/usart.c ****         static uint8_t is_data_comming = 0;
  72:Core/Src/Drivers/Src/usart.c ****         static char byte_data;
  73:Core/Src/Drivers/Src/usart.c ****         static const uint8_t max_length = 4;
  74:Core/Src/Drivers/Src/usart.c ****         byte_data = rx_byte_data; 
  75:Core/Src/Drivers/Src/usart.c ****     
  76:Core/Src/Drivers/Src/usart.c ****         if(is_data_comming == 1) { /* Have recived 'S' */
  77:Core/Src/Drivers/Src/usart.c ****             
  78:Core/Src/Drivers/Src/usart.c ****             if(byte_data != 'S' && byte_data != 10) { /* Not 'S' and '\n' */
  79:Core/Src/Drivers/Src/usart.c ****                 recived_message.message[recived_message.length] = byte_data;
  80:Core/Src/Drivers/Src/usart.c ****                 recived_message.length++;
  81:Core/Src/Drivers/Src/usart.c ****                 if(recived_message.length > max_length) {
  82:Core/Src/Drivers/Src/usart.c ****                     recived_message.length = 0;
  83:Core/Src/Drivers/Src/usart.c ****                     is_data_comming = 0;
  84:Core/Src/Drivers/Src/usart.c ****                 }
  85:Core/Src/Drivers/Src/usart.c ****             }
  86:Core/Src/Drivers/Src/usart.c ****             else if(byte_data == 10)  { /* End of Line '\n' */
  87:Core/Src/Drivers/Src/usart.c ****                 static PWC pulse_width_command;
  88:Core/Src/Drivers/Src/usart.c ****                 static int16_t d;
  89:Core/Src/Drivers/Src/usart.c ****                 static const Event pwc_evt = {PWC_TRIGGER_SIG};
  90:Core/Src/Drivers/Src/usart.c ****                 d = ExtractMessage(&recived_message);
  91:Core/Src/Drivers/Src/usart.c ****                 pulse_width_command.d = d;
  92:Core/Src/Drivers/Src/usart.c ****                 xQueueOverwriteFromISR(motor->pwc_sub, &pulse_width_command, &xHigherPriorityTaskWo
ARM GAS  C:\Users\Lamp\AppData\Local\Temp\ccdNhMqm.s 			page 5


  93:Core/Src/Drivers/Src/usart.c ****                 AO_Motor->postFromISR(AO_Motor, &pwc_evt, &xHigherPriorityTaskWoken);
  94:Core/Src/Drivers/Src/usart.c ****                 recived_message.length = 0;
  95:Core/Src/Drivers/Src/usart.c ****                 is_data_comming = 0;
  96:Core/Src/Drivers/Src/usart.c ****             }
  97:Core/Src/Drivers/Src/usart.c ****         }
  98:Core/Src/Drivers/Src/usart.c ****         else {
  99:Core/Src/Drivers/Src/usart.c ****             if(byte_data == 'S') { /* Witnessed double 'S' */
 100:Core/Src/Drivers/Src/usart.c ****                 if(recived_message.length != 0) recived_message.length = 0;
 101:Core/Src/Drivers/Src/usart.c ****                 is_data_comming = 1;
 102:Core/Src/Drivers/Src/usart.c ****             }          
 103:Core/Src/Drivers/Src/usart.c ****         }
 104:Core/Src/Drivers/Src/usart.c **** 
 105:Core/Src/Drivers/Src/usart.c ****         /*Enable Rx Interrupt, waiting for new byte data*/
 106:Core/Src/Drivers/Src/usart.c ****         HAL_UART_Receive_IT(huart, &rx_byte_data, 1);
 107:Core/Src/Drivers/Src/usart.c ****     }
 108:Core/Src/Drivers/Src/usart.c **** 
 109:Core/Src/Drivers/Src/usart.c ****     portEND_SWITCHING_ISR(xHigherPriorityTaskWoken);
 110:Core/Src/Drivers/Src/usart.c **** }
 111:Core/Src/Drivers/Src/usart.c **** 
 112:Core/Src/Drivers/Src/usart.c **** 
 113:Core/Src/Drivers/Src/usart.c **** static void UART_Init(UART_HandleTypeDef* huart);
 114:Core/Src/Drivers/Src/usart.c **** 
 115:Core/Src/Drivers/Src/usart.c **** /**
 116:Core/Src/Drivers/Src/usart.c ****   * @brief This function initialize USART1.
 117:Core/Src/Drivers/Src/usart.c ****   */
 118:Core/Src/Drivers/Src/usart.c **** void Driver_USART_Init()
 119:Core/Src/Drivers/Src/usart.c **** {
 120:Core/Src/Drivers/Src/usart.c ****     huart2.Instance = USART2;
 121:Core/Src/Drivers/Src/usart.c ****     huart3.Instance = USART3;
 122:Core/Src/Drivers/Src/usart.c ****     UART_Init(&huart2);
 123:Core/Src/Drivers/Src/usart.c ****     UART_Init(&huart3);
 124:Core/Src/Drivers/Src/usart.c **** 
 125:Core/Src/Drivers/Src/usart.c ****     SendBuffer(&huart2, "N1 O d0\n");
 126:Core/Src/Drivers/Src/usart.c **** }
 127:Core/Src/Drivers/Src/usart.c **** 
 128:Core/Src/Drivers/Src/usart.c **** void HAL_UART_MspInit(UART_HandleTypeDef* huart)
 129:Core/Src/Drivers/Src/usart.c **** {
 130:Core/Src/Drivers/Src/usart.c ****     GPIO_InitTypeDef GPIO_InitStruct = {0};
 131:Core/Src/Drivers/Src/usart.c ****     if(huart->Instance==USART2)
 132:Core/Src/Drivers/Src/usart.c ****     {
 133:Core/Src/Drivers/Src/usart.c ****         /* Peripheral clock enable */
 134:Core/Src/Drivers/Src/usart.c ****         __HAL_RCC_USART2_CLK_ENABLE();
 135:Core/Src/Drivers/Src/usart.c ****         __HAL_RCC_GPIOA_CLK_ENABLE();
 136:Core/Src/Drivers/Src/usart.c ****         
 137:Core/Src/Drivers/Src/usart.c ****         /** USART2 GPIO Configuration
 138:Core/Src/Drivers/Src/usart.c ****          * PA2     ------> USART2_TX
 139:Core/Src/Drivers/Src/usart.c ****          * PA3     ------> USART2_RX
 140:Core/Src/Drivers/Src/usart.c ****          */
 141:Core/Src/Drivers/Src/usart.c ****         GPIO_InitStruct.Pin = GPIO_PIN_2|GPIO_PIN_3;
 142:Core/Src/Drivers/Src/usart.c ****         GPIO_InitStruct.Mode = GPIO_MODE_AF_PP;
 143:Core/Src/Drivers/Src/usart.c ****         GPIO_InitStruct.Pull = GPIO_NOPULL;
 144:Core/Src/Drivers/Src/usart.c ****         GPIO_InitStruct.Speed = GPIO_SPEED_FREQ_VERY_HIGH;
 145:Core/Src/Drivers/Src/usart.c ****         GPIO_InitStruct.Alternate = GPIO_AF7_USART2;
 146:Core/Src/Drivers/Src/usart.c ****         HAL_GPIO_Init(GPIOA, &GPIO_InitStruct);
 147:Core/Src/Drivers/Src/usart.c **** 
 148:Core/Src/Drivers/Src/usart.c ****         /* USART1 interrupt Init */
 149:Core/Src/Drivers/Src/usart.c ****         HAL_NVIC_SetPriority(USART2_IRQn, 9, 0);
ARM GAS  C:\Users\Lamp\AppData\Local\Temp\ccdNhMqm.s 			page 6


 150:Core/Src/Drivers/Src/usart.c ****         HAL_NVIC_EnableIRQ(USART2_IRQn);
 151:Core/Src/Drivers/Src/usart.c ****     }
 152:Core/Src/Drivers/Src/usart.c ****     else if(huart->Instance==USART3)
 153:Core/Src/Drivers/Src/usart.c ****     {
 154:Core/Src/Drivers/Src/usart.c ****         /* Peripheral clock enable */
 155:Core/Src/Drivers/Src/usart.c ****         __HAL_RCC_USART3_CLK_ENABLE();
 156:Core/Src/Drivers/Src/usart.c ****         __HAL_RCC_GPIOB_CLK_ENABLE();
 157:Core/Src/Drivers/Src/usart.c **** 
 158:Core/Src/Drivers/Src/usart.c ****         /** USART3 GPIO Configuration
 159:Core/Src/Drivers/Src/usart.c ****          * PB10     ------> USART3_TX
 160:Core/Src/Drivers/Src/usart.c ****          * PB11     ------> USART3_RX
 161:Core/Src/Drivers/Src/usart.c ****          */
 162:Core/Src/Drivers/Src/usart.c ****         GPIO_InitStruct.Pin = GPIO_PIN_10|GPIO_PIN_11;
 163:Core/Src/Drivers/Src/usart.c ****         GPIO_InitStruct.Mode = GPIO_MODE_AF_PP;
 164:Core/Src/Drivers/Src/usart.c ****         GPIO_InitStruct.Pull = GPIO_NOPULL;
 165:Core/Src/Drivers/Src/usart.c ****         GPIO_InitStruct.Speed = GPIO_SPEED_FREQ_VERY_HIGH;
 166:Core/Src/Drivers/Src/usart.c ****         GPIO_InitStruct.Alternate = GPIO_AF7_USART3;
 167:Core/Src/Drivers/Src/usart.c ****         HAL_GPIO_Init(GPIOB, &GPIO_InitStruct);
 168:Core/Src/Drivers/Src/usart.c **** 
 169:Core/Src/Drivers/Src/usart.c ****         /* USART3 interrupt Init */
 170:Core/Src/Drivers/Src/usart.c ****         HAL_NVIC_SetPriority(USART3_IRQn, 10, 0);
 171:Core/Src/Drivers/Src/usart.c ****         HAL_NVIC_EnableIRQ(USART3_IRQn);
 172:Core/Src/Drivers/Src/usart.c ****     }
 173:Core/Src/Drivers/Src/usart.c **** }
 174:Core/Src/Drivers/Src/usart.c **** 
 175:Core/Src/Drivers/Src/usart.c **** static void UART_Init(UART_HandleTypeDef* huart)
 176:Core/Src/Drivers/Src/usart.c **** {
 133              		.loc 1 176 1 is_stmt 1 view -0
 134              		.cfi_startproc
 135              		@ args = 0, pretend = 0, frame = 0
 136              		@ frame_needed = 0, uses_anonymous_args = 0
 137              		.loc 1 176 1 is_stmt 0 view .LVU35
 138 0000 08B5     		push	{r3, lr}
 139              	.LCFI1:
 140              		.cfi_def_cfa_offset 8
 141              		.cfi_offset 3, -8
 142              		.cfi_offset 14, -4
 177:Core/Src/Drivers/Src/usart.c **** 
 178:Core/Src/Drivers/Src/usart.c ****     /**
 179:Core/Src/Drivers/Src/usart.c ****      * Feature: Send signal control to Driver CC-SMART MSD_E20
 180:Core/Src/Drivers/Src/usart.c ****      */
 181:Core/Src/Drivers/Src/usart.c ****     if(huart->Instance == USART2)
 143              		.loc 1 181 5 is_stmt 1 view .LVU36
 144              		.loc 1 181 13 is_stmt 0 view .LVU37
 145 0002 0368     		ldr	r3, [r0]
 146              		.loc 1 181 7 view .LVU38
 147 0004 114A     		ldr	r2, .L16
 148 0006 9342     		cmp	r3, r2
 149 0008 03D0     		beq	.L14
 182:Core/Src/Drivers/Src/usart.c ****     {
 183:Core/Src/Drivers/Src/usart.c ****         huart->Init.BaudRate = 115200;
 184:Core/Src/Drivers/Src/usart.c ****         huart->Init.WordLength = UART_WORDLENGTH_8B;
 185:Core/Src/Drivers/Src/usart.c ****         huart->Init.StopBits = UART_STOPBITS_1;
 186:Core/Src/Drivers/Src/usart.c ****         huart->Init.Parity = UART_PARITY_NONE;
 187:Core/Src/Drivers/Src/usart.c ****         huart->Init.Mode = UART_MODE_TX_RX;
 188:Core/Src/Drivers/Src/usart.c ****         huart->Init.HwFlowCtl = UART_HWCONTROL_NONE;
 189:Core/Src/Drivers/Src/usart.c ****         huart->Init.OverSampling = UART_OVERSAMPLING_16;
ARM GAS  C:\Users\Lamp\AppData\Local\Temp\ccdNhMqm.s 			page 7


 190:Core/Src/Drivers/Src/usart.c ****         HAL_UART_Init(huart);
 191:Core/Src/Drivers/Src/usart.c ****     }
 192:Core/Src/Drivers/Src/usart.c **** 
 193:Core/Src/Drivers/Src/usart.c ****     /**
 194:Core/Src/Drivers/Src/usart.c ****      * Feature: Communicate with Matlab
 195:Core/Src/Drivers/Src/usart.c ****      */
 196:Core/Src/Drivers/Src/usart.c ****     else if(huart->Instance == USART3)
 150              		.loc 1 196 10 is_stmt 1 view .LVU39
 151              		.loc 1 196 12 is_stmt 0 view .LVU40
 152 000a 114A     		ldr	r2, .L16+4
 153 000c 9342     		cmp	r3, r2
 154 000e 0ED0     		beq	.L15
 155              	.LVL14:
 156              	.L10:
 197:Core/Src/Drivers/Src/usart.c ****     {
 198:Core/Src/Drivers/Src/usart.c ****         huart->Init.BaudRate = 921600;
 199:Core/Src/Drivers/Src/usart.c ****         huart->Init.WordLength = UART_WORDLENGTH_8B;
 200:Core/Src/Drivers/Src/usart.c ****         huart->Init.StopBits = UART_STOPBITS_1;
 201:Core/Src/Drivers/Src/usart.c ****         huart->Init.Parity = UART_PARITY_NONE;
 202:Core/Src/Drivers/Src/usart.c ****         huart->Init.Mode = UART_MODE_TX_RX;
 203:Core/Src/Drivers/Src/usart.c ****         huart->Init.HwFlowCtl = UART_HWCONTROL_NONE;
 204:Core/Src/Drivers/Src/usart.c ****         huart->Init.OverSampling = UART_OVERSAMPLING_16;
 205:Core/Src/Drivers/Src/usart.c ****         HAL_UART_Init(huart);
 206:Core/Src/Drivers/Src/usart.c ****     }
 207:Core/Src/Drivers/Src/usart.c **** }
 157              		.loc 1 207 1 view .LVU41
 158 0010 08BD     		pop	{r3, pc}
 159              	.LVL15:
 160              	.L14:
 183:Core/Src/Drivers/Src/usart.c ****         huart->Init.WordLength = UART_WORDLENGTH_8B;
 161              		.loc 1 183 9 is_stmt 1 view .LVU42
 183:Core/Src/Drivers/Src/usart.c ****         huart->Init.WordLength = UART_WORDLENGTH_8B;
 162              		.loc 1 183 30 is_stmt 0 view .LVU43
 163 0012 4FF4E133 		mov	r3, #115200
 164 0016 4360     		str	r3, [r0, #4]
 184:Core/Src/Drivers/Src/usart.c ****         huart->Init.StopBits = UART_STOPBITS_1;
 165              		.loc 1 184 9 is_stmt 1 view .LVU44
 184:Core/Src/Drivers/Src/usart.c ****         huart->Init.StopBits = UART_STOPBITS_1;
 166              		.loc 1 184 32 is_stmt 0 view .LVU45
 167 0018 0023     		movs	r3, #0
 168 001a 8360     		str	r3, [r0, #8]
 185:Core/Src/Drivers/Src/usart.c ****         huart->Init.Parity = UART_PARITY_NONE;
 169              		.loc 1 185 9 is_stmt 1 view .LVU46
 185:Core/Src/Drivers/Src/usart.c ****         huart->Init.Parity = UART_PARITY_NONE;
 170              		.loc 1 185 30 is_stmt 0 view .LVU47
 171 001c C360     		str	r3, [r0, #12]
 186:Core/Src/Drivers/Src/usart.c ****         huart->Init.Mode = UART_MODE_TX_RX;
 172              		.loc 1 186 9 is_stmt 1 view .LVU48
 186:Core/Src/Drivers/Src/usart.c ****         huart->Init.Mode = UART_MODE_TX_RX;
 173              		.loc 1 186 28 is_stmt 0 view .LVU49
 174 001e 0361     		str	r3, [r0, #16]
 187:Core/Src/Drivers/Src/usart.c ****         huart->Init.HwFlowCtl = UART_HWCONTROL_NONE;
 175              		.loc 1 187 9 is_stmt 1 view .LVU50
 187:Core/Src/Drivers/Src/usart.c ****         huart->Init.HwFlowCtl = UART_HWCONTROL_NONE;
 176              		.loc 1 187 26 is_stmt 0 view .LVU51
 177 0020 0C22     		movs	r2, #12
 178 0022 4261     		str	r2, [r0, #20]
ARM GAS  C:\Users\Lamp\AppData\Local\Temp\ccdNhMqm.s 			page 8


 188:Core/Src/Drivers/Src/usart.c ****         huart->Init.OverSampling = UART_OVERSAMPLING_16;
 179              		.loc 1 188 9 is_stmt 1 view .LVU52
 188:Core/Src/Drivers/Src/usart.c ****         huart->Init.OverSampling = UART_OVERSAMPLING_16;
 180              		.loc 1 188 31 is_stmt 0 view .LVU53
 181 0024 8361     		str	r3, [r0, #24]
 189:Core/Src/Drivers/Src/usart.c ****         HAL_UART_Init(huart);
 182              		.loc 1 189 9 is_stmt 1 view .LVU54
 189:Core/Src/Drivers/Src/usart.c ****         HAL_UART_Init(huart);
 183              		.loc 1 189 34 is_stmt 0 view .LVU55
 184 0026 C361     		str	r3, [r0, #28]
 190:Core/Src/Drivers/Src/usart.c ****     }
 185              		.loc 1 190 9 is_stmt 1 view .LVU56
 186 0028 FFF7FEFF 		bl	HAL_UART_Init
 187              	.LVL16:
 190:Core/Src/Drivers/Src/usart.c ****     }
 188              		.loc 1 190 9 is_stmt 0 view .LVU57
 189 002c F0E7     		b	.L10
 190              	.LVL17:
 191              	.L15:
 198:Core/Src/Drivers/Src/usart.c ****         huart->Init.WordLength = UART_WORDLENGTH_8B;
 192              		.loc 1 198 9 is_stmt 1 view .LVU58
 198:Core/Src/Drivers/Src/usart.c ****         huart->Init.WordLength = UART_WORDLENGTH_8B;
 193              		.loc 1 198 30 is_stmt 0 view .LVU59
 194 002e 4FF46123 		mov	r3, #921600
 195 0032 4360     		str	r3, [r0, #4]
 199:Core/Src/Drivers/Src/usart.c ****         huart->Init.StopBits = UART_STOPBITS_1;
 196              		.loc 1 199 9 is_stmt 1 view .LVU60
 199:Core/Src/Drivers/Src/usart.c ****         huart->Init.StopBits = UART_STOPBITS_1;
 197              		.loc 1 199 32 is_stmt 0 view .LVU61
 198 0034 0023     		movs	r3, #0
 199 0036 8360     		str	r3, [r0, #8]
 200:Core/Src/Drivers/Src/usart.c ****         huart->Init.Parity = UART_PARITY_NONE;
 200              		.loc 1 200 9 is_stmt 1 view .LVU62
 200:Core/Src/Drivers/Src/usart.c ****         huart->Init.Parity = UART_PARITY_NONE;
 201              		.loc 1 200 30 is_stmt 0 view .LVU63
 202 0038 C360     		str	r3, [r0, #12]
 201:Core/Src/Drivers/Src/usart.c ****         huart->Init.Mode = UART_MODE_TX_RX;
 203              		.loc 1 201 9 is_stmt 1 view .LVU64
 201:Core/Src/Drivers/Src/usart.c ****         huart->Init.Mode = UART_MODE_TX_RX;
 204              		.loc 1 201 28 is_stmt 0 view .LVU65
 205 003a 0361     		str	r3, [r0, #16]
 202:Core/Src/Drivers/Src/usart.c ****         huart->Init.HwFlowCtl = UART_HWCONTROL_NONE;
 206              		.loc 1 202 9 is_stmt 1 view .LVU66
 202:Core/Src/Drivers/Src/usart.c ****         huart->Init.HwFlowCtl = UART_HWCONTROL_NONE;
 207              		.loc 1 202 26 is_stmt 0 view .LVU67
 208 003c 0C22     		movs	r2, #12
 209 003e 4261     		str	r2, [r0, #20]
 203:Core/Src/Drivers/Src/usart.c ****         huart->Init.OverSampling = UART_OVERSAMPLING_16;
 210              		.loc 1 203 9 is_stmt 1 view .LVU68
 203:Core/Src/Drivers/Src/usart.c ****         huart->Init.OverSampling = UART_OVERSAMPLING_16;
 211              		.loc 1 203 31 is_stmt 0 view .LVU69
 212 0040 8361     		str	r3, [r0, #24]
 204:Core/Src/Drivers/Src/usart.c ****         HAL_UART_Init(huart);
 213              		.loc 1 204 9 is_stmt 1 view .LVU70
 204:Core/Src/Drivers/Src/usart.c ****         HAL_UART_Init(huart);
 214              		.loc 1 204 34 is_stmt 0 view .LVU71
 215 0042 C361     		str	r3, [r0, #28]
ARM GAS  C:\Users\Lamp\AppData\Local\Temp\ccdNhMqm.s 			page 9


 205:Core/Src/Drivers/Src/usart.c ****     }
 216              		.loc 1 205 9 is_stmt 1 view .LVU72
 217 0044 FFF7FEFF 		bl	HAL_UART_Init
 218              	.LVL18:
 219              		.loc 1 207 1 is_stmt 0 view .LVU73
 220 0048 E2E7     		b	.L10
 221              	.L17:
 222 004a 00BF     		.align	2
 223              	.L16:
 224 004c 00440040 		.word	1073759232
 225 0050 00480040 		.word	1073760256
 226              		.cfi_endproc
 227              	.LFE180:
 229              		.section	.text.HAL_UART_TxCpltCallback,"ax",%progbits
 230              		.align	1
 231              		.global	HAL_UART_TxCpltCallback
 232              		.syntax unified
 233              		.thumb
 234              		.thumb_func
 236              	HAL_UART_TxCpltCallback:
 237              	.LVL19:
 238              	.LFB176:
  46:Core/Src/Drivers/Src/usart.c ****     BaseType_t xHigherPriorityTaskWoken = pdFALSE;
 239              		.loc 1 46 1 is_stmt 1 view -0
 240              		.cfi_startproc
 241              		@ args = 0, pretend = 0, frame = 8
 242              		@ frame_needed = 0, uses_anonymous_args = 0
  46:Core/Src/Drivers/Src/usart.c ****     BaseType_t xHigherPriorityTaskWoken = pdFALSE;
 243              		.loc 1 46 1 is_stmt 0 view .LVU75
 244 0000 00B5     		push	{lr}
 245              	.LCFI2:
 246              		.cfi_def_cfa_offset 4
 247              		.cfi_offset 14, -4
 248 0002 83B0     		sub	sp, sp, #12
 249              	.LCFI3:
 250              		.cfi_def_cfa_offset 16
  47:Core/Src/Drivers/Src/usart.c **** 
 251              		.loc 1 47 5 is_stmt 1 view .LVU76
  47:Core/Src/Drivers/Src/usart.c **** 
 252              		.loc 1 47 16 is_stmt 0 view .LVU77
 253 0004 0023     		movs	r3, #0
 254 0006 0193     		str	r3, [sp, #4]
  49:Core/Src/Drivers/Src/usart.c ****         static const Event motor_sended_event = { COMMAND_SENDED_SIG };
 255              		.loc 1 49 5 is_stmt 1 view .LVU78
  49:Core/Src/Drivers/Src/usart.c ****         static const Event motor_sended_event = { COMMAND_SENDED_SIG };
 256              		.loc 1 49 13 is_stmt 0 view .LVU79
 257 0008 0368     		ldr	r3, [r0]
  49:Core/Src/Drivers/Src/usart.c ****         static const Event motor_sended_event = { COMMAND_SENDED_SIG };
 258              		.loc 1 49 7 view .LVU80
 259 000a 124A     		ldr	r2, .L25
 260 000c 9342     		cmp	r3, r2
 261 000e 11D0     		beq	.L23
  53:Core/Src/Drivers/Src/usart.c ****         static const Event sensor_event = { SENSOR_SENDED_SIG };
 262              		.loc 1 53 10 is_stmt 1 view .LVU81
  53:Core/Src/Drivers/Src/usart.c ****         static const Event sensor_event = { SENSOR_SENDED_SIG };
 263              		.loc 1 53 12 is_stmt 0 view .LVU82
 264 0010 114A     		ldr	r2, .L25+4
ARM GAS  C:\Users\Lamp\AppData\Local\Temp\ccdNhMqm.s 			page 10


 265 0012 9342     		cmp	r3, r2
 266 0014 16D0     		beq	.L24
 267              	.LVL20:
 268              	.L20:
  58:Core/Src/Drivers/Src/usart.c **** }
 269              		.loc 1 58 5 is_stmt 1 view .LVU83
  58:Core/Src/Drivers/Src/usart.c **** }
 270              		.loc 1 58 5 view .LVU84
 271 0016 019B     		ldr	r3, [sp, #4]
 272 0018 4BB1     		cbz	r3, .L18
  58:Core/Src/Drivers/Src/usart.c **** }
 273              		.loc 1 58 5 discriminator 1 view .LVU85
 274 001a 4FF0E023 		mov	r3, #-536813568
 275 001e 4FF08052 		mov	r2, #268435456
 276 0022 C3F8042D 		str	r2, [r3, #3332]
  58:Core/Src/Drivers/Src/usart.c **** }
 277              		.loc 1 58 5 discriminator 1 view .LVU86
 278              		.syntax unified
 279              	@ 58 "Core/Src/Drivers/Src/usart.c" 1
 280 0026 BFF34F8F 		dsb
 281              	@ 0 "" 2
  58:Core/Src/Drivers/Src/usart.c **** }
 282              		.loc 1 58 5 discriminator 1 view .LVU87
 283              	@ 58 "Core/Src/Drivers/Src/usart.c" 1
 284 002a BFF36F8F 		isb
 285              	@ 0 "" 2
  58:Core/Src/Drivers/Src/usart.c **** }
 286              		.loc 1 58 5 discriminator 3 view .LVU88
  58:Core/Src/Drivers/Src/usart.c **** }
 287              		.loc 1 58 5 discriminator 3 view .LVU89
 288              		.thumb
 289              		.syntax unified
 290              	.L18:
  59:Core/Src/Drivers/Src/usart.c **** 
 291              		.loc 1 59 1 is_stmt 0 view .LVU90
 292 002e 03B0     		add	sp, sp, #12
 293              	.LCFI4:
 294              		.cfi_remember_state
 295              		.cfi_def_cfa_offset 4
 296              		@ sp needed
 297 0030 5DF804FB 		ldr	pc, [sp], #4
 298              	.LVL21:
 299              	.L23:
 300              	.LCFI5:
 301              		.cfi_restore_state
 302              	.LBB4:
  50:Core/Src/Drivers/Src/usart.c ****         AO_Motor->postFromISR(AO_Motor, &motor_sended_event, &xHigherPriorityTaskWoken);
 303              		.loc 1 50 9 is_stmt 1 view .LVU91
  51:Core/Src/Drivers/Src/usart.c ****     }
 304              		.loc 1 51 9 view .LVU92
  51:Core/Src/Drivers/Src/usart.c ****     }
 305              		.loc 1 51 17 is_stmt 0 view .LVU93
 306 0034 094B     		ldr	r3, .L25+8
 307 0036 1868     		ldr	r0, [r3]
 308              	.LVL22:
  51:Core/Src/Drivers/Src/usart.c ****     }
 309              		.loc 1 51 17 view .LVU94
ARM GAS  C:\Users\Lamp\AppData\Local\Temp\ccdNhMqm.s 			page 11


 310 0038 D0F8C830 		ldr	r3, [r0, #200]
  51:Core/Src/Drivers/Src/usart.c ****     }
 311              		.loc 1 51 9 view .LVU95
 312 003c 01AA     		add	r2, sp, #4
 313 003e 0849     		ldr	r1, .L25+12
 314 0040 9847     		blx	r3
 315              	.LVL23:
 316              	.LBE4:
 317 0042 E8E7     		b	.L20
 318              	.LVL24:
 319              	.L24:
 320              	.LBB5:
  54:Core/Src/Drivers/Src/usart.c ****         AO_Computer->postFromISR(AO_Computer, &sensor_event, &xHigherPriorityTaskWoken);      
 321              		.loc 1 54 9 is_stmt 1 view .LVU96
  55:Core/Src/Drivers/Src/usart.c ****     }
 322              		.loc 1 55 9 view .LVU97
  55:Core/Src/Drivers/Src/usart.c ****     }
 323              		.loc 1 55 20 is_stmt 0 view .LVU98
 324 0044 074B     		ldr	r3, .L25+16
 325 0046 1868     		ldr	r0, [r3]
 326              	.LVL25:
  55:Core/Src/Drivers/Src/usart.c ****     }
 327              		.loc 1 55 20 view .LVU99
 328 0048 D0F8C830 		ldr	r3, [r0, #200]
  55:Core/Src/Drivers/Src/usart.c ****     }
 329              		.loc 1 55 9 view .LVU100
 330 004c 01AA     		add	r2, sp, #4
 331 004e 0649     		ldr	r1, .L25+20
 332 0050 9847     		blx	r3
 333              	.LVL26:
 334 0052 E0E7     		b	.L20
 335              	.L26:
 336              		.align	2
 337              	.L25:
 338 0054 00440040 		.word	1073759232
 339 0058 00480040 		.word	1073760256
 340 005c 00000000 		.word	AO_Motor
 341 0060 00000000 		.word	motor_sended_event.7
 342 0064 00000000 		.word	AO_Computer
 343 0068 00000000 		.word	sensor_event.6
 344              	.LBE5:
 345              		.cfi_endproc
 346              	.LFE176:
 348              		.section	.text.HAL_UART_RxCpltCallback,"ax",%progbits
 349              		.align	1
 350              		.global	HAL_UART_RxCpltCallback
 351              		.syntax unified
 352              		.thumb
 353              		.thumb_func
 355              	HAL_UART_RxCpltCallback:
 356              	.LVL27:
 357              	.LFB177:
  66:Core/Src/Drivers/Src/usart.c ****     BaseType_t xHigherPriorityTaskWoken = pdFALSE;
 358              		.loc 1 66 1 is_stmt 1 view -0
 359              		.cfi_startproc
 360              		@ args = 0, pretend = 0, frame = 8
 361              		@ frame_needed = 0, uses_anonymous_args = 0
ARM GAS  C:\Users\Lamp\AppData\Local\Temp\ccdNhMqm.s 			page 12


  66:Core/Src/Drivers/Src/usart.c ****     BaseType_t xHigherPriorityTaskWoken = pdFALSE;
 362              		.loc 1 66 1 is_stmt 0 view .LVU102
 363 0000 30B5     		push	{r4, r5, lr}
 364              	.LCFI6:
 365              		.cfi_def_cfa_offset 12
 366              		.cfi_offset 4, -12
 367              		.cfi_offset 5, -8
 368              		.cfi_offset 14, -4
 369 0002 83B0     		sub	sp, sp, #12
 370              	.LCFI7:
 371              		.cfi_def_cfa_offset 24
  67:Core/Src/Drivers/Src/usart.c **** 
 372              		.loc 1 67 5 is_stmt 1 view .LVU103
  67:Core/Src/Drivers/Src/usart.c **** 
 373              		.loc 1 67 16 is_stmt 0 view .LVU104
 374 0004 0023     		movs	r3, #0
 375 0006 0193     		str	r3, [sp, #4]
  69:Core/Src/Drivers/Src/usart.c ****         static RecivedMessage recived_message = { .length = 0 }; 
 376              		.loc 1 69 5 is_stmt 1 view .LVU105
  69:Core/Src/Drivers/Src/usart.c ****         static RecivedMessage recived_message = { .length = 0 }; 
 377              		.loc 1 69 13 is_stmt 0 view .LVU106
 378 0008 0268     		ldr	r2, [r0]
  69:Core/Src/Drivers/Src/usart.c ****         static RecivedMessage recived_message = { .length = 0 }; 
 379              		.loc 1 69 7 view .LVU107
 380 000a 2D4B     		ldr	r3, .L38
 381 000c 9A42     		cmp	r2, r3
 382 000e 0DD0     		beq	.L35
 383              	.LVL28:
 384              	.L28:
 109:Core/Src/Drivers/Src/usart.c **** }
 385              		.loc 1 109 5 is_stmt 1 view .LVU108
 109:Core/Src/Drivers/Src/usart.c **** }
 386              		.loc 1 109 5 view .LVU109
 387 0010 019B     		ldr	r3, [sp, #4]
 388 0012 4BB1     		cbz	r3, .L27
 109:Core/Src/Drivers/Src/usart.c **** }
 389              		.loc 1 109 5 discriminator 1 view .LVU110
 390 0014 4FF0E023 		mov	r3, #-536813568
 391 0018 4FF08052 		mov	r2, #268435456
 392 001c C3F8042D 		str	r2, [r3, #3332]
 109:Core/Src/Drivers/Src/usart.c **** }
 393              		.loc 1 109 5 discriminator 1 view .LVU111
 394              		.syntax unified
 395              	@ 109 "Core/Src/Drivers/Src/usart.c" 1
 396 0020 BFF34F8F 		dsb
 397              	@ 0 "" 2
 109:Core/Src/Drivers/Src/usart.c **** }
 398              		.loc 1 109 5 discriminator 1 view .LVU112
 399              	@ 109 "Core/Src/Drivers/Src/usart.c" 1
 400 0024 BFF36F8F 		isb
 401              	@ 0 "" 2
 109:Core/Src/Drivers/Src/usart.c **** }
 402              		.loc 1 109 5 discriminator 3 view .LVU113
 109:Core/Src/Drivers/Src/usart.c **** }
 403              		.loc 1 109 5 discriminator 3 view .LVU114
 404              		.thumb
 405              		.syntax unified
ARM GAS  C:\Users\Lamp\AppData\Local\Temp\ccdNhMqm.s 			page 13


 406              	.L27:
 110:Core/Src/Drivers/Src/usart.c **** 
 407              		.loc 1 110 1 is_stmt 0 view .LVU115
 408 0028 03B0     		add	sp, sp, #12
 409              	.LCFI8:
 410              		.cfi_remember_state
 411              		.cfi_def_cfa_offset 12
 412              		@ sp needed
 413 002a 30BD     		pop	{r4, r5, pc}
 414              	.LVL29:
 415              	.L35:
 416              	.LCFI9:
 417              		.cfi_restore_state
 110:Core/Src/Drivers/Src/usart.c **** 
 418              		.loc 1 110 1 view .LVU116
 419 002c 0446     		mov	r4, r0
 420              	.LBB6:
  70:Core/Src/Drivers/Src/usart.c ****         static uint8_t is_data_comming = 0;
 421              		.loc 1 70 9 is_stmt 1 view .LVU117
  71:Core/Src/Drivers/Src/usart.c ****         static char byte_data;
 422              		.loc 1 71 9 view .LVU118
  72:Core/Src/Drivers/Src/usart.c ****         static const uint8_t max_length = 4;
 423              		.loc 1 72 9 view .LVU119
  73:Core/Src/Drivers/Src/usart.c ****         byte_data = rx_byte_data; 
 424              		.loc 1 73 9 view .LVU120
  74:Core/Src/Drivers/Src/usart.c ****     
 425              		.loc 1 74 9 view .LVU121
  74:Core/Src/Drivers/Src/usart.c ****     
 426              		.loc 1 74 19 is_stmt 0 view .LVU122
 427 002e 254B     		ldr	r3, .L38+4
 428 0030 1B78     		ldrb	r3, [r3]	@ zero_extendqisi2
 429 0032 254A     		ldr	r2, .L38+8
 430 0034 1370     		strb	r3, [r2]
  76:Core/Src/Drivers/Src/usart.c ****             
 431              		.loc 1 76 9 is_stmt 1 view .LVU123
  76:Core/Src/Drivers/Src/usart.c ****             
 432              		.loc 1 76 28 is_stmt 0 view .LVU124
 433 0036 254A     		ldr	r2, .L38+12
 434 0038 1278     		ldrb	r2, [r2]	@ zero_extendqisi2
  76:Core/Src/Drivers/Src/usart.c ****             
 435              		.loc 1 76 11 view .LVU125
 436 003a 012A     		cmp	r2, #1
 437 003c 07D0     		beq	.L36
  99:Core/Src/Drivers/Src/usart.c ****                 if(recived_message.length != 0) recived_message.length = 0;
 438              		.loc 1 99 13 is_stmt 1 view .LVU126
  99:Core/Src/Drivers/Src/usart.c ****                 if(recived_message.length != 0) recived_message.length = 0;
 439              		.loc 1 99 15 is_stmt 0 view .LVU127
 440 003e 532B     		cmp	r3, #83
 441 0040 34D0     		beq	.L37
 442              	.LVL30:
 443              	.L31:
 106:Core/Src/Drivers/Src/usart.c ****     }
 444              		.loc 1 106 9 is_stmt 1 view .LVU128
 445 0042 0122     		movs	r2, #1
 446 0044 1F49     		ldr	r1, .L38+4
 447 0046 2046     		mov	r0, r4
 448 0048 FFF7FEFF 		bl	HAL_UART_Receive_IT
ARM GAS  C:\Users\Lamp\AppData\Local\Temp\ccdNhMqm.s 			page 14


 449              	.LVL31:
 450 004c E0E7     		b	.L28
 451              	.LVL32:
 452              	.L36:
  78:Core/Src/Drivers/Src/usart.c ****                 recived_message.message[recived_message.length] = byte_data;
 453              		.loc 1 78 13 view .LVU129
  78:Core/Src/Drivers/Src/usart.c ****                 recived_message.message[recived_message.length] = byte_data;
 454              		.loc 1 78 15 is_stmt 0 view .LVU130
 455 004e 532B     		cmp	r3, #83
 456 0050 0ED0     		beq	.L30
  78:Core/Src/Drivers/Src/usart.c ****                 recived_message.message[recived_message.length] = byte_data;
 457              		.loc 1 78 33 discriminator 1 view .LVU131
 458 0052 0A2B     		cmp	r3, #10
 459 0054 0CD0     		beq	.L30
  79:Core/Src/Drivers/Src/usart.c ****                 recived_message.length++;
 460              		.loc 1 79 17 is_stmt 1 view .LVU132
  79:Core/Src/Drivers/Src/usart.c ****                 recived_message.length++;
 461              		.loc 1 79 56 is_stmt 0 view .LVU133
 462 0056 1E49     		ldr	r1, .L38+16
 463 0058 CA79     		ldrb	r2, [r1, #7]	@ zero_extendqisi2
  79:Core/Src/Drivers/Src/usart.c ****                 recived_message.length++;
 464              		.loc 1 79 65 view .LVU134
 465 005a 8B54     		strb	r3, [r1, r2]
  80:Core/Src/Drivers/Src/usart.c ****                 if(recived_message.length > max_length) {
 466              		.loc 1 80 17 is_stmt 1 view .LVU135
  80:Core/Src/Drivers/Src/usart.c ****                 if(recived_message.length > max_length) {
 467              		.loc 1 80 39 is_stmt 0 view .LVU136
 468 005c 531C     		adds	r3, r2, #1
 469 005e DBB2     		uxtb	r3, r3
 470 0060 CB71     		strb	r3, [r1, #7]
  81:Core/Src/Drivers/Src/usart.c ****                     recived_message.length = 0;
 471              		.loc 1 81 17 is_stmt 1 view .LVU137
  81:Core/Src/Drivers/Src/usart.c ****                     recived_message.length = 0;
 472              		.loc 1 81 19 is_stmt 0 view .LVU138
 473 0062 042B     		cmp	r3, #4
 474 0064 EDD9     		bls	.L31
  82:Core/Src/Drivers/Src/usart.c ****                     is_data_comming = 0;
 475              		.loc 1 82 21 is_stmt 1 view .LVU139
  82:Core/Src/Drivers/Src/usart.c ****                     is_data_comming = 0;
 476              		.loc 1 82 44 is_stmt 0 view .LVU140
 477 0066 0023     		movs	r3, #0
 478 0068 CB71     		strb	r3, [r1, #7]
  83:Core/Src/Drivers/Src/usart.c ****                 }
 479              		.loc 1 83 21 is_stmt 1 view .LVU141
  83:Core/Src/Drivers/Src/usart.c ****                 }
 480              		.loc 1 83 37 is_stmt 0 view .LVU142
 481 006a 184A     		ldr	r2, .L38+12
 482 006c 1370     		strb	r3, [r2]
 483 006e E8E7     		b	.L31
 484              	.L30:
  86:Core/Src/Drivers/Src/usart.c ****                 static PWC pulse_width_command;
 485              		.loc 1 86 18 is_stmt 1 view .LVU143
  86:Core/Src/Drivers/Src/usart.c ****                 static PWC pulse_width_command;
 486              		.loc 1 86 20 is_stmt 0 view .LVU144
 487 0070 0A2B     		cmp	r3, #10
 488 0072 E6D1     		bne	.L31
 489              	.LBB7:
ARM GAS  C:\Users\Lamp\AppData\Local\Temp\ccdNhMqm.s 			page 15


  87:Core/Src/Drivers/Src/usart.c ****                 static int16_t d;
 490              		.loc 1 87 17 is_stmt 1 view .LVU145
  88:Core/Src/Drivers/Src/usart.c ****                 static const Event pwc_evt = {PWC_TRIGGER_SIG};
 491              		.loc 1 88 17 view .LVU146
  89:Core/Src/Drivers/Src/usart.c ****                 d = ExtractMessage(&recived_message);
 492              		.loc 1 89 17 view .LVU147
  90:Core/Src/Drivers/Src/usart.c ****                 pulse_width_command.d = d;
 493              		.loc 1 90 17 view .LVU148
  90:Core/Src/Drivers/Src/usart.c ****                 pulse_width_command.d = d;
 494              		.loc 1 90 21 is_stmt 0 view .LVU149
 495 0074 164D     		ldr	r5, .L38+16
 496 0076 2846     		mov	r0, r5
 497              	.LVL33:
  90:Core/Src/Drivers/Src/usart.c ****                 pulse_width_command.d = d;
 498              		.loc 1 90 21 view .LVU150
 499 0078 FFF7FEFF 		bl	ExtractMessage
 500              	.LVL34:
  90:Core/Src/Drivers/Src/usart.c ****                 pulse_width_command.d = d;
 501              		.loc 1 90 19 discriminator 1 view .LVU151
 502 007c 154B     		ldr	r3, .L38+20
 503 007e 1880     		strh	r0, [r3]	@ movhi
  91:Core/Src/Drivers/Src/usart.c ****                 xQueueOverwriteFromISR(motor->pwc_sub, &pulse_width_command, &xHigherPriorityTaskWo
 504              		.loc 1 91 17 is_stmt 1 view .LVU152
  91:Core/Src/Drivers/Src/usart.c ****                 xQueueOverwriteFromISR(motor->pwc_sub, &pulse_width_command, &xHigherPriorityTaskWo
 505              		.loc 1 91 39 is_stmt 0 view .LVU153
 506 0080 1549     		ldr	r1, .L38+24
 507 0082 0880     		strh	r0, [r1]	@ movhi
  92:Core/Src/Drivers/Src/usart.c ****                 AO_Motor->postFromISR(AO_Motor, &pwc_evt, &xHigherPriorityTaskWoken);
 508              		.loc 1 92 17 is_stmt 1 view .LVU154
 509 0084 154B     		ldr	r3, .L38+28
 510 0086 1868     		ldr	r0, [r3]
 511 0088 0223     		movs	r3, #2
 512 008a 01AA     		add	r2, sp, #4
 513 008c D0F8CC00 		ldr	r0, [r0, #204]
 514 0090 FFF7FEFF 		bl	xQueueGenericSendFromISR
 515              	.LVL35:
  93:Core/Src/Drivers/Src/usart.c ****                 recived_message.length = 0;
 516              		.loc 1 93 17 view .LVU155
  93:Core/Src/Drivers/Src/usart.c ****                 recived_message.length = 0;
 517              		.loc 1 93 25 is_stmt 0 view .LVU156
 518 0094 124B     		ldr	r3, .L38+32
 519 0096 1868     		ldr	r0, [r3]
 520 0098 D0F8C830 		ldr	r3, [r0, #200]
  93:Core/Src/Drivers/Src/usart.c ****                 recived_message.length = 0;
 521              		.loc 1 93 17 view .LVU157
 522 009c 01AA     		add	r2, sp, #4
 523 009e 1149     		ldr	r1, .L38+36
 524 00a0 9847     		blx	r3
 525              	.LVL36:
  94:Core/Src/Drivers/Src/usart.c ****                 is_data_comming = 0;
 526              		.loc 1 94 17 is_stmt 1 view .LVU158
  94:Core/Src/Drivers/Src/usart.c ****                 is_data_comming = 0;
 527              		.loc 1 94 40 is_stmt 0 view .LVU159
 528 00a2 0023     		movs	r3, #0
 529 00a4 EB71     		strb	r3, [r5, #7]
  95:Core/Src/Drivers/Src/usart.c ****             }
 530              		.loc 1 95 17 is_stmt 1 view .LVU160
ARM GAS  C:\Users\Lamp\AppData\Local\Temp\ccdNhMqm.s 			page 16


  95:Core/Src/Drivers/Src/usart.c ****             }
 531              		.loc 1 95 33 is_stmt 0 view .LVU161
 532 00a6 094A     		ldr	r2, .L38+12
 533 00a8 1370     		strb	r3, [r2]
 534 00aa CAE7     		b	.L31
 535              	.LVL37:
 536              	.L37:
  95:Core/Src/Drivers/Src/usart.c ****             }
 537              		.loc 1 95 33 view .LVU162
 538              	.LBE7:
 100:Core/Src/Drivers/Src/usart.c ****                 is_data_comming = 1;
 539              		.loc 1 100 17 is_stmt 1 view .LVU163
 100:Core/Src/Drivers/Src/usart.c ****                 is_data_comming = 1;
 540              		.loc 1 100 35 is_stmt 0 view .LVU164
 541 00ac 084B     		ldr	r3, .L38+16
 542 00ae DB79     		ldrb	r3, [r3, #7]	@ zero_extendqisi2
 100:Core/Src/Drivers/Src/usart.c ****                 is_data_comming = 1;
 543              		.loc 1 100 19 view .LVU165
 544 00b0 13B1     		cbz	r3, .L32
 100:Core/Src/Drivers/Src/usart.c ****                 is_data_comming = 1;
 545              		.loc 1 100 49 is_stmt 1 discriminator 1 view .LVU166
 100:Core/Src/Drivers/Src/usart.c ****                 is_data_comming = 1;
 546              		.loc 1 100 72 is_stmt 0 discriminator 1 view .LVU167
 547 00b2 074B     		ldr	r3, .L38+16
 548 00b4 0022     		movs	r2, #0
 549 00b6 DA71     		strb	r2, [r3, #7]
 550              	.L32:
 101:Core/Src/Drivers/Src/usart.c ****             }          
 551              		.loc 1 101 17 is_stmt 1 view .LVU168
 101:Core/Src/Drivers/Src/usart.c ****             }          
 552              		.loc 1 101 33 is_stmt 0 view .LVU169
 553 00b8 044B     		ldr	r3, .L38+12
 554 00ba 0122     		movs	r2, #1
 555 00bc 1A70     		strb	r2, [r3]
 556 00be C0E7     		b	.L31
 557              	.L39:
 558              		.align	2
 559              	.L38:
 560 00c0 00480040 		.word	1073760256
 561 00c4 00000000 		.word	rx_byte_data
 562 00c8 00000000 		.word	byte_data.5
 563 00cc 00000000 		.word	is_data_comming.4
 564 00d0 00000000 		.word	recived_message.3
 565 00d4 00000000 		.word	d.2
 566 00d8 00000000 		.word	pulse_width_command.1
 567 00dc 00000000 		.word	motor
 568 00e0 00000000 		.word	AO_Motor
 569 00e4 00000000 		.word	pwc_evt.0
 570              	.LBE6:
 571              		.cfi_endproc
 572              	.LFE177:
 574              		.section	.text.HAL_UART_MspInit,"ax",%progbits
 575              		.align	1
 576              		.global	HAL_UART_MspInit
 577              		.syntax unified
 578              		.thumb
 579              		.thumb_func
ARM GAS  C:\Users\Lamp\AppData\Local\Temp\ccdNhMqm.s 			page 17


 581              	HAL_UART_MspInit:
 582              	.LVL38:
 583              	.LFB179:
 129:Core/Src/Drivers/Src/usart.c ****     GPIO_InitTypeDef GPIO_InitStruct = {0};
 584              		.loc 1 129 1 is_stmt 1 view -0
 585              		.cfi_startproc
 586              		@ args = 0, pretend = 0, frame = 40
 587              		@ frame_needed = 0, uses_anonymous_args = 0
 129:Core/Src/Drivers/Src/usart.c ****     GPIO_InitTypeDef GPIO_InitStruct = {0};
 588              		.loc 1 129 1 is_stmt 0 view .LVU171
 589 0000 10B5     		push	{r4, lr}
 590              	.LCFI10:
 591              		.cfi_def_cfa_offset 8
 592              		.cfi_offset 4, -8
 593              		.cfi_offset 14, -4
 594 0002 8AB0     		sub	sp, sp, #40
 595              	.LCFI11:
 596              		.cfi_def_cfa_offset 48
 130:Core/Src/Drivers/Src/usart.c ****     if(huart->Instance==USART2)
 597              		.loc 1 130 5 is_stmt 1 view .LVU172
 130:Core/Src/Drivers/Src/usart.c ****     if(huart->Instance==USART2)
 598              		.loc 1 130 22 is_stmt 0 view .LVU173
 599 0004 0023     		movs	r3, #0
 600 0006 0593     		str	r3, [sp, #20]
 601 0008 0693     		str	r3, [sp, #24]
 602 000a 0793     		str	r3, [sp, #28]
 603 000c 0893     		str	r3, [sp, #32]
 604 000e 0993     		str	r3, [sp, #36]
 131:Core/Src/Drivers/Src/usart.c ****     {
 605              		.loc 1 131 5 is_stmt 1 view .LVU174
 131:Core/Src/Drivers/Src/usart.c ****     {
 606              		.loc 1 131 13 is_stmt 0 view .LVU175
 607 0010 0368     		ldr	r3, [r0]
 131:Core/Src/Drivers/Src/usart.c ****     {
 608              		.loc 1 131 7 view .LVU176
 609 0012 2F4A     		ldr	r2, .L46
 610 0014 9342     		cmp	r3, r2
 611 0016 04D0     		beq	.L44
 152:Core/Src/Drivers/Src/usart.c ****     {
 612              		.loc 1 152 10 is_stmt 1 view .LVU177
 152:Core/Src/Drivers/Src/usart.c ****     {
 613              		.loc 1 152 12 is_stmt 0 view .LVU178
 614 0018 2E4A     		ldr	r2, .L46+4
 615 001a 9342     		cmp	r3, r2
 616 001c 2CD0     		beq	.L45
 617              	.LVL39:
 618              	.L40:
 173:Core/Src/Drivers/Src/usart.c **** 
 619              		.loc 1 173 1 view .LVU179
 620 001e 0AB0     		add	sp, sp, #40
 621              	.LCFI12:
 622              		.cfi_remember_state
 623              		.cfi_def_cfa_offset 8
 624              		@ sp needed
 625 0020 10BD     		pop	{r4, pc}
 626              	.LVL40:
 627              	.L44:
ARM GAS  C:\Users\Lamp\AppData\Local\Temp\ccdNhMqm.s 			page 18


 628              	.LCFI13:
 629              		.cfi_restore_state
 134:Core/Src/Drivers/Src/usart.c ****         __HAL_RCC_GPIOA_CLK_ENABLE();
 630              		.loc 1 134 9 is_stmt 1 view .LVU180
 631              	.LBB8:
 134:Core/Src/Drivers/Src/usart.c ****         __HAL_RCC_GPIOA_CLK_ENABLE();
 632              		.loc 1 134 9 view .LVU181
 633 0022 0024     		movs	r4, #0
 634 0024 0194     		str	r4, [sp, #4]
 134:Core/Src/Drivers/Src/usart.c ****         __HAL_RCC_GPIOA_CLK_ENABLE();
 635              		.loc 1 134 9 view .LVU182
 636 0026 2C4B     		ldr	r3, .L46+8
 637 0028 1A6C     		ldr	r2, [r3, #64]
 638 002a 42F40032 		orr	r2, r2, #131072
 639 002e 1A64     		str	r2, [r3, #64]
 134:Core/Src/Drivers/Src/usart.c ****         __HAL_RCC_GPIOA_CLK_ENABLE();
 640              		.loc 1 134 9 view .LVU183
 641 0030 1A6C     		ldr	r2, [r3, #64]
 642 0032 02F40032 		and	r2, r2, #131072
 643 0036 0192     		str	r2, [sp, #4]
 134:Core/Src/Drivers/Src/usart.c ****         __HAL_RCC_GPIOA_CLK_ENABLE();
 644              		.loc 1 134 9 view .LVU184
 645 0038 019A     		ldr	r2, [sp, #4]
 646              	.LBE8:
 134:Core/Src/Drivers/Src/usart.c ****         __HAL_RCC_GPIOA_CLK_ENABLE();
 647              		.loc 1 134 9 view .LVU185
 135:Core/Src/Drivers/Src/usart.c ****         
 648              		.loc 1 135 9 view .LVU186
 649              	.LBB9:
 135:Core/Src/Drivers/Src/usart.c ****         
 650              		.loc 1 135 9 view .LVU187
 651 003a 0294     		str	r4, [sp, #8]
 135:Core/Src/Drivers/Src/usart.c ****         
 652              		.loc 1 135 9 view .LVU188
 653 003c 1A6B     		ldr	r2, [r3, #48]
 654 003e 42F00102 		orr	r2, r2, #1
 655 0042 1A63     		str	r2, [r3, #48]
 135:Core/Src/Drivers/Src/usart.c ****         
 656              		.loc 1 135 9 view .LVU189
 657 0044 1B6B     		ldr	r3, [r3, #48]
 658 0046 03F00103 		and	r3, r3, #1
 659 004a 0293     		str	r3, [sp, #8]
 135:Core/Src/Drivers/Src/usart.c ****         
 660              		.loc 1 135 9 view .LVU190
 661 004c 029B     		ldr	r3, [sp, #8]
 662              	.LBE9:
 135:Core/Src/Drivers/Src/usart.c ****         
 663              		.loc 1 135 9 view .LVU191
 141:Core/Src/Drivers/Src/usart.c ****         GPIO_InitStruct.Mode = GPIO_MODE_AF_PP;
 664              		.loc 1 141 9 view .LVU192
 141:Core/Src/Drivers/Src/usart.c ****         GPIO_InitStruct.Mode = GPIO_MODE_AF_PP;
 665              		.loc 1 141 29 is_stmt 0 view .LVU193
 666 004e 0C23     		movs	r3, #12
 667 0050 0593     		str	r3, [sp, #20]
 142:Core/Src/Drivers/Src/usart.c ****         GPIO_InitStruct.Pull = GPIO_NOPULL;
 668              		.loc 1 142 9 is_stmt 1 view .LVU194
 142:Core/Src/Drivers/Src/usart.c ****         GPIO_InitStruct.Pull = GPIO_NOPULL;
ARM GAS  C:\Users\Lamp\AppData\Local\Temp\ccdNhMqm.s 			page 19


 669              		.loc 1 142 30 is_stmt 0 view .LVU195
 670 0052 0223     		movs	r3, #2
 671 0054 0693     		str	r3, [sp, #24]
 143:Core/Src/Drivers/Src/usart.c ****         GPIO_InitStruct.Speed = GPIO_SPEED_FREQ_VERY_HIGH;
 672              		.loc 1 143 9 is_stmt 1 view .LVU196
 144:Core/Src/Drivers/Src/usart.c ****         GPIO_InitStruct.Alternate = GPIO_AF7_USART2;
 673              		.loc 1 144 9 view .LVU197
 144:Core/Src/Drivers/Src/usart.c ****         GPIO_InitStruct.Alternate = GPIO_AF7_USART2;
 674              		.loc 1 144 31 is_stmt 0 view .LVU198
 675 0056 0323     		movs	r3, #3
 676 0058 0893     		str	r3, [sp, #32]
 145:Core/Src/Drivers/Src/usart.c ****         HAL_GPIO_Init(GPIOA, &GPIO_InitStruct);
 677              		.loc 1 145 9 is_stmt 1 view .LVU199
 145:Core/Src/Drivers/Src/usart.c ****         HAL_GPIO_Init(GPIOA, &GPIO_InitStruct);
 678              		.loc 1 145 35 is_stmt 0 view .LVU200
 679 005a 0723     		movs	r3, #7
 680 005c 0993     		str	r3, [sp, #36]
 146:Core/Src/Drivers/Src/usart.c **** 
 681              		.loc 1 146 9 is_stmt 1 view .LVU201
 682 005e 05A9     		add	r1, sp, #20
 683 0060 1E48     		ldr	r0, .L46+12
 684              	.LVL41:
 146:Core/Src/Drivers/Src/usart.c **** 
 685              		.loc 1 146 9 is_stmt 0 view .LVU202
 686 0062 FFF7FEFF 		bl	HAL_GPIO_Init
 687              	.LVL42:
 149:Core/Src/Drivers/Src/usart.c ****         HAL_NVIC_EnableIRQ(USART2_IRQn);
 688              		.loc 1 149 9 is_stmt 1 view .LVU203
 689 0066 2246     		mov	r2, r4
 690 0068 0921     		movs	r1, #9
 691 006a 2620     		movs	r0, #38
 692 006c FFF7FEFF 		bl	HAL_NVIC_SetPriority
 693              	.LVL43:
 150:Core/Src/Drivers/Src/usart.c ****     }
 694              		.loc 1 150 9 view .LVU204
 695 0070 2620     		movs	r0, #38
 696 0072 FFF7FEFF 		bl	HAL_NVIC_EnableIRQ
 697              	.LVL44:
 698 0076 D2E7     		b	.L40
 699              	.LVL45:
 700              	.L45:
 155:Core/Src/Drivers/Src/usart.c ****         __HAL_RCC_GPIOB_CLK_ENABLE();
 701              		.loc 1 155 9 view .LVU205
 702              	.LBB10:
 155:Core/Src/Drivers/Src/usart.c ****         __HAL_RCC_GPIOB_CLK_ENABLE();
 703              		.loc 1 155 9 view .LVU206
 704 0078 0024     		movs	r4, #0
 705 007a 0394     		str	r4, [sp, #12]
 155:Core/Src/Drivers/Src/usart.c ****         __HAL_RCC_GPIOB_CLK_ENABLE();
 706              		.loc 1 155 9 view .LVU207
 707 007c 164B     		ldr	r3, .L46+8
 708 007e 1A6C     		ldr	r2, [r3, #64]
 709 0080 42F48022 		orr	r2, r2, #262144
 710 0084 1A64     		str	r2, [r3, #64]
 155:Core/Src/Drivers/Src/usart.c ****         __HAL_RCC_GPIOB_CLK_ENABLE();
 711              		.loc 1 155 9 view .LVU208
 712 0086 1A6C     		ldr	r2, [r3, #64]
ARM GAS  C:\Users\Lamp\AppData\Local\Temp\ccdNhMqm.s 			page 20


 713 0088 02F48022 		and	r2, r2, #262144
 714 008c 0392     		str	r2, [sp, #12]
 155:Core/Src/Drivers/Src/usart.c ****         __HAL_RCC_GPIOB_CLK_ENABLE();
 715              		.loc 1 155 9 view .LVU209
 716 008e 039A     		ldr	r2, [sp, #12]
 717              	.LBE10:
 155:Core/Src/Drivers/Src/usart.c ****         __HAL_RCC_GPIOB_CLK_ENABLE();
 718              		.loc 1 155 9 view .LVU210
 156:Core/Src/Drivers/Src/usart.c **** 
 719              		.loc 1 156 9 view .LVU211
 720              	.LBB11:
 156:Core/Src/Drivers/Src/usart.c **** 
 721              		.loc 1 156 9 view .LVU212
 722 0090 0494     		str	r4, [sp, #16]
 156:Core/Src/Drivers/Src/usart.c **** 
 723              		.loc 1 156 9 view .LVU213
 724 0092 1A6B     		ldr	r2, [r3, #48]
 725 0094 42F00202 		orr	r2, r2, #2
 726 0098 1A63     		str	r2, [r3, #48]
 156:Core/Src/Drivers/Src/usart.c **** 
 727              		.loc 1 156 9 view .LVU214
 728 009a 1B6B     		ldr	r3, [r3, #48]
 729 009c 03F00203 		and	r3, r3, #2
 730 00a0 0493     		str	r3, [sp, #16]
 156:Core/Src/Drivers/Src/usart.c **** 
 731              		.loc 1 156 9 view .LVU215
 732 00a2 049B     		ldr	r3, [sp, #16]
 733              	.LBE11:
 156:Core/Src/Drivers/Src/usart.c **** 
 734              		.loc 1 156 9 view .LVU216
 162:Core/Src/Drivers/Src/usart.c ****         GPIO_InitStruct.Mode = GPIO_MODE_AF_PP;
 735              		.loc 1 162 9 view .LVU217
 162:Core/Src/Drivers/Src/usart.c ****         GPIO_InitStruct.Mode = GPIO_MODE_AF_PP;
 736              		.loc 1 162 29 is_stmt 0 view .LVU218
 737 00a4 4FF44063 		mov	r3, #3072
 738 00a8 0593     		str	r3, [sp, #20]
 163:Core/Src/Drivers/Src/usart.c ****         GPIO_InitStruct.Pull = GPIO_NOPULL;
 739              		.loc 1 163 9 is_stmt 1 view .LVU219
 163:Core/Src/Drivers/Src/usart.c ****         GPIO_InitStruct.Pull = GPIO_NOPULL;
 740              		.loc 1 163 30 is_stmt 0 view .LVU220
 741 00aa 0223     		movs	r3, #2
 742 00ac 0693     		str	r3, [sp, #24]
 164:Core/Src/Drivers/Src/usart.c ****         GPIO_InitStruct.Speed = GPIO_SPEED_FREQ_VERY_HIGH;
 743              		.loc 1 164 9 is_stmt 1 view .LVU221
 165:Core/Src/Drivers/Src/usart.c ****         GPIO_InitStruct.Alternate = GPIO_AF7_USART3;
 744              		.loc 1 165 9 view .LVU222
 165:Core/Src/Drivers/Src/usart.c ****         GPIO_InitStruct.Alternate = GPIO_AF7_USART3;
 745              		.loc 1 165 31 is_stmt 0 view .LVU223
 746 00ae 0323     		movs	r3, #3
 747 00b0 0893     		str	r3, [sp, #32]
 166:Core/Src/Drivers/Src/usart.c ****         HAL_GPIO_Init(GPIOB, &GPIO_InitStruct);
 748              		.loc 1 166 9 is_stmt 1 view .LVU224
 166:Core/Src/Drivers/Src/usart.c ****         HAL_GPIO_Init(GPIOB, &GPIO_InitStruct);
 749              		.loc 1 166 35 is_stmt 0 view .LVU225
 750 00b2 0723     		movs	r3, #7
 751 00b4 0993     		str	r3, [sp, #36]
 167:Core/Src/Drivers/Src/usart.c **** 
ARM GAS  C:\Users\Lamp\AppData\Local\Temp\ccdNhMqm.s 			page 21


 752              		.loc 1 167 9 is_stmt 1 view .LVU226
 753 00b6 05A9     		add	r1, sp, #20
 754 00b8 0948     		ldr	r0, .L46+16
 755              	.LVL46:
 167:Core/Src/Drivers/Src/usart.c **** 
 756              		.loc 1 167 9 is_stmt 0 view .LVU227
 757 00ba FFF7FEFF 		bl	HAL_GPIO_Init
 758              	.LVL47:
 170:Core/Src/Drivers/Src/usart.c ****         HAL_NVIC_EnableIRQ(USART3_IRQn);
 759              		.loc 1 170 9 is_stmt 1 view .LVU228
 760 00be 2246     		mov	r2, r4
 761 00c0 0A21     		movs	r1, #10
 762 00c2 2720     		movs	r0, #39
 763 00c4 FFF7FEFF 		bl	HAL_NVIC_SetPriority
 764              	.LVL48:
 171:Core/Src/Drivers/Src/usart.c ****     }
 765              		.loc 1 171 9 view .LVU229
 766 00c8 2720     		movs	r0, #39
 767 00ca FFF7FEFF 		bl	HAL_NVIC_EnableIRQ
 768              	.LVL49:
 173:Core/Src/Drivers/Src/usart.c **** 
 769              		.loc 1 173 1 is_stmt 0 view .LVU230
 770 00ce A6E7     		b	.L40
 771              	.L47:
 772              		.align	2
 773              	.L46:
 774 00d0 00440040 		.word	1073759232
 775 00d4 00480040 		.word	1073760256
 776 00d8 00380240 		.word	1073887232
 777 00dc 00000240 		.word	1073872896
 778 00e0 00040240 		.word	1073873920
 779              		.cfi_endproc
 780              	.LFE179:
 782              		.section	.text.USART2_IRQHandler,"ax",%progbits
 783              		.align	1
 784              		.global	USART2_IRQHandler
 785              		.syntax unified
 786              		.thumb
 787              		.thumb_func
 789              	USART2_IRQHandler:
 790              	.LFB181:
 208:Core/Src/Drivers/Src/usart.c **** 
 209:Core/Src/Drivers/Src/usart.c **** /**
 210:Core/Src/Drivers/Src/usart.c ****   * @brief This function handles USART2 global interrupt.
 211:Core/Src/Drivers/Src/usart.c ****   */
 212:Core/Src/Drivers/Src/usart.c **** void USART2_IRQHandler(void)
 213:Core/Src/Drivers/Src/usart.c **** {
 791              		.loc 1 213 1 is_stmt 1 view -0
 792              		.cfi_startproc
 793              		@ args = 0, pretend = 0, frame = 0
 794              		@ frame_needed = 0, uses_anonymous_args = 0
 795 0000 08B5     		push	{r3, lr}
 796              	.LCFI14:
 797              		.cfi_def_cfa_offset 8
 798              		.cfi_offset 3, -8
 799              		.cfi_offset 14, -4
 214:Core/Src/Drivers/Src/usart.c ****     HAL_UART_IRQHandler(&huart2);
ARM GAS  C:\Users\Lamp\AppData\Local\Temp\ccdNhMqm.s 			page 22


 800              		.loc 1 214 5 view .LVU232
 801 0002 0248     		ldr	r0, .L50
 802 0004 FFF7FEFF 		bl	HAL_UART_IRQHandler
 803              	.LVL50:
 215:Core/Src/Drivers/Src/usart.c **** }
 804              		.loc 1 215 1 is_stmt 0 view .LVU233
 805 0008 08BD     		pop	{r3, pc}
 806              	.L51:
 807 000a 00BF     		.align	2
 808              	.L50:
 809 000c 00000000 		.word	huart2
 810              		.cfi_endproc
 811              	.LFE181:
 813              		.section	.text.USART3_IRQHandler,"ax",%progbits
 814              		.align	1
 815              		.global	USART3_IRQHandler
 816              		.syntax unified
 817              		.thumb
 818              		.thumb_func
 820              	USART3_IRQHandler:
 821              	.LFB182:
 216:Core/Src/Drivers/Src/usart.c **** 
 217:Core/Src/Drivers/Src/usart.c **** /**
 218:Core/Src/Drivers/Src/usart.c ****   * @brief This function handles USART3 global interrupt.
 219:Core/Src/Drivers/Src/usart.c ****   */
 220:Core/Src/Drivers/Src/usart.c **** void USART3_IRQHandler(void)
 221:Core/Src/Drivers/Src/usart.c **** {
 822              		.loc 1 221 1 is_stmt 1 view -0
 823              		.cfi_startproc
 824              		@ args = 0, pretend = 0, frame = 0
 825              		@ frame_needed = 0, uses_anonymous_args = 0
 826 0000 08B5     		push	{r3, lr}
 827              	.LCFI15:
 828              		.cfi_def_cfa_offset 8
 829              		.cfi_offset 3, -8
 830              		.cfi_offset 14, -4
 222:Core/Src/Drivers/Src/usart.c ****     HAL_UART_IRQHandler(&huart3);
 831              		.loc 1 222 5 view .LVU235
 832 0002 0248     		ldr	r0, .L54
 833 0004 FFF7FEFF 		bl	HAL_UART_IRQHandler
 834              	.LVL51:
 223:Core/Src/Drivers/Src/usart.c **** }
 835              		.loc 1 223 1 is_stmt 0 view .LVU236
 836 0008 08BD     		pop	{r3, pc}
 837              	.L55:
 838 000a 00BF     		.align	2
 839              	.L54:
 840 000c 00000000 		.word	huart3
 841              		.cfi_endproc
 842              	.LFE182:
 844              		.section	.text.SendBuffer,"ax",%progbits
 845              		.align	1
 846              		.global	SendBuffer
 847              		.syntax unified
 848              		.thumb
 849              		.thumb_func
 851              	SendBuffer:
ARM GAS  C:\Users\Lamp\AppData\Local\Temp\ccdNhMqm.s 			page 23


 852              	.LVL52:
 853              	.LFB183:
 224:Core/Src/Drivers/Src/usart.c **** 
 225:Core/Src/Drivers/Src/usart.c **** void SendBuffer(UART_HandleTypeDef *huart, char* buffer) {
 854              		.loc 1 225 58 is_stmt 1 view -0
 855              		.cfi_startproc
 856              		@ args = 0, pretend = 0, frame = 0
 857              		@ frame_needed = 0, uses_anonymous_args = 0
 858              		.loc 1 225 58 is_stmt 0 view .LVU238
 859 0000 38B5     		push	{r3, r4, r5, lr}
 860              	.LCFI16:
 861              		.cfi_def_cfa_offset 16
 862              		.cfi_offset 3, -16
 863              		.cfi_offset 4, -12
 864              		.cfi_offset 5, -8
 865              		.cfi_offset 14, -4
 866 0002 0546     		mov	r5, r0
 867 0004 0C46     		mov	r4, r1
 226:Core/Src/Drivers/Src/usart.c ****     uint64_t length = strlen(buffer);
 868              		.loc 1 226 5 is_stmt 1 view .LVU239
 869              		.loc 1 226 23 is_stmt 0 view .LVU240
 870 0006 0846     		mov	r0, r1
 871              	.LVL53:
 872              		.loc 1 226 23 view .LVU241
 873 0008 FFF7FEFF 		bl	strlen
 874              	.LVL54:
 227:Core/Src/Drivers/Src/usart.c ****     HAL_UART_Transmit_IT(huart, (uint8_t*) buffer, length);
 875              		.loc 1 227 5 is_stmt 1 view .LVU242
 876 000c 82B2     		uxth	r2, r0
 877 000e 2146     		mov	r1, r4
 878 0010 2846     		mov	r0, r5
 879              	.LVL55:
 880              		.loc 1 227 5 is_stmt 0 view .LVU243
 881 0012 FFF7FEFF 		bl	HAL_UART_Transmit_IT
 882              	.LVL56:
 228:Core/Src/Drivers/Src/usart.c **** }
 883              		.loc 1 228 1 view .LVU244
 884 0016 38BD     		pop	{r3, r4, r5, pc}
 885              		.loc 1 228 1 view .LVU245
 886              		.cfi_endproc
 887              	.LFE183:
 889              		.section	.rodata.Driver_USART_Init.str1.4,"aMS",%progbits,1
 890              		.align	2
 891              	.LC0:
 892 0000 4E31204F 		.ascii	"N1 O d0\012\000"
 892      2064300A 
 892      00
 893              		.section	.text.Driver_USART_Init,"ax",%progbits
 894              		.align	1
 895              		.global	Driver_USART_Init
 896              		.syntax unified
 897              		.thumb
 898              		.thumb_func
 900              	Driver_USART_Init:
 901              	.LFB178:
 119:Core/Src/Drivers/Src/usart.c ****     huart2.Instance = USART2;
 902              		.loc 1 119 1 is_stmt 1 view -0
ARM GAS  C:\Users\Lamp\AppData\Local\Temp\ccdNhMqm.s 			page 24


 903              		.cfi_startproc
 904              		@ args = 0, pretend = 0, frame = 0
 905              		@ frame_needed = 0, uses_anonymous_args = 0
 906 0000 38B5     		push	{r3, r4, r5, lr}
 907              	.LCFI17:
 908              		.cfi_def_cfa_offset 16
 909              		.cfi_offset 3, -16
 910              		.cfi_offset 4, -12
 911              		.cfi_offset 5, -8
 912              		.cfi_offset 14, -4
 120:Core/Src/Drivers/Src/usart.c ****     huart3.Instance = USART3;
 913              		.loc 1 120 5 view .LVU247
 120:Core/Src/Drivers/Src/usart.c ****     huart3.Instance = USART3;
 914              		.loc 1 120 21 is_stmt 0 view .LVU248
 915 0002 094C     		ldr	r4, .L60
 916 0004 094B     		ldr	r3, .L60+4
 917 0006 2360     		str	r3, [r4]
 121:Core/Src/Drivers/Src/usart.c ****     UART_Init(&huart2);
 918              		.loc 1 121 5 is_stmt 1 view .LVU249
 121:Core/Src/Drivers/Src/usart.c ****     UART_Init(&huart2);
 919              		.loc 1 121 21 is_stmt 0 view .LVU250
 920 0008 094D     		ldr	r5, .L60+8
 921 000a 03F58063 		add	r3, r3, #1024
 922 000e 2B60     		str	r3, [r5]
 122:Core/Src/Drivers/Src/usart.c ****     UART_Init(&huart3);
 923              		.loc 1 122 5 is_stmt 1 view .LVU251
 924 0010 2046     		mov	r0, r4
 925 0012 FFF7FEFF 		bl	UART_Init
 926              	.LVL57:
 123:Core/Src/Drivers/Src/usart.c **** 
 927              		.loc 1 123 5 view .LVU252
 928 0016 2846     		mov	r0, r5
 929 0018 FFF7FEFF 		bl	UART_Init
 930              	.LVL58:
 125:Core/Src/Drivers/Src/usart.c **** }
 931              		.loc 1 125 5 view .LVU253
 932 001c 0549     		ldr	r1, .L60+12
 933 001e 2046     		mov	r0, r4
 934 0020 FFF7FEFF 		bl	SendBuffer
 935              	.LVL59:
 126:Core/Src/Drivers/Src/usart.c **** 
 936              		.loc 1 126 1 is_stmt 0 view .LVU254
 937 0024 38BD     		pop	{r3, r4, r5, pc}
 938              	.L61:
 939 0026 00BF     		.align	2
 940              	.L60:
 941 0028 00000000 		.word	huart2
 942 002c 00440040 		.word	1073759232
 943 0030 00000000 		.word	huart3
 944 0034 00000000 		.word	.LC0
 945              		.cfi_endproc
 946              	.LFE178:
 948              		.section	.rodata.pwc_evt.0,"a"
 949              		.align	2
 952              	pwc_evt.0:
 953 0000 0300     		.short	3
 954              		.section	.bss.pulse_width_command.1,"aw",%nobits
ARM GAS  C:\Users\Lamp\AppData\Local\Temp\ccdNhMqm.s 			page 25


 955              		.align	2
 958              	pulse_width_command.1:
 959 0000 0000     		.space	2
 960              		.section	.bss.d.2,"aw",%nobits
 961              		.align	1
 964              	d.2:
 965 0000 0000     		.space	2
 966              		.section	.bss.recived_message.3,"aw",%nobits
 967              		.align	2
 970              	recived_message.3:
 971 0000 00000000 		.space	8
 971      00000000 
 972              		.section	.bss.is_data_comming.4,"aw",%nobits
 975              	is_data_comming.4:
 976 0000 00       		.space	1
 977              		.section	.bss.byte_data.5,"aw",%nobits
 980              	byte_data.5:
 981 0000 00       		.space	1
 982              		.section	.rodata.sensor_event.6,"a"
 983              		.align	2
 986              	sensor_event.6:
 987 0000 0400     		.short	4
 988              		.section	.rodata.motor_sended_event.7,"a"
 989              		.align	2
 992              	motor_sended_event.7:
 993 0000 0400     		.short	4
 994              		.section	.rodata.TEN_POWER,"a"
 995              		.align	2
 998              	TEN_POWER:
 999 0000 01000000 		.word	1
 1000 0004 0A000000 		.word	10
 1001 0008 64000000 		.word	100
 1002 000c E8030000 		.word	1000
 1003              		.global	huart3
 1004              		.section	.bss.huart3,"aw",%nobits
 1005              		.align	2
 1008              	huart3:
 1009 0000 00000000 		.space	72
 1009      00000000 
 1009      00000000 
 1009      00000000 
 1009      00000000 
 1010              		.global	huart2
 1011              		.section	.bss.huart2,"aw",%nobits
 1012              		.align	2
 1015              	huart2:
 1016 0000 00000000 		.space	72
 1016      00000000 
 1016      00000000 
 1016      00000000 
 1016      00000000 
 1017              		.text
 1018              	.Letext0:
 1019              		.file 2 "Drivers/CMSIS/Device/ST/STM32F4xx/Include/stm32f407xx.h"
 1020              		.file 3 "C:/ARM GNU Toolchain/arm-none-eabi/include/machine/_default_types.h"
 1021              		.file 4 "C:/ARM GNU Toolchain/arm-none-eabi/include/sys/_stdint.h"
 1022              		.file 5 "C:/ARM GNU Toolchain/lib/gcc/arm-none-eabi/13.3.1/include/stddef.h"
ARM GAS  C:\Users\Lamp\AppData\Local\Temp\ccdNhMqm.s 			page 26


 1023              		.file 6 "Drivers/STM32F4xx_HAL_Driver/Inc/stm32f4xx_hal_def.h"
 1024              		.file 7 "Drivers/STM32F4xx_HAL_Driver/Inc/stm32f4xx_hal_gpio.h"
 1025              		.file 8 "Drivers/STM32F4xx_HAL_Driver/Inc/stm32f4xx_hal_dma.h"
 1026              		.file 9 "Drivers/STM32F4xx_HAL_Driver/Inc/stm32f4xx_hal_uart.h"
 1027              		.file 10 "Core/Src/Middleware/Topic.h"
 1028              		.file 11 "ThirdParty/FreeRTOS/portable/GCC/ARM_CM4F/portmacro.h"
 1029              		.file 12 "ThirdParty/FreeRTOS/include/FreeRTOS.h"
 1030              		.file 13 "ThirdParty/FreeRTOS/include/task.h"
 1031              		.file 14 "ThirdParty/FreeRTOS/include/queue.h"
 1032              		.file 15 "Core/Src/Middleware/Active_Object.h"
 1033              		.file 16 "Core/Src/Application/Inc/Motor.h"
 1034              		.file 17 "C:/ARM GNU Toolchain/arm-none-eabi/include/string.h"
 1035              		.file 18 "Drivers/STM32F4xx_HAL_Driver/Inc/stm32f4xx_hal_cortex.h"
 1036              		.file 19 "Core/Src/Application/Inc/Computer.h"
ARM GAS  C:\Users\Lamp\AppData\Local\Temp\ccdNhMqm.s 			page 27


DEFINED SYMBOLS
                            *ABS*:00000000 usart.c
C:\Users\Lamp\AppData\Local\Temp\ccdNhMqm.s:21     .text.ExtractMessage:00000000 $t
C:\Users\Lamp\AppData\Local\Temp\ccdNhMqm.s:26     .text.ExtractMessage:00000000 ExtractMessage
C:\Users\Lamp\AppData\Local\Temp\ccdNhMqm.s:120    .text.ExtractMessage:00000044 $d
C:\Users\Lamp\AppData\Local\Temp\ccdNhMqm.s:998    .rodata.TEN_POWER:00000000 TEN_POWER
C:\Users\Lamp\AppData\Local\Temp\ccdNhMqm.s:125    .text.UART_Init:00000000 $t
C:\Users\Lamp\AppData\Local\Temp\ccdNhMqm.s:130    .text.UART_Init:00000000 UART_Init
C:\Users\Lamp\AppData\Local\Temp\ccdNhMqm.s:224    .text.UART_Init:0000004c $d
C:\Users\Lamp\AppData\Local\Temp\ccdNhMqm.s:230    .text.HAL_UART_TxCpltCallback:00000000 $t
C:\Users\Lamp\AppData\Local\Temp\ccdNhMqm.s:236    .text.HAL_UART_TxCpltCallback:00000000 HAL_UART_TxCpltCallback
C:\Users\Lamp\AppData\Local\Temp\ccdNhMqm.s:338    .text.HAL_UART_TxCpltCallback:00000054 $d
C:\Users\Lamp\AppData\Local\Temp\ccdNhMqm.s:992    .rodata.motor_sended_event.7:00000000 motor_sended_event.7
C:\Users\Lamp\AppData\Local\Temp\ccdNhMqm.s:986    .rodata.sensor_event.6:00000000 sensor_event.6
C:\Users\Lamp\AppData\Local\Temp\ccdNhMqm.s:349    .text.HAL_UART_RxCpltCallback:00000000 $t
C:\Users\Lamp\AppData\Local\Temp\ccdNhMqm.s:355    .text.HAL_UART_RxCpltCallback:00000000 HAL_UART_RxCpltCallback
C:\Users\Lamp\AppData\Local\Temp\ccdNhMqm.s:560    .text.HAL_UART_RxCpltCallback:000000c0 $d
C:\Users\Lamp\AppData\Local\Temp\ccdNhMqm.s:980    .bss.byte_data.5:00000000 byte_data.5
C:\Users\Lamp\AppData\Local\Temp\ccdNhMqm.s:975    .bss.is_data_comming.4:00000000 is_data_comming.4
C:\Users\Lamp\AppData\Local\Temp\ccdNhMqm.s:970    .bss.recived_message.3:00000000 recived_message.3
C:\Users\Lamp\AppData\Local\Temp\ccdNhMqm.s:964    .bss.d.2:00000000 d.2
C:\Users\Lamp\AppData\Local\Temp\ccdNhMqm.s:958    .bss.pulse_width_command.1:00000000 pulse_width_command.1
C:\Users\Lamp\AppData\Local\Temp\ccdNhMqm.s:952    .rodata.pwc_evt.0:00000000 pwc_evt.0
C:\Users\Lamp\AppData\Local\Temp\ccdNhMqm.s:575    .text.HAL_UART_MspInit:00000000 $t
C:\Users\Lamp\AppData\Local\Temp\ccdNhMqm.s:581    .text.HAL_UART_MspInit:00000000 HAL_UART_MspInit
C:\Users\Lamp\AppData\Local\Temp\ccdNhMqm.s:774    .text.HAL_UART_MspInit:000000d0 $d
C:\Users\Lamp\AppData\Local\Temp\ccdNhMqm.s:783    .text.USART2_IRQHandler:00000000 $t
C:\Users\Lamp\AppData\Local\Temp\ccdNhMqm.s:789    .text.USART2_IRQHandler:00000000 USART2_IRQHandler
C:\Users\Lamp\AppData\Local\Temp\ccdNhMqm.s:809    .text.USART2_IRQHandler:0000000c $d
C:\Users\Lamp\AppData\Local\Temp\ccdNhMqm.s:1015   .bss.huart2:00000000 huart2
C:\Users\Lamp\AppData\Local\Temp\ccdNhMqm.s:814    .text.USART3_IRQHandler:00000000 $t
C:\Users\Lamp\AppData\Local\Temp\ccdNhMqm.s:820    .text.USART3_IRQHandler:00000000 USART3_IRQHandler
C:\Users\Lamp\AppData\Local\Temp\ccdNhMqm.s:840    .text.USART3_IRQHandler:0000000c $d
C:\Users\Lamp\AppData\Local\Temp\ccdNhMqm.s:1008   .bss.huart3:00000000 huart3
C:\Users\Lamp\AppData\Local\Temp\ccdNhMqm.s:845    .text.SendBuffer:00000000 $t
C:\Users\Lamp\AppData\Local\Temp\ccdNhMqm.s:851    .text.SendBuffer:00000000 SendBuffer
C:\Users\Lamp\AppData\Local\Temp\ccdNhMqm.s:890    .rodata.Driver_USART_Init.str1.4:00000000 $d
C:\Users\Lamp\AppData\Local\Temp\ccdNhMqm.s:894    .text.Driver_USART_Init:00000000 $t
C:\Users\Lamp\AppData\Local\Temp\ccdNhMqm.s:900    .text.Driver_USART_Init:00000000 Driver_USART_Init
C:\Users\Lamp\AppData\Local\Temp\ccdNhMqm.s:941    .text.Driver_USART_Init:00000028 $d
C:\Users\Lamp\AppData\Local\Temp\ccdNhMqm.s:949    .rodata.pwc_evt.0:00000000 $d
C:\Users\Lamp\AppData\Local\Temp\ccdNhMqm.s:955    .bss.pulse_width_command.1:00000000 $d
C:\Users\Lamp\AppData\Local\Temp\ccdNhMqm.s:961    .bss.d.2:00000000 $d
C:\Users\Lamp\AppData\Local\Temp\ccdNhMqm.s:967    .bss.recived_message.3:00000000 $d
C:\Users\Lamp\AppData\Local\Temp\ccdNhMqm.s:976    .bss.is_data_comming.4:00000000 $d
C:\Users\Lamp\AppData\Local\Temp\ccdNhMqm.s:981    .bss.byte_data.5:00000000 $d
C:\Users\Lamp\AppData\Local\Temp\ccdNhMqm.s:983    .rodata.sensor_event.6:00000000 $d
C:\Users\Lamp\AppData\Local\Temp\ccdNhMqm.s:989    .rodata.motor_sended_event.7:00000000 $d
C:\Users\Lamp\AppData\Local\Temp\ccdNhMqm.s:995    .rodata.TEN_POWER:00000000 $d
C:\Users\Lamp\AppData\Local\Temp\ccdNhMqm.s:1005   .bss.huart3:00000000 $d
C:\Users\Lamp\AppData\Local\Temp\ccdNhMqm.s:1012   .bss.huart2:00000000 $d

UNDEFINED SYMBOLS
HAL_UART_Init
AO_Motor
AO_Computer
HAL_UART_Receive_IT
ARM GAS  C:\Users\Lamp\AppData\Local\Temp\ccdNhMqm.s 			page 28


xQueueGenericSendFromISR
rx_byte_data
motor
HAL_GPIO_Init
HAL_NVIC_SetPriority
HAL_NVIC_EnableIRQ
HAL_UART_IRQHandler
strlen
HAL_UART_Transmit_IT
